Start auto log messages stack - Iteration 3.
Action.c(195): web_add_cookie was successful  	[MsgId: MMSG-26392]
Action.c(197): web_add_cookie started  	[MsgId: MMSG-26355]
Action.c(197): web_add_cookie was successful  	[MsgId: MMSG-26392]
Action.c(199): web_add_cookie started  	[MsgId: MMSG-26355]
Action.c(199): web_add_cookie was successful  	[MsgId: MMSG-26392]
Action.c(201): web_add_cookie started  	[MsgId: MMSG-26355]
Action.c(201): web_add_cookie was successful  	[MsgId: MMSG-26392]
Action.c(203): web_add_cookie started  	[MsgId: MMSG-26355]
Action.c(203): web_add_cookie was successful  	[MsgId: MMSG-26392]
Action.c(205): web_url("config.json") started  	[MsgId: MMSG-26355]
Action.c(205): Error -27760: Request "https://edge-consumer-static.azureedge.net/mouse-gesture/config.json" failed  	[MsgId: MERR-27760]
End auto log messages stack.

Start auto log messages stack - Iteration 13.
Action.c(109): web_custom_request("rewardsUserInfo") was successful, 156 body bytes, 630 header bytes  	[MsgId: MMSG-26386]
Action.c(121): web_url("-4276412816532324841%7C-2257558592581803439") started  	[MsgId: MMSG-26355]
Action.c(121): Downloading resource "https://ka-f.fontawesome.com/releases/v6.6.0/webfonts/free-fa-brands-400.woff2" (specified by argument number 9)  	[MsgId: MMSG-26576]
Action.c(121): web_url("-4276412816532324841%7C-2257558592581803439") was successful, 118340 body bytes, 1592 header bytes  	[MsgId: MMSG-26386]
Action.c(132): web_url("selection") started  	[MsgId: MMSG-26355]
Action.c(132): ssl_handle_status encounter error : SSL_ERROR_SYSCALL, error id : 0  	[MsgId: MMSG-26000]
Action.c(132): Error -27776: [GENERAL_MSG_CAT_SSL_ERROR]connect to host "arc.msn.com" failed: [10054] Connection reset by peer
This is probably because the SSL protocol version is not supported. Try switching the TLS/SSL version using "web_set_sockets_option" API.  	[MsgId: MERR-27776]
End auto log messages stack.

