Start auto log messages stack - Iteration 2.
Action.c(216): web_url("-341398893248106636%7C-2257558592581803439%7C1720537294320060623") was successful, 624288 body bytes, 3428 header bytes  	[MsgId: MMSG-26386]
Action.c(229): web_url("-6030100249971701251%7C-7627269350225664860") started  	[MsgId: MMSG-26355]
Action.c(229): web_url("-6030100249971701251%7C-7627269350225664860") was successful, 20 body bytes, 284 header bytes  	[MsgId: MMSG-26386]
Action.c(238): web_custom_request("update") started  	[MsgId: MMSG-26355]
Action.c(238): web_custom_request("update") was successful, 1639 body bytes, 927 header bytes  	[MsgId: MMSG-26386]
Action.c(279): web_custom_request("cloud_config_observers.json") started  	[MsgId: MMSG-26355]
Action.c(279): Error -27760: Request "https://static.edge.microsoftapp.net/default/cloud_config_observers.json" failed  	[MsgId: MERR-27760]
End auto log messages stack.

Start auto log messages stack - Iteration 4.
Action.c(201): web_add_cookie started  	[MsgId: MMSG-26355]
Action.c(201): web_add_cookie was successful  	[MsgId: MMSG-26392]
Action.c(203): web_add_cookie started  	[MsgId: MMSG-26355]
Action.c(203): web_add_cookie was successful  	[MsgId: MMSG-26392]
Action.c(205): web_url("config.json") started  	[MsgId: MMSG-26355]
Action.c(205): Downloading resource "https://c.bing.com/c.gif?Red3=EdgPID_pd&pid=61d5220b-5ac4-4053-902c-e2920d81faad" (specified by argument number 9)  	[MsgId: MMSG-26576]
Action.c(205): web_url("config.json") was successful, 143 body bytes, 1192 header bytes  	[MsgId: MMSG-26386]
Action.c(216): web_url("-341398893248106636%7C-2257558592581803439%7C1720537294320060623") started  	[MsgId: MMSG-26355]
Action.c(216): Error -27760: Request "https://edge.microsoft.com/autofillservice/core/page/3693946771987704403/-341398893248106636%7C-2257558592581803439%7C1720537294320060623" failed  	[MsgId: MERR-27760]
End auto log messages stack.

