Start auto log messages stack - Iteration 35.
Starting action Action.
Action.c(4): web_url("css") started  	[MsgId: MMSG-26355]
Action.c(4): web_url("css") was successful, 1819 body bytes, 670 header bytes, 17 chunking overhead bytes  	[MsgId: MMSG-26385]
Action.c(12): web_set_sockets_option started  	[MsgId: MMSG-26355]
Action.c(12): web_set_sockets_option was successful  	[MsgId: MMSG-26392]
Action.c(14): web_url("v3") started  	[MsgId: MMSG-26355]
Action.c(14): web_url("v3") was successful, 132 body bytes, 504 header bytes  	[MsgId: MMSG-26386]
Action.c(23): web_url("ExpandedDomainsFilterGlobal.json") started  	[MsgId: MMSG-26355]
Action.c(23): Error -27760: Request "https://www.bing.com/bloomfilterfiles/ExpandedDomainsFilterGlobal.json" failed  	[MsgId: MERR-27760]
End auto log messages stack.
Start auto log messages stack - Iteration 39.


Starting action Action.
Action.c(4): web_url("css") started  	[MsgId: MMSG-26355]
Action.c(4): web_url("css") was successful, 1819 body bytes, 670 header bytes, 17 chunking overhead bytes  	[MsgId: MMSG-26385]
Action.c(12): web_set_sockets_option started  	[MsgId: MMSG-26355]
Action.c(12): web_set_sockets_option was successful  	[MsgId: MMSG-26392]
Action.c(14): web_url("v3") started  	[MsgId: MMSG-26355]
Action.c(14): web_url("v3") was successful, 132 body bytes, 504 header bytes  	[MsgId: MMSG-26386]
Action.c(23): web_url("ExpandedDomainsFilterGlobal.json") started  	[MsgId: MMSG-26355]
Action.c(23): Error -27760: Request "https://www.bing.com/bloomfilterfiles/ExpandedDomainsFilterGlobal.json" failed  	[MsgId: MERR-27760]
End auto log messages stack.


Start auto log messages stack - Iteration 37.
Action.c(216): web_url("-341398893248106636%7C-2257558592581803439%7C1720537294320060623") was successful, 624288 body bytes, 3415 header bytes  	[MsgId: MMSG-26386]
Action.c(229): web_url("-6030100249971701251%7C-7627269350225664860") started  	[MsgId: MMSG-26355]
Action.c(229): web_url("-6030100249971701251%7C-7627269350225664860") was successful, 20 body bytes, 284 header bytes  	[MsgId: MMSG-26386]
Action.c(238): web_custom_request("update") started  	[MsgId: MMSG-26355]
Action.c(238): web_custom_request("update") was successful, 1338 body bytes, 927 header bytes  	[MsgId: MMSG-26386]
Action.c(279): web_custom_request("cloud_config_observers.json") started  	[MsgId: MMSG-26355]
Action.c(279): Error -27792: Failed to connect to server "static.edge.microsoftapp.net:443": [10060] Connection timed out  	[MsgId: MERR-27792]
End auto log messages stack.


Start auto log messages stack - Iteration 46.
Action.c(216): web_url("-341398893248106636%7C-2257558592581803439%7C1720537294320060623") was successful, 624288 body bytes, 3409 header bytes  	[MsgId: MMSG-26386]
Action.c(229): web_url("-6030100249971701251%7C-7627269350225664860") started  	[MsgId: MMSG-26355]
Action.c(229): web_url("-6030100249971701251%7C-7627269350225664860") was successful, 20 body bytes, 284 header bytes  	[MsgId: MMSG-26386]
Action.c(238): web_custom_request("update") started  	[MsgId: MMSG-26355]
Action.c(238): web_custom_request("update") was successful, 1340 body bytes, 931 header bytes  	[MsgId: MMSG-26386]
Action.c(279): web_custom_request("cloud_config_observers.json") started  	[MsgId: MMSG-26355]
Action.c(279): Error -27792: Failed to connect to server "static.edge.microsoftapp.net:443": [10060] Connection timed out  	[MsgId: MERR-27792]
End auto log messages stack.


Start auto log messages stack - Iteration 66.
Action.c(216): web_url("-341398893248106636%7C-2257558592581803439%7C1720537294320060623") was successful, 624288 body bytes, 3414 header bytes  	[MsgId: MMSG-26386]
Action.c(229): web_url("-6030100249971701251%7C-7627269350225664860") started  	[MsgId: MMSG-26355]
Action.c(229): web_url("-6030100249971701251%7C-7627269350225664860") was successful, 20 body bytes, 284 header bytes  	[MsgId: MMSG-26386]
Action.c(238): web_custom_request("update") started  	[MsgId: MMSG-26355]
Action.c(238): web_custom_request("update") was successful, 1333 body bytes, 931 header bytes  	[MsgId: MMSG-26386]
Action.c(279): web_custom_request("cloud_config_observers.json") started  	[MsgId: MMSG-26355]
Action.c(279): Error -27792: Failed to connect to server "static.edge.microsoftapp.net:443": [10060] Connection timed out  	[MsgId: MERR-27792]
End auto log messages stack.


