Start auto log messages stack - Iteration 1.
Action.c(195): web_add_cookie was successful  	[MsgId: MMSG-26392]
Action.c(197): web_add_cookie started  	[MsgId: MMSG-26355]
Action.c(197): web_add_cookie was successful  	[MsgId: MMSG-26392]
Action.c(199): web_add_cookie started  	[MsgId: MMSG-26355]
Action.c(199): web_add_cookie was successful  	[MsgId: MMSG-26392]
Action.c(201): web_add_cookie started  	[MsgId: MMSG-26355]
Action.c(201): web_add_cookie was successful  	[MsgId: MMSG-26392]
Action.c(203): web_add_cookie started  	[MsgId: MMSG-26355]
Action.c(203): web_add_cookie was successful  	[MsgId: MMSG-26392]
Action.c(205): web_url("config.json") started  	[MsgId: MMSG-26355]
Action.c(205): Error -27760: Request "https://edge-consumer-static.azureedge.net/mouse-gesture/config.json" failed  	[MsgId: MERR-27760]
End auto log messages stack.


Start auto log messages stack - Iteration 4.
Action.c(216): Downloading resource "https://file.hstatic.net/200000020602/file/top-nhung-loai-hoa-dep-nhat__6__aba5ffa9c7324c1da0440565d915bb1d_grande.png" (specified by argument number 15)  	[MsgId: MMSG-26576]
Action.c(216): web_url("-341398893248106636%7C-2257558592581803439%7C1720537294320060623") was successful, 624288 body bytes, 3420 header bytes  	[MsgId: MMSG-26386]
Action.c(229): web_url("-6030100249971701251%7C-7627269350225664860") started  	[MsgId: MMSG-26355]
Action.c(229): web_url("-6030100249971701251%7C-7627269350225664860") was successful, 20 body bytes, 284 header bytes  	[MsgId: MMSG-26386]
Action.c(238): web_custom_request("update") started  	[MsgId: MMSG-26355]
Action.c(238): Error -26609: HTTP Status-Code=502 (Bad Gateway) for "https://edge.microsoft.com/componentupdater/api/v1/update?cup2key=7:s84jWFQEE9fPWZ1DwDIZvFDVQnml7dSKnMw_49UuVOU&cup2hreq=8848d591e2f2131cd94d88ea29ea914b156b027a0b8c0a661bcb6cec4a37b08d"  	[MsgId: MERR-26609]
End auto log messages stack.


Start auto log messages stack - Iteration 5.
Starting action Action.
Action.c(4): web_url("css") started  	[MsgId: MMSG-26355]
Action.c(4): web_url("css") was successful, 1819 body bytes, 670 header bytes, 17 chunking overhead bytes  	[MsgId: MMSG-26385]
Action.c(12): web_set_sockets_option started  	[MsgId: MMSG-26355]
Action.c(12): web_set_sockets_option was successful  	[MsgId: MMSG-26392]
Action.c(14): web_url("v3") started  	[MsgId: MMSG-26355]
Action.c(14): ssl_handle_status encounter error : SSL_ERROR_SYSCALL, error id : 0  	[MsgId: MMSG-26000]
Action.c(14): Error -27776: [GENERAL_MSG_CAT_SSL_ERROR]connect to host "edge.microsoft.com" failed: [10054] Connection reset by peer
This is probably because the SSL protocol version is not supported. Try switching the TLS/SSL version using "web_set_sockets_option" API.  	[MsgId: MERR-27776]
End auto log messages stack.


Start auto log messages stack - Iteration 5.
Start auto log messages stack - Iteration 6.
Action.c(229): web_url("-6030100249971701251%7C-7627269350225664860") was successful, 20 body bytes, 284 header bytes  	[MsgId: MMSG-26386]
Action.c(238): web_custom_request("update") started  	[MsgId: MMSG-26355]
Action.c(238): web_custom_request("update") was successful, 1638 body bytes, 931 header bytes  	[MsgId: MMSG-26386]
Action.c(279): web_custom_request("cloud_config_observers.json") started  	[MsgId: MMSG-26355]
Action.c(279): Downloading resource "https://cdnjs.cloudflare.com/ajax/libs/font-awesome/5.15.3/css/all.min.css" (specified by argument number 10)  	[MsgId: MMSG-26576]
Action.c(279): Downloading resource "https://code.jquery.com/jquery-3.5.1.min.js" (specified by argument number 13)  	[MsgId: MMSG-26576]
Start auto log messages stack - Iteration 6.
Start auto log messages stack - Iteration 5.
Action.c(279): Error -27720: Step download timeout (120 seconds) has expired when downloading resource "https://code.jquery.com/jquery-3.5.1.min.js". Set the "Step Timeout caused by resources is a warning" Runtime Setting to Yes/No to have this message as a warning/error, respectively  	[MsgId: MERR-27720]
Action.c(279): web_custom_request("cloud_config_observers.json") was successful, 43546 body bytes, 2150 header bytes  	[MsgId: MMSG-26386]
Action.c(293): web_url("-6030100249971701251") started  	[MsgId: MMSG-26355]
End auto log messages stack.
Action.c(293): web_url("-6030100249971701251") was successful, 20 body bytes, 284 header bytes  	[MsgId: MMSG-26386]


Action.c(302): web_custom_request("update_2") started  	[MsgId: MMSG-26355]
Action.c(302): web_custom_request("update_2") was successful, 178 body bytes, 486 header bytes  	[MsgId: MMSG-26386]
Start auto log messages stack - Iteration 6.
Action.c(317): web_url("3517029987587817622") started  	[MsgId: MMSG-26355]
Action.c(317): Downloading resource "https://kit.fontawesome.com/f5cbf3afb2.js" (specified by argument number 9)  	[MsgId: MMSG-26576]
Action.c(317): Error -27720: Step download timeout (120 seconds) has expired when downloading resource "https://kit.fontawesome.com/f5cbf3afb2.js". Set the "Step Timeout caused by resources is a warning" Runtime Setting to Yes/No to have this message as a warning/error, respectively  	[MsgId: MERR-27720]
Start auto log messages stack - Iteration 5.
End auto log messages stack.


Action.c(34): web_add_cookie started  	[MsgId: MMSG-26355]
Action.c(34): web_add_cookie was successful  	[MsgId: MMSG-26392]
Action.c(36): web_add_cookie started  	[MsgId: MMSG-26355]
Action.c(36): web_add_cookie was successful  	[MsgId: MMSG-26392]
Action.c(39): web_url("ExpandedDomainsFilterGlobal.json_2") started  	[MsgId: MMSG-26355]
Action.c(39): Resource "https://www.bing.com/bloomfilterfiles/ExpandedDomainsFilterGlobal.json" is in the cache already and will not be downloaded again  	[MsgId: MMSG-26655]
Action.c(52): web_url("crx") started  	[MsgId: MMSG-26355]
Action.c(52): Downloading resource "https://cdn.jsdelivr.net/npm/sweetalert2@11" (specified by argument number 9)  	[MsgId: MMSG-26576]
Action.c(52): Error -27644: Step download timeout (120 seconds) has expired when only cross-step downloads (0) were active  	[MsgId: MERR-27644]
End auto log messages stack.


Action.c(75): Downloading resource "https://ka-f.fontawesome.com/releases/v6.6.0/css/free-v5-font-face.min.css?token=f5cbf3afb2" (specified by argument number 12)  	[MsgId: MMSG-26576]
Action.c(75): Downloading resource "https://ka-f.fontawesome.com/releases/v6.6.0/css/free-v4-font-face.min.css?token=f5cbf3afb2" (specified by argument number 15)  	[MsgId: MMSG-26576]
Action.c(75): Downloading resource "https://cdn.jsdelivr.net/npm/bootstrap-icons@1.7.2/font/fonts/bootstrap-icons.woff2?30af91bf14e37666a085fb8a161ff36d" (specified by argument number 18)  	[MsgId: MMSG-26576]
Action.c(109): web_custom_request("rewardsUserInfo") started  	[MsgId: MMSG-26355]
Action.c(109): web_custom_request("rewardsUserInfo") was successful, 156 body bytes, 630 header bytes  	[MsgId: MMSG-26386]
Action.c(121): web_url("-4276412816532324841%7C-2257558592581803439") started  	[MsgId: MMSG-26355]
Action.c(121): Downloading resource "https://ka-f.fontawesome.com/releases/v6.6.0/webfonts/free-fa-brands-400.woff2" (specified by argument number 9)  	[MsgId: MMSG-26576]
Action.c(121): web_url("-4276412816532324841%7C-2257558592581803439") was successful, 118340 body bytes, 1598 header bytes  	[MsgId: MMSG-26386]
Action.c(34): web_add_cookie started  	[MsgId: MMSG-26355]
Action.c(34): web_add_cookie was successful  	[MsgId: MMSG-26392]
Action.c(36): web_add_cookie started  	[MsgId: MMSG-26355]
Action.c(36): web_add_cookie was successful  	[MsgId: MMSG-26392]
Action.c(39): web_url("ExpandedDomainsFilterGlobal.json_2") started  	[MsgId: MMSG-26355]
Action.c(39): Resource "https://www.bing.com/bloomfilterfiles/ExpandedDomainsFilterGlobal.json" is in the cache already and will not be downloaded again  	[MsgId: MMSG-26655]
Action.c(52): web_url("crx") started  	[MsgId: MMSG-26355]
Action.c(75): web_url("-341398893248106636%7C-2257558592581803439") was successful, 115349 body bytes, 4849 header bytes  	[MsgId: MMSG-26386]
Action.c(89): web_url("shoppingsettings") started  	[MsgId: MMSG-26355]
Action.c(89): Error -27644: Step download timeout (120 seconds) has expired when only cross-step downloads (0) were active  	[MsgId: MERR-27644]
End auto log messages stack.


Action.c(132): web_url("selection") started  	[MsgId: MMSG-26355]
Action.c(132): Error -27644: Step download timeout (120 seconds) has expired when only cross-step downloads (0) were active  	[MsgId: MERR-27644]
End auto log messages stack.


Start auto log messages stack - Iteration 6.
Action.c(205): web_url("config.json") was successful, 143 body bytes, 1192 header bytes  	[MsgId: MMSG-26386]
Action.c(216): web_url("-341398893248106636%7C-2257558592581803439%7C1720537294320060623") started  	[MsgId: MMSG-26355]
Action.c(216): Downloading resource "https://ka-f.fontawesome.com/releases/v6.6.0/webfonts/free-fa-solid-900.woff2" (specified by argument number 9)  	[MsgId: MMSG-26576]
Action.c(216): Downloading resource "https://ka-f.fontawesome.com/releases/v6.6.0/webfonts/free-fa-regular-400.woff2" (specified by argument number 12)  	[MsgId: MMSG-26576]
Action.c(216): Downloading resource "https://file.hstatic.net/200000020602/file/top-nhung-loai-hoa-dep-nhat__6__aba5ffa9c7324c1da0440565d915bb1d_grande.png" (specified by argument number 15)  	[MsgId: MMSG-26576]
Start auto log messages stack - Iteration 6.
Action.c(216): Error -27644: Step download timeout (120 seconds) has expired when only cross-step downloads (0) were active  	[MsgId: MERR-27644]
End auto log messages stack.


Start auto log messages stack - Iteration 6.
Start auto log messages stack - Iteration 5.
Action.c(52): Downloading resource "https://cdn.jsdelivr.net/npm/sweetalert2@11" (specified by argument number 9)  	[MsgId: MMSG-26576]
Action.c(52): Error -27644: Step download timeout (120 seconds) has expired when only cross-step downloads (0) were active  	[MsgId: MERR-27644]
Action.c(34): web_add_cookie started  	[MsgId: MMSG-26355]
Action.c(34): web_add_cookie was successful  	[MsgId: MMSG-26392]
Action.c(36): web_add_cookie started  	[MsgId: MMSG-26355]
End auto log messages stack.


Action.c(34): web_add_cookie started  	[MsgId: MMSG-26355]
Action.c(34): web_add_cookie was successful  	[MsgId: MMSG-26392]
Action.c(36): web_add_cookie started  	[MsgId: MMSG-26355]
Action.c(36): web_add_cookie was successful  	[MsgId: MMSG-26392]
Action.c(39): web_url("ExpandedDomainsFilterGlobal.json_2") started  	[MsgId: MMSG-26355]
Action.c(39): Resource "https://www.bing.com/bloomfilterfiles/ExpandedDomainsFilterGlobal.json" is in the cache already and will not be downloaded again  	[MsgId: MMSG-26655]
Action.c(52): web_url("crx") started  	[MsgId: MMSG-26355]
Action.c(36): web_add_cookie was successful  	[MsgId: MMSG-26392]
Action.c(39): web_url("ExpandedDomainsFilterGlobal.json_2") started  	[MsgId: MMSG-26355]
Action.c(39): Resource "https://www.bing.com/bloomfilterfiles/ExpandedDomainsFilterGlobal.json" is in the cache already and will not be downloaded again  	[MsgId: MMSG-26655]
Action.c(52): web_url("crx") started  	[MsgId: MMSG-26355]
Action.c(216): web_url("-341398893248106636%7C-2257558592581803439%7C1720537294320060623") was successful, 624288 body bytes, 3421 header bytes  	[MsgId: MMSG-26386]
Action.c(229): web_url("-6030100249971701251%7C-7627269350225664860") started  	[MsgId: MMSG-26355]
Action.c(229): web_url("-6030100249971701251%7C-7627269350225664860") was successful, 20 body bytes, 284 header bytes  	[MsgId: MMSG-26386]
Action.c(238): web_custom_request("update") started  	[MsgId: MMSG-26355]
Action.c(238): web_custom_request("update") was successful, 1637 body bytes, 931 header bytes  	[MsgId: MMSG-26386]
Action.c(52): Downloading resource "https://cdn.jsdelivr.net/npm/sweetalert2@11" (specified by argument number 9)  	[MsgId: MMSG-26576]
Action.c(52): Error -27644: Step download timeout (120 seconds) has expired when only cross-step downloads (0) were active  	[MsgId: MERR-27644]
Action.c(52): Downloading resource "https://cdn.jsdelivr.net/npm/sweetalert2@11" (specified by argument number 9)  	[MsgId: MMSG-26576]
Action.c(52): Error -27720: Step download timeout (120 seconds) has expired when downloading resource "https://cdn.jsdelivr.net/npm/sweetalert2@11". Set the "Step Timeout caused by resources is a warning" Runtime Setting to Yes/No to have this message as a warning/error, respectively  	[MsgId: MERR-27720]
End auto log messages stack.


End auto log messages stack.


Action.c(279): web_custom_request("cloud_config_observers.json") started  	[MsgId: MMSG-26355]
Action.c(279): Error -27721: Step download timeout (120 seconds) has expired when downloading resource "https://static.edge.microsoftapp.net/default/cloud_config_observers.json"  	[MsgId: MERR-27721]
End auto log messages stack.


Start auto log messages stack - Iteration 8.
Action.c(238): web_custom_request("update") was successful, 1642 body bytes, 931 header bytes  	[MsgId: MMSG-26386]
Action.c(279): web_custom_request("cloud_config_observers.json") started  	[MsgId: MMSG-26355]
Action.c(279): Downloading resource "https://cdnjs.cloudflare.com/ajax/libs/font-awesome/5.15.3/css/all.min.css" (specified by argument number 10)  	[MsgId: MMSG-26576]
Action.c(279): Downloading resource "https://code.jquery.com/jquery-3.5.1.min.js" (specified by argument number 13)  	[MsgId: MMSG-26576]
Action.c(279): web_custom_request("cloud_config_observers.json") was successful, 43546 body bytes, 2146 header bytes  	[MsgId: MMSG-26386]
Action.c(293): web_url("-6030100249971701251") started  	[MsgId: MMSG-26355]
Action.c(293): Error -27760: Request "https://edge.microsoft.com/autofillservice/core/page/3693946771987704403/-6030100249971701251" failed  	[MsgId: MERR-27760]
End auto log messages stack.


Start auto log messages stack - Iteration 9.
Action.c(195): web_add_cookie was successful  	[MsgId: MMSG-26392]
Action.c(197): web_add_cookie started  	[MsgId: MMSG-26355]
Action.c(197): web_add_cookie was successful  	[MsgId: MMSG-26392]
Action.c(199): web_add_cookie started  	[MsgId: MMSG-26355]
Action.c(199): web_add_cookie was successful  	[MsgId: MMSG-26392]
Action.c(201): web_add_cookie started  	[MsgId: MMSG-26355]
Action.c(201): web_add_cookie was successful  	[MsgId: MMSG-26392]
Action.c(203): web_add_cookie started  	[MsgId: MMSG-26355]
Action.c(203): web_add_cookie was successful  	[MsgId: MMSG-26392]
Action.c(205): web_url("config.json") started  	[MsgId: MMSG-26355]
Action.c(205): Error -27760: Request "https://edge-consumer-static.azureedge.net/mouse-gesture/config.json" failed  	[MsgId: MERR-27760]
End auto log messages stack.


Start auto log messages stack - Iteration 9.
Action.c(205): web_url("config.json") was successful, 143 body bytes, 1153 header bytes  	[MsgId: MMSG-26386]
Action.c(216): web_url("-341398893248106636%7C-2257558592581803439%7C1720537294320060623") started  	[MsgId: MMSG-26355]
Action.c(216): Downloading resource "https://ka-f.fontawesome.com/releases/v6.6.0/webfonts/free-fa-solid-900.woff2" (specified by argument number 9)  	[MsgId: MMSG-26576]
Action.c(216): Downloading resource "https://ka-f.fontawesome.com/releases/v6.6.0/webfonts/free-fa-regular-400.woff2" (specified by argument number 12)  	[MsgId: MMSG-26576]
Action.c(216): Downloading resource "https://file.hstatic.net/200000020602/file/top-nhung-loai-hoa-dep-nhat__6__aba5ffa9c7324c1da0440565d915bb1d_grande.png" (specified by argument number 15)  	[MsgId: MMSG-26576]
Action.c(216): Error -27644: Step download timeout (120 seconds) has expired when only cross-step downloads (0) were active  	[MsgId: MERR-27644]
End auto log messages stack.


Start auto log messages stack - Iteration 8.
Action.c(216): Downloading resource "https://ka-f.fontawesome.com/releases/v6.6.0/webfonts/free-fa-regular-400.woff2" (specified by argument number 12)  	[MsgId: MMSG-26576]
Action.c(216): Downloading resource "https://file.hstatic.net/200000020602/file/top-nhung-loai-hoa-dep-nhat__6__aba5ffa9c7324c1da0440565d915bb1d_grande.png" (specified by argument number 15)  	[MsgId: MMSG-26576]
Action.c(216): Warning -27760: Request "https://ka-f.fontawesome.com/releases/v6.6.0/webfonts/free-fa-solid-900.woff2" failed  	[MsgId: MWAR-27760]
Action.c(216): Warning -27760: Request "https://ka-f.fontawesome.com/releases/v6.6.0/webfonts/free-fa-regular-400.woff2" failed  	[MsgId: MWAR-27760]
Action.c(216): Error -27644: Step download timeout (120 seconds) has expired when only cross-step downloads (0) were active  	[MsgId: MERR-27644]
End auto log messages stack.


Start auto log messages stack - Iteration 8.
Action.c(52): Downloading resource "https://cdn.jsdelivr.net/npm/sweetalert2@11" (specified by argument number 9)  	[MsgId: MMSG-26576]
Action.c(52): web_url("crx") was successful, 19663 body bytes, 1083 header bytes  	[MsgId: MMSG-26386]
Action.c(63): web_url("blocklist") started  	[MsgId: MMSG-26355]
Action.c(63): Downloading resource "http://fonts.gstatic.com/s/opensans/v40/memvYaGs126MiZpBA-UvWbX2vVnXBbObj2OVTSCmu1aB.woff2" (specified by argument number 9)  	[MsgId: MMSG-26576]
Action.c(63): Downloading resource "https://cdn.jsdelivr.net/npm/bootstrap-icons@1.7.2/font/bootstrap-icons.css" (specified by argument number 12)  	[MsgId: MMSG-26576]
Action.c(63): Warning -27792: Failed to connect to server "fonts.gstatic.com:80": [10060] Connection timed out  	[MsgId: MWAR-27792]
Action.c(63): Error -27644: Step download timeout (120 seconds) has expired when only cross-step downloads (0) were active  	[MsgId: MERR-27644]
End auto log messages stack.


Start auto log messages stack - Iteration 9.
Action.c(52): Downloading resource "https://cdn.jsdelivr.net/npm/sweetalert2@11" (specified by argument number 9)  	[MsgId: MMSG-26576]
Action.c(52): web_url("crx") was successful, 19663 body bytes, 1083 header bytes  	[MsgId: MMSG-26386]
Action.c(63): web_url("blocklist") started  	[MsgId: MMSG-26355]
Action.c(63): Downloading resource "http://fonts.gstatic.com/s/opensans/v40/memvYaGs126MiZpBA-UvWbX2vVnXBbObj2OVTSCmu1aB.woff2" (specified by argument number 9)  	[MsgId: MMSG-26576]
Action.c(63): Downloading resource "https://cdn.jsdelivr.net/npm/bootstrap-icons@1.7.2/font/bootstrap-icons.css" (specified by argument number 12)  	[MsgId: MMSG-26576]
Action.c(63): Warning -27792: Failed to connect to server "fonts.gstatic.com:80": [10060] Connection timed out  	[MsgId: MWAR-27792]
Action.c(63): Error -27644: Step download timeout (120 seconds) has expired when only cross-step downloads (0) were active  	[MsgId: MERR-27644]
End auto log messages stack.


