Start auto log messages stack - Iteration 12.
Action.c(216): web_url("-341398893248106636%7C-2257558592581803439%7C1720537294320060623") was successful, 624288 body bytes, 3428 header bytes  	[MsgId: MMSG-26386]
Action.c(229): web_url("-6030100249971701251%7C-7627269350225664860") started  	[MsgId: MMSG-26355]
Action.c(229): web_url("-6030100249971701251%7C-7627269350225664860") was successful, 20 body bytes, 284 header bytes  	[MsgId: MMSG-26386]
Action.c(238): web_custom_request("update") started  	[MsgId: MMSG-26355]
Action.c(238): web_custom_request("update") was successful, 1334 body bytes, 927 header bytes  	[MsgId: MMSG-26386]
Action.c(279): web_custom_request("cloud_config_observers.json") started  	[MsgId: MMSG-26355]
Action.c(279): Error -27792: Failed to connect to server "static.edge.microsoftapp.net:443": [10060] Connection timed out  	[MsgId: MERR-27792]
End auto log messages stack.


Start auto log messages stack - Iteration 19.
Action.c(195): web_add_cookie was successful  	[MsgId: MMSG-26392]
Action.c(197): web_add_cookie started  	[MsgId: MMSG-26355]
Action.c(197): web_add_cookie was successful  	[MsgId: MMSG-26392]
Action.c(199): web_add_cookie started  	[MsgId: MMSG-26355]
Action.c(199): web_add_cookie was successful  	[MsgId: MMSG-26392]
Action.c(201): web_add_cookie started  	[MsgId: MMSG-26355]
Action.c(201): web_add_cookie was successful  	[MsgId: MMSG-26392]
Action.c(203): web_add_cookie started  	[MsgId: MMSG-26355]
Action.c(203): web_add_cookie was successful  	[MsgId: MMSG-26392]
Action.c(205): web_url("config.json") started  	[MsgId: MMSG-26355]
Action.c(205): Error -27792: Failed to connect to server "edge-consumer-static.azureedge.net:443": [10060] Connection timed out  	[MsgId: MERR-27792]
End auto log messages stack.


Start auto log messages stack - Iteration 16.
Action.c(216): web_url("-341398893248106636%7C-2257558592581803439%7C1720537294320060623") was successful, 624288 body bytes, 3415 header bytes  	[MsgId: MMSG-26386]
Action.c(229): web_url("-6030100249971701251%7C-7627269350225664860") started  	[MsgId: MMSG-26355]
Action.c(229): web_url("-6030100249971701251%7C-7627269350225664860") was successful, 20 body bytes, 284 header bytes  	[MsgId: MMSG-26386]
Action.c(238): web_custom_request("update") started  	[MsgId: MMSG-26355]
Action.c(238): web_custom_request("update") was successful, 1337 body bytes, 927 header bytes  	[MsgId: MMSG-26386]
Action.c(279): web_custom_request("cloud_config_observers.json") started  	[MsgId: MMSG-26355]
Action.c(279): Error -27792: Failed to connect to server "static.edge.microsoftapp.net:443": [10060] Connection timed out  	[MsgId: MERR-27792]
End auto log messages stack.


Start auto log messages stack - Iteration 20.
Action.c(216): web_url("-341398893248106636%7C-2257558592581803439%7C1720537294320060623") was successful, 624288 body bytes, 3407 header bytes  	[MsgId: MMSG-26386]
Action.c(229): web_url("-6030100249971701251%7C-7627269350225664860") started  	[MsgId: MMSG-26355]
Action.c(229): web_url("-6030100249971701251%7C-7627269350225664860") was successful, 20 body bytes, 284 header bytes  	[MsgId: MMSG-26386]
Action.c(238): web_custom_request("update") started  	[MsgId: MMSG-26355]
Action.c(238): web_custom_request("update") was successful, 1338 body bytes, 931 header bytes  	[MsgId: MMSG-26386]
Action.c(279): web_custom_request("cloud_config_observers.json") started  	[MsgId: MMSG-26355]
Action.c(279): Error -27792: Failed to connect to server "static.edge.microsoftapp.net:443": [10060] Connection timed out  	[MsgId: MERR-27792]
End auto log messages stack.


Start auto log messages stack - Iteration 23.
Action.c(195): web_add_cookie was successful  	[MsgId: MMSG-26392]
Action.c(197): web_add_cookie started  	[MsgId: MMSG-26355]
Action.c(197): web_add_cookie was successful  	[MsgId: MMSG-26392]
Action.c(199): web_add_cookie started  	[MsgId: MMSG-26355]
Action.c(199): web_add_cookie was successful  	[MsgId: MMSG-26392]
Action.c(201): web_add_cookie started  	[MsgId: MMSG-26355]
Action.c(201): web_add_cookie was successful  	[MsgId: MMSG-26392]
Action.c(203): web_add_cookie started  	[MsgId: MMSG-26355]
Action.c(203): web_add_cookie was successful  	[MsgId: MMSG-26392]
Action.c(205): web_url("config.json") started  	[MsgId: MMSG-26355]
Action.c(205): Error -27792: Failed to connect to server "edge-consumer-static.azureedge.net:443": [10060] Connection timed out  	[MsgId: MERR-27792]
End auto log messages stack.


Start auto log messages stack - Iteration 24.
Action.c(216): web_url("-341398893248106636%7C-2257558592581803439%7C1720537294320060623") was successful, 624288 body bytes, 3430 header bytes  	[MsgId: MMSG-26386]
Action.c(229): web_url("-6030100249971701251%7C-7627269350225664860") started  	[MsgId: MMSG-26355]
Action.c(229): web_url("-6030100249971701251%7C-7627269350225664860") was successful, 20 body bytes, 284 header bytes  	[MsgId: MMSG-26386]
Action.c(238): web_custom_request("update") started  	[MsgId: MMSG-26355]
Action.c(238): web_custom_request("update") was successful, 1338 body bytes, 931 header bytes  	[MsgId: MMSG-26386]
Action.c(279): web_custom_request("cloud_config_observers.json") started  	[MsgId: MMSG-26355]
Action.c(279): Error -27792: Failed to connect to server "static.edge.microsoftapp.net:443": [10060] Connection timed out  	[MsgId: MERR-27792]
End auto log messages stack.


Start auto log messages stack - Iteration 22.
Action.c(195): web_add_cookie was successful  	[MsgId: MMSG-26392]
Action.c(197): web_add_cookie started  	[MsgId: MMSG-26355]
Action.c(197): web_add_cookie was successful  	[MsgId: MMSG-26392]
Action.c(199): web_add_cookie started  	[MsgId: MMSG-26355]
Action.c(199): web_add_cookie was successful  	[MsgId: MMSG-26392]
Action.c(201): web_add_cookie started  	[MsgId: MMSG-26355]
Action.c(201): web_add_cookie was successful  	[MsgId: MMSG-26392]
Action.c(203): web_add_cookie started  	[MsgId: MMSG-26355]
Action.c(203): web_add_cookie was successful  	[MsgId: MMSG-26392]
Action.c(205): web_url("config.json") started  	[MsgId: MMSG-26355]
Action.c(205): Error -27792: Failed to connect to server "edge-consumer-static.azureedge.net:443": [10060] Connection timed out  	[MsgId: MERR-27792]
End auto log messages stack.


Start auto log messages stack - Iteration 33.
Action.c(216): web_url("-341398893248106636%7C-2257558592581803439%7C1720537294320060623") was successful, 624288 body bytes, 3413 header bytes  	[MsgId: MMSG-26386]
Action.c(229): web_url("-6030100249971701251%7C-7627269350225664860") started  	[MsgId: MMSG-26355]
Action.c(229): web_url("-6030100249971701251%7C-7627269350225664860") was successful, 20 body bytes, 284 header bytes  	[MsgId: MMSG-26386]
Action.c(238): web_custom_request("update") started  	[MsgId: MMSG-26355]
Action.c(238): web_custom_request("update") was successful, 1338 body bytes, 935 header bytes  	[MsgId: MMSG-26386]
Action.c(279): web_custom_request("cloud_config_observers.json") started  	[MsgId: MMSG-26355]
Action.c(279): Error -27792: Failed to connect to server "static.edge.microsoftapp.net:443": [10060] Connection timed out  	[MsgId: MERR-27792]
End auto log messages stack.


Start auto log messages stack - Iteration 37.
Action.c(216): web_url("-341398893248106636%7C-2257558592581803439%7C1720537294320060623") was successful, 624288 body bytes, 3405 header bytes  	[MsgId: MMSG-26386]
Action.c(229): web_url("-6030100249971701251%7C-7627269350225664860") started  	[MsgId: MMSG-26355]
Action.c(229): web_url("-6030100249971701251%7C-7627269350225664860") was successful, 20 body bytes, 284 header bytes  	[MsgId: MMSG-26386]
Action.c(238): web_custom_request("update") started  	[MsgId: MMSG-26355]
Action.c(238): web_custom_request("update") was successful, 1337 body bytes, 927 header bytes  	[MsgId: MMSG-26386]
Action.c(279): web_custom_request("cloud_config_observers.json") started  	[MsgId: MMSG-26355]
Action.c(279): Error -27792: Failed to connect to server "static.edge.microsoftapp.net:443": [10060] Connection timed out  	[MsgId: MERR-27792]
End auto log messages stack.


Start auto log messages stack - Iteration 43.
Action.c(195): web_add_cookie was successful  	[MsgId: MMSG-26392]
Action.c(197): web_add_cookie started  	[MsgId: MMSG-26355]
Action.c(197): web_add_cookie was successful  	[MsgId: MMSG-26392]
Action.c(199): web_add_cookie started  	[MsgId: MMSG-26355]
Action.c(199): web_add_cookie was successful  	[MsgId: MMSG-26392]
Action.c(201): web_add_cookie started  	[MsgId: MMSG-26355]
Action.c(201): web_add_cookie was successful  	[MsgId: MMSG-26392]
Action.c(203): web_add_cookie started  	[MsgId: MMSG-26355]
Action.c(203): web_add_cookie was successful  	[MsgId: MMSG-26392]
Action.c(205): web_url("config.json") started  	[MsgId: MMSG-26355]
Action.c(205): Error -27792: Failed to connect to server "edge-consumer-static.azureedge.net:443": [10060] Connection timed out  	[MsgId: MERR-27792]
End auto log messages stack.


Start auto log messages stack - Iteration 40.
Action.c(216): web_url("-341398893248106636%7C-2257558592581803439%7C1720537294320060623") was successful, 624288 body bytes, 3421 header bytes  	[MsgId: MMSG-26386]
Action.c(229): web_url("-6030100249971701251%7C-7627269350225664860") started  	[MsgId: MMSG-26355]
Action.c(229): web_url("-6030100249971701251%7C-7627269350225664860") was successful, 20 body bytes, 284 header bytes  	[MsgId: MMSG-26386]
Action.c(238): web_custom_request("update") started  	[MsgId: MMSG-26355]
Action.c(238): web_custom_request("update") was successful, 1336 body bytes, 927 header bytes  	[MsgId: MMSG-26386]
Action.c(279): web_custom_request("cloud_config_observers.json") started  	[MsgId: MMSG-26355]
Action.c(279): Error -27792: Failed to connect to server "static.edge.microsoftapp.net:443": [10060] Connection timed out  	[MsgId: MERR-27792]
End auto log messages stack.


Start auto log messages stack - Iteration 43.
Action.c(216): web_url("-341398893248106636%7C-2257558592581803439%7C1720537294320060623") was successful, 624288 body bytes, 3422 header bytes  	[MsgId: MMSG-26386]
Action.c(229): web_url("-6030100249971701251%7C-7627269350225664860") started  	[MsgId: MMSG-26355]
Action.c(229): web_url("-6030100249971701251%7C-7627269350225664860") was successful, 20 body bytes, 284 header bytes  	[MsgId: MMSG-26386]
Action.c(238): web_custom_request("update") started  	[MsgId: MMSG-26355]
Action.c(238): web_custom_request("update") was successful, 1337 body bytes, 931 header bytes  	[MsgId: MMSG-26386]
Action.c(279): web_custom_request("cloud_config_observers.json") started  	[MsgId: MMSG-26355]
Action.c(279): Error -27792: Failed to connect to server "static.edge.microsoftapp.net:443": [10060] Connection timed out  	[MsgId: MERR-27792]
End auto log messages stack.


Start auto log messages stack - Iteration 43.
Action.c(195): web_add_cookie was successful  	[MsgId: MMSG-26392]
Action.c(197): web_add_cookie started  	[MsgId: MMSG-26355]
Action.c(197): web_add_cookie was successful  	[MsgId: MMSG-26392]
Action.c(199): web_add_cookie started  	[MsgId: MMSG-26355]
Action.c(199): web_add_cookie was successful  	[MsgId: MMSG-26392]
Action.c(201): web_add_cookie started  	[MsgId: MMSG-26355]
Action.c(201): web_add_cookie was successful  	[MsgId: MMSG-26392]
Action.c(203): web_add_cookie started  	[MsgId: MMSG-26355]
Action.c(203): web_add_cookie was successful  	[MsgId: MMSG-26392]
Action.c(205): web_url("config.json") started  	[MsgId: MMSG-26355]
Action.c(205): Error -27792: Failed to connect to server "edge-consumer-static.azureedge.net:443": [10060] Connection timed out  	[MsgId: MERR-27792]
End auto log messages stack.


Start auto log messages stack - Iteration 47.
Action.c(216): web_url("-341398893248106636%7C-2257558592581803439%7C1720537294320060623") was successful, 624288 body bytes, 3416 header bytes  	[MsgId: MMSG-26386]
Action.c(229): web_url("-6030100249971701251%7C-7627269350225664860") started  	[MsgId: MMSG-26355]
Action.c(229): web_url("-6030100249971701251%7C-7627269350225664860") was successful, 20 body bytes, 284 header bytes  	[MsgId: MMSG-26386]
Action.c(238): web_custom_request("update") started  	[MsgId: MMSG-26355]
Action.c(238): web_custom_request("update") was successful, 1335 body bytes, 931 header bytes  	[MsgId: MMSG-26386]
Action.c(279): web_custom_request("cloud_config_observers.json") started  	[MsgId: MMSG-26355]
Action.c(279): Error -27792: Failed to connect to server "static.edge.microsoftapp.net:443": [10060] Connection timed out  	[MsgId: MERR-27792]
End auto log messages stack.


Start auto log messages stack - Iteration 50.
Action.c(195): web_add_cookie was successful  	[MsgId: MMSG-26392]
Action.c(197): web_add_cookie started  	[MsgId: MMSG-26355]
Action.c(197): web_add_cookie was successful  	[MsgId: MMSG-26392]
Action.c(199): web_add_cookie started  	[MsgId: MMSG-26355]
Action.c(199): web_add_cookie was successful  	[MsgId: MMSG-26392]
Action.c(201): web_add_cookie started  	[MsgId: MMSG-26355]
Action.c(201): web_add_cookie was successful  	[MsgId: MMSG-26392]
Action.c(203): web_add_cookie started  	[MsgId: MMSG-26355]
Action.c(203): web_add_cookie was successful  	[MsgId: MMSG-26392]
Action.c(205): web_url("config.json") started  	[MsgId: MMSG-26355]
Action.c(205): Error -27792: Failed to connect to server "edge-consumer-static.azureedge.net:443": [10060] Connection timed out  	[MsgId: MERR-27792]
End auto log messages stack.


Start auto log messages stack - Iteration 56.
Action.c(216): web_url("-341398893248106636%7C-2257558592581803439%7C1720537294320060623") was successful, 624288 body bytes, 3425 header bytes  	[MsgId: MMSG-26386]
Action.c(229): web_url("-6030100249971701251%7C-7627269350225664860") started  	[MsgId: MMSG-26355]
Action.c(229): web_url("-6030100249971701251%7C-7627269350225664860") was successful, 20 body bytes, 284 header bytes  	[MsgId: MMSG-26386]
Action.c(238): web_custom_request("update") started  	[MsgId: MMSG-26355]
Action.c(238): web_custom_request("update") was successful, 1338 body bytes, 927 header bytes  	[MsgId: MMSG-26386]
Action.c(279): web_custom_request("cloud_config_observers.json") started  	[MsgId: MMSG-26355]
Action.c(279): Error -27792: Failed to connect to server "static.edge.microsoftapp.net:443": [10060] Connection timed out  	[MsgId: MERR-27792]
End auto log messages stack.


Start auto log messages stack - Iteration 65.
Action.c(195): web_add_cookie was successful  	[MsgId: MMSG-26392]
Action.c(197): web_add_cookie started  	[MsgId: MMSG-26355]
Action.c(197): web_add_cookie was successful  	[MsgId: MMSG-26392]
Action.c(199): web_add_cookie started  	[MsgId: MMSG-26355]
Action.c(199): web_add_cookie was successful  	[MsgId: MMSG-26392]
Action.c(201): web_add_cookie started  	[MsgId: MMSG-26355]
Action.c(201): web_add_cookie was successful  	[MsgId: MMSG-26392]
Action.c(203): web_add_cookie started  	[MsgId: MMSG-26355]
Action.c(203): web_add_cookie was successful  	[MsgId: MMSG-26392]
Action.c(205): web_url("config.json") started  	[MsgId: MMSG-26355]
Action.c(205): Error -27792: Failed to connect to server "edge-consumer-static.azureedge.net:443": [10060] Connection timed out  	[MsgId: MERR-27792]
End auto log messages stack.


Start auto log messages stack - Iteration 67.
Action.c(195): web_add_cookie was successful  	[MsgId: MMSG-26392]
Action.c(197): web_add_cookie started  	[MsgId: MMSG-26355]
Action.c(197): web_add_cookie was successful  	[MsgId: MMSG-26392]
Action.c(199): web_add_cookie started  	[MsgId: MMSG-26355]
Action.c(199): web_add_cookie was successful  	[MsgId: MMSG-26392]
Action.c(201): web_add_cookie started  	[MsgId: MMSG-26355]
Action.c(201): web_add_cookie was successful  	[MsgId: MMSG-26392]
Action.c(203): web_add_cookie started  	[MsgId: MMSG-26355]
Action.c(203): web_add_cookie was successful  	[MsgId: MMSG-26392]
Action.c(205): web_url("config.json") started  	[MsgId: MMSG-26355]
Action.c(205): Error -27792: Failed to connect to server "edge-consumer-static.azureedge.net:443": [10060] Connection timed out  	[MsgId: MERR-27792]
End auto log messages stack.


Start auto log messages stack - Iteration 56.
Action.c(195): web_add_cookie was successful  	[MsgId: MMSG-26392]
Action.c(197): web_add_cookie started  	[MsgId: MMSG-26355]
Action.c(197): web_add_cookie was successful  	[MsgId: MMSG-26392]
Action.c(199): web_add_cookie started  	[MsgId: MMSG-26355]
Action.c(199): web_add_cookie was successful  	[MsgId: MMSG-26392]
Action.c(201): web_add_cookie started  	[MsgId: MMSG-26355]
Action.c(201): web_add_cookie was successful  	[MsgId: MMSG-26392]
Action.c(203): web_add_cookie started  	[MsgId: MMSG-26355]
Action.c(203): web_add_cookie was successful  	[MsgId: MMSG-26392]
Action.c(205): web_url("config.json") started  	[MsgId: MMSG-26355]
Action.c(205): Error -27792: Failed to connect to server "edge-consumer-static.azureedge.net:443": [10060] Connection timed out  	[MsgId: MERR-27792]
End auto log messages stack.


Start auto log messages stack - Iteration 63.
Action.c(195): web_add_cookie was successful  	[MsgId: MMSG-26392]
Action.c(197): web_add_cookie started  	[MsgId: MMSG-26355]
Action.c(197): web_add_cookie was successful  	[MsgId: MMSG-26392]
Action.c(199): web_add_cookie started  	[MsgId: MMSG-26355]
Action.c(199): web_add_cookie was successful  	[MsgId: MMSG-26392]
Action.c(201): web_add_cookie started  	[MsgId: MMSG-26355]
Action.c(201): web_add_cookie was successful  	[MsgId: MMSG-26392]
Action.c(203): web_add_cookie started  	[MsgId: MMSG-26355]
Action.c(203): web_add_cookie was successful  	[MsgId: MMSG-26392]
Action.c(205): web_url("config.json") started  	[MsgId: MMSG-26355]
Action.c(205): Error -27792: Failed to connect to server "edge-consumer-static.azureedge.net:443": [10060] Connection timed out  	[MsgId: MERR-27792]
End auto log messages stack.


Start auto log messages stack - Iteration 73.
Action.c(216): web_url("-341398893248106636%7C-2257558592581803439%7C1720537294320060623") was successful, 624288 body bytes, 3419 header bytes  	[MsgId: MMSG-26386]
Action.c(229): web_url("-6030100249971701251%7C-7627269350225664860") started  	[MsgId: MMSG-26355]
Action.c(229): web_url("-6030100249971701251%7C-7627269350225664860") was successful, 20 body bytes, 284 header bytes  	[MsgId: MMSG-26386]
Action.c(238): web_custom_request("update") started  	[MsgId: MMSG-26355]
Action.c(238): web_custom_request("update") was successful, 1338 body bytes, 931 header bytes  	[MsgId: MMSG-26386]
Action.c(279): web_custom_request("cloud_config_observers.json") started  	[MsgId: MMSG-26355]
Action.c(279): Error -27792: Failed to connect to server "static.edge.microsoftapp.net:443": [10060] Connection timed out  	[MsgId: MERR-27792]
End auto log messages stack.


Start auto log messages stack - Iteration 74.
Action.c(195): web_add_cookie was successful  	[MsgId: MMSG-26392]
Action.c(197): web_add_cookie started  	[MsgId: MMSG-26355]
Action.c(197): web_add_cookie was successful  	[MsgId: MMSG-26392]
Action.c(199): web_add_cookie started  	[MsgId: MMSG-26355]
Action.c(199): web_add_cookie was successful  	[MsgId: MMSG-26392]
Action.c(201): web_add_cookie started  	[MsgId: MMSG-26355]
Action.c(201): web_add_cookie was successful  	[MsgId: MMSG-26392]
Action.c(203): web_add_cookie started  	[MsgId: MMSG-26355]
Action.c(203): web_add_cookie was successful  	[MsgId: MMSG-26392]
Action.c(205): web_url("config.json") started  	[MsgId: MMSG-26355]
Action.c(205): Error -27792: Failed to connect to server "edge-consumer-static.azureedge.net:443": [10060] Connection timed out  	[MsgId: MERR-27792]
End auto log messages stack.


Start auto log messages stack - Iteration 78.
Action.c(195): web_add_cookie was successful  	[MsgId: MMSG-26392]
Action.c(197): web_add_cookie started  	[MsgId: MMSG-26355]
Action.c(197): web_add_cookie was successful  	[MsgId: MMSG-26392]
Action.c(199): web_add_cookie started  	[MsgId: MMSG-26355]
Action.c(199): web_add_cookie was successful  	[MsgId: MMSG-26392]
Action.c(201): web_add_cookie started  	[MsgId: MMSG-26355]
Action.c(201): web_add_cookie was successful  	[MsgId: MMSG-26392]
Action.c(203): web_add_cookie started  	[MsgId: MMSG-26355]
Action.c(203): web_add_cookie was successful  	[MsgId: MMSG-26392]
Action.c(205): web_url("config.json") started  	[MsgId: MMSG-26355]
Action.c(205): Error -27792: Failed to connect to server "edge-consumer-static.azureedge.net:443": [10060] Connection timed out  	[MsgId: MERR-27792]
End auto log messages stack.


Start auto log messages stack - Iteration 81.
Action.c(216): web_url("-341398893248106636%7C-2257558592581803439%7C1720537294320060623") was successful, 624288 body bytes, 3423 header bytes  	[MsgId: MMSG-26386]
Action.c(229): web_url("-6030100249971701251%7C-7627269350225664860") started  	[MsgId: MMSG-26355]
Action.c(229): web_url("-6030100249971701251%7C-7627269350225664860") was successful, 20 body bytes, 284 header bytes  	[MsgId: MMSG-26386]
Action.c(238): web_custom_request("update") started  	[MsgId: MMSG-26355]
Action.c(238): web_custom_request("update") was successful, 1336 body bytes, 931 header bytes  	[MsgId: MMSG-26386]
Action.c(279): web_custom_request("cloud_config_observers.json") started  	[MsgId: MMSG-26355]
Action.c(279): Error -27792: Failed to connect to server "static.edge.microsoftapp.net:443": [10060] Connection timed out  	[MsgId: MERR-27792]
End auto log messages stack.


