Start auto log messages stack - Iteration 1.
Action.c(109): web_custom_request("rewardsUserInfo") started  	[MsgId: MMSG-26355]
Action.c(109): web_custom_request("rewardsUserInfo") was successful, 156 body bytes, 580 header bytes  	[MsgId: MMSG-26386]
Action.c(121): web_url("-4276412816532324841%7C-2257558592581803439") started  	[MsgId: MMSG-26355]
Action.c(121): Downloading resource "https://ka-f.fontawesome.com/releases/v6.6.0/webfonts/free-fa-brands-400.woff2" (specified by argument number 9)  	[MsgId: MMSG-26576]
Action.c(121): web_url("-4276412816532324841%7C-2257558592581803439") was successful, 118317 body bytes, 1586 header bytes  	[MsgId: MMSG-26386]
Action.c(132): web_url("selection") started  	[MsgId: MMSG-26355]
Action.c(132): Error -26611: HTTP Status-Code=500 (Internal Server Error) for "https://arc.msn.com/v4/api/selection?placement=88000360&nct=1&fmt=json&ISU=1&AREF=0&APRIMB=0&ADEFAB=0&OPSYS=WIN10&locale=en-US&country=VN&edgeid=-945223331753601845&ACHANNEL=4&ABUILD=130.0.6723.70&poptin=1&devosver=10.0.22631.4317&clr=esdk&UITHEME=dark&EPCON=0&AMAJOR=130&AMINOR=0&ABLD=6723&APATCH=70"  	[MsgId: MERR-26611]
End auto log messages stack.


Start auto log messages stack - Iteration 1.
Action.c(109): web_custom_request("rewardsUserInfo") started  	[MsgId: MMSG-26355]
Action.c(109): web_custom_request("rewardsUserInfo") was successful, 156 body bytes, 580 header bytes  	[MsgId: MMSG-26386]
Action.c(121): web_url("-4276412816532324841%7C-2257558592581803439") started  	[MsgId: MMSG-26355]
Action.c(121): Downloading resource "https://ka-f.fontawesome.com/releases/v6.6.0/webfonts/free-fa-brands-400.woff2" (specified by argument number 9)  	[MsgId: MMSG-26576]
Action.c(121): web_url("-4276412816532324841%7C-2257558592581803439") was successful, 118340 body bytes, 1592 header bytes  	[MsgId: MMSG-26386]
Action.c(132): web_url("selection") started  	[MsgId: MMSG-26355]
Action.c(132): Error -26611: HTTP Status-Code=500 (Internal Server Error) for "https://arc.msn.com/v4/api/selection?placement=88000360&nct=1&fmt=json&ISU=1&AREF=0&APRIMB=0&ADEFAB=0&OPSYS=WIN10&locale=en-US&country=VN&edgeid=-945223331753601845&ACHANNEL=4&ABUILD=130.0.6723.70&poptin=1&devosver=10.0.22631.4317&clr=esdk&UITHEME=dark&EPCON=0&AMAJOR=130&AMINOR=0&ABLD=6723&APATCH=70"  	[MsgId: MERR-26611]
End auto log messages stack.


Start auto log messages stack - Iteration 1.
Action.c(109): web_custom_request("rewardsUserInfo") started  	[MsgId: MMSG-26355]
Action.c(109): web_custom_request("rewardsUserInfo") was successful, 156 body bytes, 580 header bytes  	[MsgId: MMSG-26386]
Action.c(121): web_url("-4276412816532324841%7C-2257558592581803439") started  	[MsgId: MMSG-26355]
Action.c(121): Downloading resource "https://ka-f.fontawesome.com/releases/v6.6.0/webfonts/free-fa-brands-400.woff2" (specified by argument number 9)  	[MsgId: MMSG-26576]
Action.c(121): web_url("-4276412816532324841%7C-2257558592581803439") was successful, 118340 body bytes, 1589 header bytes  	[MsgId: MMSG-26386]
Action.c(132): web_url("selection") started  	[MsgId: MMSG-26355]
Action.c(132): Error -26611: HTTP Status-Code=500 (Internal Server Error) for "https://arc.msn.com/v4/api/selection?placement=88000360&nct=1&fmt=json&ISU=1&AREF=0&APRIMB=0&ADEFAB=0&OPSYS=WIN10&locale=en-US&country=VN&edgeid=-945223331753601845&ACHANNEL=4&ABUILD=130.0.6723.70&poptin=1&devosver=10.0.22631.4317&clr=esdk&UITHEME=dark&EPCON=0&AMAJOR=130&AMINOR=0&ABLD=6723&APATCH=70"  	[MsgId: MERR-26611]
End auto log messages stack.


Start auto log messages stack - Iteration 2.
Action.c(109): web_custom_request("rewardsUserInfo") started  	[MsgId: MMSG-26355]
Action.c(109): web_custom_request("rewardsUserInfo") was successful, 156 body bytes, 580 header bytes  	[MsgId: MMSG-26386]
Action.c(121): web_url("-4276412816532324841%7C-2257558592581803439") started  	[MsgId: MMSG-26355]
Action.c(121): Downloading resource "https://ka-f.fontawesome.com/releases/v6.6.0/webfonts/free-fa-brands-400.woff2" (specified by argument number 9)  	[MsgId: MMSG-26576]
Action.c(121): web_url("-4276412816532324841%7C-2257558592581803439") was successful, 118317 body bytes, 1599 header bytes  	[MsgId: MMSG-26386]
Action.c(132): web_url("selection") started  	[MsgId: MMSG-26355]
Action.c(132): Error -26611: HTTP Status-Code=500 (Internal Server Error) for "https://arc.msn.com/v4/api/selection?placement=88000360&nct=1&fmt=json&ISU=1&AREF=0&APRIMB=0&ADEFAB=0&OPSYS=WIN10&locale=en-US&country=VN&edgeid=-945223331753601845&ACHANNEL=4&ABUILD=130.0.6723.70&poptin=1&devosver=10.0.22631.4317&clr=esdk&UITHEME=dark&EPCON=0&AMAJOR=130&AMINOR=0&ABLD=6723&APATCH=70"  	[MsgId: MERR-26611]
End auto log messages stack.


Start auto log messages stack - Iteration 3.
Starting action Action.
Action.c(4): web_url("css") started  	[MsgId: MMSG-26355]
Action.c(4): web_url("css") was successful, 1819 body bytes, 670 header bytes, 17 chunking overhead bytes  	[MsgId: MMSG-26385]
Action.c(12): web_set_sockets_option started  	[MsgId: MMSG-26355]
Action.c(12): web_set_sockets_option was successful  	[MsgId: MMSG-26392]
Action.c(14): web_url("v3") started  	[MsgId: MMSG-26355]
Action.c(14): ssl_handle_status encounter error : SSL_ERROR_SYSCALL, error id : 0  	[MsgId: MMSG-26000]
Action.c(14): Error -27776: [GENERAL_MSG_CAT_SSL_ERROR]connect to host "edge.microsoft.com" failed: [10054] Connection reset by peer
This is probably because the SSL protocol version is not supported. Try switching the TLS/SSL version using "web_set_sockets_option" API.  	[MsgId: MERR-27776]
End auto log messages stack.


Start auto log messages stack - Iteration 1.
Action.c(109): web_custom_request("rewardsUserInfo") started  	[MsgId: MMSG-26355]
Action.c(109): web_custom_request("rewardsUserInfo") was successful, 156 body bytes, 580 header bytes  	[MsgId: MMSG-26386]
Action.c(121): web_url("-4276412816532324841%7C-2257558592581803439") started  	[MsgId: MMSG-26355]
Action.c(121): Downloading resource "https://ka-f.fontawesome.com/releases/v6.6.0/webfonts/free-fa-brands-400.woff2" (specified by argument number 9)  	[MsgId: MMSG-26576]
Action.c(121): web_url("-4276412816532324841%7C-2257558592581803439") was successful, 118317 body bytes, 1581 header bytes  	[MsgId: MMSG-26386]
Action.c(132): web_url("selection") started  	[MsgId: MMSG-26355]
Action.c(132): Error -26611: HTTP Status-Code=500 (Internal Server Error) for "https://arc.msn.com/v4/api/selection?placement=88000360&nct=1&fmt=json&ISU=1&AREF=0&APRIMB=0&ADEFAB=0&OPSYS=WIN10&locale=en-US&country=VN&edgeid=-945223331753601845&ACHANNEL=4&ABUILD=130.0.6723.70&poptin=1&devosver=10.0.22631.4317&clr=esdk&UITHEME=dark&EPCON=0&AMAJOR=130&AMINOR=0&ABLD=6723&APATCH=70"  	[MsgId: MERR-26611]
End auto log messages stack.


Start auto log messages stack - Iteration 2.
Action.c(109): web_custom_request("rewardsUserInfo") started  	[MsgId: MMSG-26355]
Action.c(109): web_custom_request("rewardsUserInfo") was successful, 156 body bytes, 580 header bytes  	[MsgId: MMSG-26386]
Action.c(121): web_url("-4276412816532324841%7C-2257558592581803439") started  	[MsgId: MMSG-26355]
Action.c(121): Downloading resource "https://ka-f.fontawesome.com/releases/v6.6.0/webfonts/free-fa-brands-400.woff2" (specified by argument number 9)  	[MsgId: MMSG-26576]
Action.c(121): web_url("-4276412816532324841%7C-2257558592581803439") was successful, 118317 body bytes, 1584 header bytes  	[MsgId: MMSG-26386]
Action.c(132): web_url("selection") started  	[MsgId: MMSG-26355]
Action.c(132): Error -26611: HTTP Status-Code=500 (Internal Server Error) for "https://arc.msn.com/v4/api/selection?placement=88000360&nct=1&fmt=json&ISU=1&AREF=0&APRIMB=0&ADEFAB=0&OPSYS=WIN10&locale=en-US&country=VN&edgeid=-945223331753601845&ACHANNEL=4&ABUILD=130.0.6723.70&poptin=1&devosver=10.0.22631.4317&clr=esdk&UITHEME=dark&EPCON=0&AMAJOR=130&AMINOR=0&ABLD=6723&APATCH=70"  	[MsgId: MERR-26611]
End auto log messages stack.


Start auto log messages stack - Iteration 1.
Action.c(109): web_custom_request("rewardsUserInfo") started  	[MsgId: MMSG-26355]
Action.c(109): web_custom_request("rewardsUserInfo") was successful, 156 body bytes, 580 header bytes  	[MsgId: MMSG-26386]
Action.c(121): web_url("-4276412816532324841%7C-2257558592581803439") started  	[MsgId: MMSG-26355]
Action.c(121): Downloading resource "https://ka-f.fontawesome.com/releases/v6.6.0/webfonts/free-fa-brands-400.woff2" (specified by argument number 9)  	[MsgId: MMSG-26576]
Action.c(121): web_url("-4276412816532324841%7C-2257558592581803439") was successful, 118317 body bytes, 1583 header bytes  	[MsgId: MMSG-26386]
Action.c(132): web_url("selection") started  	[MsgId: MMSG-26355]
Action.c(132): Error -26611: HTTP Status-Code=500 (Internal Server Error) for "https://arc.msn.com/v4/api/selection?placement=88000360&nct=1&fmt=json&ISU=1&AREF=0&APRIMB=0&ADEFAB=0&OPSYS=WIN10&locale=en-US&country=VN&edgeid=-945223331753601845&ACHANNEL=4&ABUILD=130.0.6723.70&poptin=1&devosver=10.0.22631.4317&clr=esdk&UITHEME=dark&EPCON=0&AMAJOR=130&AMINOR=0&ABLD=6723&APATCH=70"  	[MsgId: MERR-26611]
End auto log messages stack.


Start auto log messages stack - Iteration 2.
Action.c(109): web_custom_request("rewardsUserInfo") started  	[MsgId: MMSG-26355]
Action.c(109): web_custom_request("rewardsUserInfo") was successful, 156 body bytes, 580 header bytes  	[MsgId: MMSG-26386]
Action.c(121): web_url("-4276412816532324841%7C-2257558592581803439") started  	[MsgId: MMSG-26355]
Action.c(121): Downloading resource "https://ka-f.fontawesome.com/releases/v6.6.0/webfonts/free-fa-brands-400.woff2" (specified by argument number 9)  	[MsgId: MMSG-26576]
Action.c(121): web_url("-4276412816532324841%7C-2257558592581803439") was successful, 118317 body bytes, 1597 header bytes  	[MsgId: MMSG-26386]
Action.c(132): web_url("selection") started  	[MsgId: MMSG-26355]
Action.c(132): Error -26611: HTTP Status-Code=500 (Internal Server Error) for "https://arc.msn.com/v4/api/selection?placement=88000360&nct=1&fmt=json&ISU=1&AREF=0&APRIMB=0&ADEFAB=0&OPSYS=WIN10&locale=en-US&country=VN&edgeid=-945223331753601845&ACHANNEL=4&ABUILD=130.0.6723.70&poptin=1&devosver=10.0.22631.4317&clr=esdk&UITHEME=dark&EPCON=0&AMAJOR=130&AMINOR=0&ABLD=6723&APATCH=70"  	[MsgId: MERR-26611]
End auto log messages stack.


Start auto log messages stack - Iteration 1.
Action.c(109): web_custom_request("rewardsUserInfo") started  	[MsgId: MMSG-26355]
Action.c(109): web_custom_request("rewardsUserInfo") was successful, 156 body bytes, 580 header bytes  	[MsgId: MMSG-26386]
Action.c(121): web_url("-4276412816532324841%7C-2257558592581803439") started  	[MsgId: MMSG-26355]
Action.c(121): Downloading resource "https://ka-f.fontawesome.com/releases/v6.6.0/webfonts/free-fa-brands-400.woff2" (specified by argument number 9)  	[MsgId: MMSG-26576]
Action.c(121): web_url("-4276412816532324841%7C-2257558592581803439") was successful, 118317 body bytes, 1587 header bytes  	[MsgId: MMSG-26386]
Action.c(132): web_url("selection") started  	[MsgId: MMSG-26355]
Action.c(132): Error -26611: HTTP Status-Code=500 (Internal Server Error) for "https://arc.msn.com/v4/api/selection?placement=88000360&nct=1&fmt=json&ISU=1&AREF=0&APRIMB=0&ADEFAB=0&OPSYS=WIN10&locale=en-US&country=VN&edgeid=-945223331753601845&ACHANNEL=4&ABUILD=130.0.6723.70&poptin=1&devosver=10.0.22631.4317&clr=esdk&UITHEME=dark&EPCON=0&AMAJOR=130&AMINOR=0&ABLD=6723&APATCH=70"  	[MsgId: MERR-26611]
End auto log messages stack.


Start auto log messages stack - Iteration 4.
Action.c(109): web_custom_request("rewardsUserInfo") started  	[MsgId: MMSG-26355]
Action.c(109): web_custom_request("rewardsUserInfo") was successful, 156 body bytes, 580 header bytes  	[MsgId: MMSG-26386]
Action.c(121): web_url("-4276412816532324841%7C-2257558592581803439") started  	[MsgId: MMSG-26355]
Action.c(121): Downloading resource "https://ka-f.fontawesome.com/releases/v6.6.0/webfonts/free-fa-brands-400.woff2" (specified by argument number 9)  	[MsgId: MMSG-26576]
Action.c(121): web_url("-4276412816532324841%7C-2257558592581803439") was successful, 118317 body bytes, 1597 header bytes  	[MsgId: MMSG-26386]
Action.c(132): web_url("selection") started  	[MsgId: MMSG-26355]
Action.c(132): Error -26611: HTTP Status-Code=500 (Internal Server Error) for "https://arc.msn.com/v4/api/selection?placement=88000360&nct=1&fmt=json&ISU=1&AREF=0&APRIMB=0&ADEFAB=0&OPSYS=WIN10&locale=en-US&country=VN&edgeid=-945223331753601845&ACHANNEL=4&ABUILD=130.0.6723.70&poptin=1&devosver=10.0.22631.4317&clr=esdk&UITHEME=dark&EPCON=0&AMAJOR=130&AMINOR=0&ABLD=6723&APATCH=70"  	[MsgId: MERR-26611]
End auto log messages stack.


Start auto log messages stack - Iteration 2.
Action.c(109): web_custom_request("rewardsUserInfo") started  	[MsgId: MMSG-26355]
Action.c(109): web_custom_request("rewardsUserInfo") was successful, 156 body bytes, 580 header bytes  	[MsgId: MMSG-26386]
Action.c(121): web_url("-4276412816532324841%7C-2257558592581803439") started  	[MsgId: MMSG-26355]
Action.c(121): Downloading resource "https://ka-f.fontawesome.com/releases/v6.6.0/webfonts/free-fa-brands-400.woff2" (specified by argument number 9)  	[MsgId: MMSG-26576]
Action.c(121): web_url("-4276412816532324841%7C-2257558592581803439") was successful, 118340 body bytes, 1594 header bytes  	[MsgId: MMSG-26386]
Action.c(132): web_url("selection") started  	[MsgId: MMSG-26355]
Action.c(132): Error -26611: HTTP Status-Code=500 (Internal Server Error) for "https://arc.msn.com/v4/api/selection?placement=88000360&nct=1&fmt=json&ISU=1&AREF=0&APRIMB=0&ADEFAB=0&OPSYS=WIN10&locale=en-US&country=VN&edgeid=-945223331753601845&ACHANNEL=4&ABUILD=130.0.6723.70&poptin=1&devosver=10.0.22631.4317&clr=esdk&UITHEME=dark&EPCON=0&AMAJOR=130&AMINOR=0&ABLD=6723&APATCH=70"  	[MsgId: MERR-26611]
End auto log messages stack.


Start auto log messages stack - Iteration 3.
Action.c(109): web_custom_request("rewardsUserInfo") started  	[MsgId: MMSG-26355]
Action.c(109): web_custom_request("rewardsUserInfo") was successful, 156 body bytes, 580 header bytes  	[MsgId: MMSG-26386]
Action.c(121): web_url("-4276412816532324841%7C-2257558592581803439") started  	[MsgId: MMSG-26355]
Action.c(121): Downloading resource "https://ka-f.fontawesome.com/releases/v6.6.0/webfonts/free-fa-brands-400.woff2" (specified by argument number 9)  	[MsgId: MMSG-26576]
Action.c(121): web_url("-4276412816532324841%7C-2257558592581803439") was successful, 118317 body bytes, 1588 header bytes  	[MsgId: MMSG-26386]
Action.c(132): web_url("selection") started  	[MsgId: MMSG-26355]
Action.c(132): Error -26611: HTTP Status-Code=500 (Internal Server Error) for "https://arc.msn.com/v4/api/selection?placement=88000360&nct=1&fmt=json&ISU=1&AREF=0&APRIMB=0&ADEFAB=0&OPSYS=WIN10&locale=en-US&country=VN&edgeid=-945223331753601845&ACHANNEL=4&ABUILD=130.0.6723.70&poptin=1&devosver=10.0.22631.4317&clr=esdk&UITHEME=dark&EPCON=0&AMAJOR=130&AMINOR=0&ABLD=6723&APATCH=70"  	[MsgId: MERR-26611]
End auto log messages stack.


Start auto log messages stack - Iteration 2.
Action.c(109): web_custom_request("rewardsUserInfo") started  	[MsgId: MMSG-26355]
Action.c(109): web_custom_request("rewardsUserInfo") was successful, 156 body bytes, 580 header bytes  	[MsgId: MMSG-26386]
Action.c(121): web_url("-4276412816532324841%7C-2257558592581803439") started  	[MsgId: MMSG-26355]
Action.c(121): Downloading resource "https://ka-f.fontawesome.com/releases/v6.6.0/webfonts/free-fa-brands-400.woff2" (specified by argument number 9)  	[MsgId: MMSG-26576]
Action.c(121): web_url("-4276412816532324841%7C-2257558592581803439") was successful, 118317 body bytes, 1597 header bytes  	[MsgId: MMSG-26386]
Action.c(132): web_url("selection") started  	[MsgId: MMSG-26355]
Action.c(132): Error -26611: HTTP Status-Code=500 (Internal Server Error) for "https://arc.msn.com/v4/api/selection?placement=88000360&nct=1&fmt=json&ISU=1&AREF=0&APRIMB=0&ADEFAB=0&OPSYS=WIN10&locale=en-US&country=VN&edgeid=-945223331753601845&ACHANNEL=4&ABUILD=130.0.6723.70&poptin=1&devosver=10.0.22631.4317&clr=esdk&UITHEME=dark&EPCON=0&AMAJOR=130&AMINOR=0&ABLD=6723&APATCH=70"  	[MsgId: MERR-26611]
End auto log messages stack.


Start auto log messages stack - Iteration 3.
Action.c(109): web_custom_request("rewardsUserInfo") started  	[MsgId: MMSG-26355]
Action.c(109): web_custom_request("rewardsUserInfo") was successful, 156 body bytes, 580 header bytes  	[MsgId: MMSG-26386]
Action.c(121): web_url("-4276412816532324841%7C-2257558592581803439") started  	[MsgId: MMSG-26355]
Action.c(121): Downloading resource "https://ka-f.fontawesome.com/releases/v6.6.0/webfonts/free-fa-brands-400.woff2" (specified by argument number 9)  	[MsgId: MMSG-26576]
Action.c(121): web_url("-4276412816532324841%7C-2257558592581803439") was successful, 118340 body bytes, 1587 header bytes  	[MsgId: MMSG-26386]
Action.c(132): web_url("selection") started  	[MsgId: MMSG-26355]
Action.c(132): Error -26611: HTTP Status-Code=500 (Internal Server Error) for "https://arc.msn.com/v4/api/selection?placement=88000360&nct=1&fmt=json&ISU=1&AREF=0&APRIMB=0&ADEFAB=0&OPSYS=WIN10&locale=en-US&country=VN&edgeid=-945223331753601845&ACHANNEL=4&ABUILD=130.0.6723.70&poptin=1&devosver=10.0.22631.4317&clr=esdk&UITHEME=dark&EPCON=0&AMAJOR=130&AMINOR=0&ABLD=6723&APATCH=70"  	[MsgId: MERR-26611]
End auto log messages stack.


Start auto log messages stack - Iteration 1.
Action.c(109): web_custom_request("rewardsUserInfo") started  	[MsgId: MMSG-26355]
Action.c(109): web_custom_request("rewardsUserInfo") was successful, 156 body bytes, 580 header bytes  	[MsgId: MMSG-26386]
Action.c(121): web_url("-4276412816532324841%7C-2257558592581803439") started  	[MsgId: MMSG-26355]
Action.c(121): Downloading resource "https://ka-f.fontawesome.com/releases/v6.6.0/webfonts/free-fa-brands-400.woff2" (specified by argument number 9)  	[MsgId: MMSG-26576]
Action.c(121): web_url("-4276412816532324841%7C-2257558592581803439") was successful, 118340 body bytes, 1589 header bytes  	[MsgId: MMSG-26386]
Action.c(132): web_url("selection") started  	[MsgId: MMSG-26355]
Action.c(132): Error -26611: HTTP Status-Code=500 (Internal Server Error) for "https://arc.msn.com/v4/api/selection?placement=88000360&nct=1&fmt=json&ISU=1&AREF=0&APRIMB=0&ADEFAB=0&OPSYS=WIN10&locale=en-US&country=VN&edgeid=-945223331753601845&ACHANNEL=4&ABUILD=130.0.6723.70&poptin=1&devosver=10.0.22631.4317&clr=esdk&UITHEME=dark&EPCON=0&AMAJOR=130&AMINOR=0&ABLD=6723&APATCH=70"  	[MsgId: MERR-26611]
End auto log messages stack.


Start auto log messages stack - Iteration 1.
Action.c(109): web_custom_request("rewardsUserInfo") started  	[MsgId: MMSG-26355]
Action.c(109): web_custom_request("rewardsUserInfo") was successful, 156 body bytes, 580 header bytes  	[MsgId: MMSG-26386]
Action.c(121): web_url("-4276412816532324841%7C-2257558592581803439") started  	[MsgId: MMSG-26355]
Action.c(121): Downloading resource "https://ka-f.fontawesome.com/releases/v6.6.0/webfonts/free-fa-brands-400.woff2" (specified by argument number 9)  	[MsgId: MMSG-26576]
Action.c(121): web_url("-4276412816532324841%7C-2257558592581803439") was successful, 118317 body bytes, 1585 header bytes  	[MsgId: MMSG-26386]
Action.c(132): web_url("selection") started  	[MsgId: MMSG-26355]
Action.c(132): Error -26611: HTTP Status-Code=500 (Internal Server Error) for "https://arc.msn.com/v4/api/selection?placement=88000360&nct=1&fmt=json&ISU=1&AREF=0&APRIMB=0&ADEFAB=0&OPSYS=WIN10&locale=en-US&country=VN&edgeid=-945223331753601845&ACHANNEL=4&ABUILD=130.0.6723.70&poptin=1&devosver=10.0.22631.4317&clr=esdk&UITHEME=dark&EPCON=0&AMAJOR=130&AMINOR=0&ABLD=6723&APATCH=70"  	[MsgId: MERR-26611]
End auto log messages stack.


Start auto log messages stack - Iteration 3.
Action.c(109): web_custom_request("rewardsUserInfo") started  	[MsgId: MMSG-26355]
Action.c(109): web_custom_request("rewardsUserInfo") was successful, 156 body bytes, 580 header bytes  	[MsgId: MMSG-26386]
Action.c(121): web_url("-4276412816532324841%7C-2257558592581803439") started  	[MsgId: MMSG-26355]
Action.c(121): Downloading resource "https://ka-f.fontawesome.com/releases/v6.6.0/webfonts/free-fa-brands-400.woff2" (specified by argument number 9)  	[MsgId: MMSG-26576]
Action.c(121): web_url("-4276412816532324841%7C-2257558592581803439") was successful, 118340 body bytes, 1591 header bytes  	[MsgId: MMSG-26386]
Action.c(132): web_url("selection") started  	[MsgId: MMSG-26355]
Action.c(132): Error -26611: HTTP Status-Code=500 (Internal Server Error) for "https://arc.msn.com/v4/api/selection?placement=88000360&nct=1&fmt=json&ISU=1&AREF=0&APRIMB=0&ADEFAB=0&OPSYS=WIN10&locale=en-US&country=VN&edgeid=-945223331753601845&ACHANNEL=4&ABUILD=130.0.6723.70&poptin=1&devosver=10.0.22631.4317&clr=esdk&UITHEME=dark&EPCON=0&AMAJOR=130&AMINOR=0&ABLD=6723&APATCH=70"  	[MsgId: MERR-26611]
End auto log messages stack.


Start auto log messages stack - Iteration 4.
Action.c(109): web_custom_request("rewardsUserInfo") started  	[MsgId: MMSG-26355]
Action.c(109): web_custom_request("rewardsUserInfo") was successful, 156 body bytes, 580 header bytes  	[MsgId: MMSG-26386]
Action.c(121): web_url("-4276412816532324841%7C-2257558592581803439") started  	[MsgId: MMSG-26355]
Action.c(121): Downloading resource "https://ka-f.fontawesome.com/releases/v6.6.0/webfonts/free-fa-brands-400.woff2" (specified by argument number 9)  	[MsgId: MMSG-26576]
Action.c(121): web_url("-4276412816532324841%7C-2257558592581803439") was successful, 118317 body bytes, 1586 header bytes  	[MsgId: MMSG-26386]
Action.c(132): web_url("selection") started  	[MsgId: MMSG-26355]
Action.c(132): Error -26611: HTTP Status-Code=500 (Internal Server Error) for "https://arc.msn.com/v4/api/selection?placement=88000360&nct=1&fmt=json&ISU=1&AREF=0&APRIMB=0&ADEFAB=0&OPSYS=WIN10&locale=en-US&country=VN&edgeid=-945223331753601845&ACHANNEL=4&ABUILD=130.0.6723.70&poptin=1&devosver=10.0.22631.4317&clr=esdk&UITHEME=dark&EPCON=0&AMAJOR=130&AMINOR=0&ABLD=6723&APATCH=70"  	[MsgId: MERR-26611]
End auto log messages stack.


Start auto log messages stack - Iteration 3.
Action.c(109): web_custom_request("rewardsUserInfo") started  	[MsgId: MMSG-26355]
Action.c(109): web_custom_request("rewardsUserInfo") was successful, 156 body bytes, 580 header bytes  	[MsgId: MMSG-26386]
Action.c(121): web_url("-4276412816532324841%7C-2257558592581803439") started  	[MsgId: MMSG-26355]
Action.c(121): Downloading resource "https://ka-f.fontawesome.com/releases/v6.6.0/webfonts/free-fa-brands-400.woff2" (specified by argument number 9)  	[MsgId: MMSG-26576]
Action.c(121): web_url("-4276412816532324841%7C-2257558592581803439") was successful, 118317 body bytes, 1596 header bytes  	[MsgId: MMSG-26386]
Action.c(132): web_url("selection") started  	[MsgId: MMSG-26355]
Action.c(132): Error -26611: HTTP Status-Code=500 (Internal Server Error) for "https://arc.msn.com/v4/api/selection?placement=88000360&nct=1&fmt=json&ISU=1&AREF=0&APRIMB=0&ADEFAB=0&OPSYS=WIN10&locale=en-US&country=VN&edgeid=-945223331753601845&ACHANNEL=4&ABUILD=130.0.6723.70&poptin=1&devosver=10.0.22631.4317&clr=esdk&UITHEME=dark&EPCON=0&AMAJOR=130&AMINOR=0&ABLD=6723&APATCH=70"  	[MsgId: MERR-26611]
End auto log messages stack.


Start auto log messages stack - Iteration 2.
Action.c(109): web_custom_request("rewardsUserInfo") started  	[MsgId: MMSG-26355]
Action.c(109): web_custom_request("rewardsUserInfo") was successful, 156 body bytes, 580 header bytes  	[MsgId: MMSG-26386]
Action.c(121): web_url("-4276412816532324841%7C-2257558592581803439") started  	[MsgId: MMSG-26355]
Action.c(121): Downloading resource "https://ka-f.fontawesome.com/releases/v6.6.0/webfonts/free-fa-brands-400.woff2" (specified by argument number 9)  	[MsgId: MMSG-26576]
Action.c(121): web_url("-4276412816532324841%7C-2257558592581803439") was successful, 118317 body bytes, 1595 header bytes  	[MsgId: MMSG-26386]
Action.c(132): web_url("selection") started  	[MsgId: MMSG-26355]
Action.c(132): Error -26611: HTTP Status-Code=500 (Internal Server Error) for "https://arc.msn.com/v4/api/selection?placement=88000360&nct=1&fmt=json&ISU=1&AREF=0&APRIMB=0&ADEFAB=0&OPSYS=WIN10&locale=en-US&country=VN&edgeid=-945223331753601845&ACHANNEL=4&ABUILD=130.0.6723.70&poptin=1&devosver=10.0.22631.4317&clr=esdk&UITHEME=dark&EPCON=0&AMAJOR=130&AMINOR=0&ABLD=6723&APATCH=70"  	[MsgId: MERR-26611]
End auto log messages stack.


Start auto log messages stack - Iteration 2.
Action.c(109): web_custom_request("rewardsUserInfo") started  	[MsgId: MMSG-26355]
Action.c(109): web_custom_request("rewardsUserInfo") was successful, 156 body bytes, 580 header bytes  	[MsgId: MMSG-26386]
Action.c(121): web_url("-4276412816532324841%7C-2257558592581803439") started  	[MsgId: MMSG-26355]
Action.c(121): Downloading resource "https://ka-f.fontawesome.com/releases/v6.6.0/webfonts/free-fa-brands-400.woff2" (specified by argument number 9)  	[MsgId: MMSG-26576]
Action.c(121): web_url("-4276412816532324841%7C-2257558592581803439") was successful, 118340 body bytes, 1589 header bytes  	[MsgId: MMSG-26386]
Action.c(132): web_url("selection") started  	[MsgId: MMSG-26355]
Action.c(132): Error -26611: HTTP Status-Code=500 (Internal Server Error) for "https://arc.msn.com/v4/api/selection?placement=88000360&nct=1&fmt=json&ISU=1&AREF=0&APRIMB=0&ADEFAB=0&OPSYS=WIN10&locale=en-US&country=VN&edgeid=-945223331753601845&ACHANNEL=4&ABUILD=130.0.6723.70&poptin=1&devosver=10.0.22631.4317&clr=esdk&UITHEME=dark&EPCON=0&AMAJOR=130&AMINOR=0&ABLD=6723&APATCH=70"  	[MsgId: MERR-26611]
End auto log messages stack.


Start auto log messages stack - Iteration 5.
Action.c(109): web_custom_request("rewardsUserInfo") started  	[MsgId: MMSG-26355]
Action.c(109): web_custom_request("rewardsUserInfo") was successful, 156 body bytes, 580 header bytes  	[MsgId: MMSG-26386]
Action.c(121): web_url("-4276412816532324841%7C-2257558592581803439") started  	[MsgId: MMSG-26355]
Action.c(121): Downloading resource "https://ka-f.fontawesome.com/releases/v6.6.0/webfonts/free-fa-brands-400.woff2" (specified by argument number 9)  	[MsgId: MMSG-26576]
Action.c(121): web_url("-4276412816532324841%7C-2257558592581803439") was successful, 118317 body bytes, 1592 header bytes  	[MsgId: MMSG-26386]
Action.c(132): web_url("selection") started  	[MsgId: MMSG-26355]
Action.c(132): Error -26611: HTTP Status-Code=500 (Internal Server Error) for "https://arc.msn.com/v4/api/selection?placement=88000360&nct=1&fmt=json&ISU=1&AREF=0&APRIMB=0&ADEFAB=0&OPSYS=WIN10&locale=en-US&country=VN&edgeid=-945223331753601845&ACHANNEL=4&ABUILD=130.0.6723.70&poptin=1&devosver=10.0.22631.4317&clr=esdk&UITHEME=dark&EPCON=0&AMAJOR=130&AMINOR=0&ABLD=6723&APATCH=70"  	[MsgId: MERR-26611]
End auto log messages stack.


Start auto log messages stack - Iteration 4.
Action.c(109): web_custom_request("rewardsUserInfo") started  	[MsgId: MMSG-26355]
Action.c(109): web_custom_request("rewardsUserInfo") was successful, 156 body bytes, 580 header bytes  	[MsgId: MMSG-26386]
Action.c(121): web_url("-4276412816532324841%7C-2257558592581803439") started  	[MsgId: MMSG-26355]
Action.c(121): Downloading resource "https://ka-f.fontawesome.com/releases/v6.6.0/webfonts/free-fa-brands-400.woff2" (specified by argument number 9)  	[MsgId: MMSG-26576]
Action.c(121): web_url("-4276412816532324841%7C-2257558592581803439") was successful, 118317 body bytes, 1588 header bytes  	[MsgId: MMSG-26386]
Action.c(132): web_url("selection") started  	[MsgId: MMSG-26355]
Action.c(132): Error -26611: HTTP Status-Code=500 (Internal Server Error) for "https://arc.msn.com/v4/api/selection?placement=88000360&nct=1&fmt=json&ISU=1&AREF=0&APRIMB=0&ADEFAB=0&OPSYS=WIN10&locale=en-US&country=VN&edgeid=-945223331753601845&ACHANNEL=4&ABUILD=130.0.6723.70&poptin=1&devosver=10.0.22631.4317&clr=esdk&UITHEME=dark&EPCON=0&AMAJOR=130&AMINOR=0&ABLD=6723&APATCH=70"  	[MsgId: MERR-26611]
End auto log messages stack.


Start auto log messages stack - Iteration 3.
Action.c(109): web_custom_request("rewardsUserInfo") started  	[MsgId: MMSG-26355]
Action.c(109): web_custom_request("rewardsUserInfo") was successful, 156 body bytes, 580 header bytes  	[MsgId: MMSG-26386]
Action.c(121): web_url("-4276412816532324841%7C-2257558592581803439") started  	[MsgId: MMSG-26355]
Action.c(121): Downloading resource "https://ka-f.fontawesome.com/releases/v6.6.0/webfonts/free-fa-brands-400.woff2" (specified by argument number 9)  	[MsgId: MMSG-26576]
Action.c(121): web_url("-4276412816532324841%7C-2257558592581803439") was successful, 118317 body bytes, 1590 header bytes  	[MsgId: MMSG-26386]
Action.c(132): web_url("selection") started  	[MsgId: MMSG-26355]
Action.c(132): Error -26611: HTTP Status-Code=500 (Internal Server Error) for "https://arc.msn.com/v4/api/selection?placement=88000360&nct=1&fmt=json&ISU=1&AREF=0&APRIMB=0&ADEFAB=0&OPSYS=WIN10&locale=en-US&country=VN&edgeid=-945223331753601845&ACHANNEL=4&ABUILD=130.0.6723.70&poptin=1&devosver=10.0.22631.4317&clr=esdk&UITHEME=dark&EPCON=0&AMAJOR=130&AMINOR=0&ABLD=6723&APATCH=70"  	[MsgId: MERR-26611]
End auto log messages stack.


Start auto log messages stack - Iteration 5.
Action.c(109): web_custom_request("rewardsUserInfo") started  	[MsgId: MMSG-26355]
Action.c(109): web_custom_request("rewardsUserInfo") was successful, 156 body bytes, 580 header bytes  	[MsgId: MMSG-26386]
Action.c(121): web_url("-4276412816532324841%7C-2257558592581803439") started  	[MsgId: MMSG-26355]
Action.c(121): Downloading resource "https://ka-f.fontawesome.com/releases/v6.6.0/webfonts/free-fa-brands-400.woff2" (specified by argument number 9)  	[MsgId: MMSG-26576]
Action.c(121): web_url("-4276412816532324841%7C-2257558592581803439") was successful, 118340 body bytes, 1591 header bytes  	[MsgId: MMSG-26386]
Action.c(132): web_url("selection") started  	[MsgId: MMSG-26355]
Action.c(132): Error -26611: HTTP Status-Code=500 (Internal Server Error) for "https://arc.msn.com/v4/api/selection?placement=88000360&nct=1&fmt=json&ISU=1&AREF=0&APRIMB=0&ADEFAB=0&OPSYS=WIN10&locale=en-US&country=VN&edgeid=-945223331753601845&ACHANNEL=4&ABUILD=130.0.6723.70&poptin=1&devosver=10.0.22631.4317&clr=esdk&UITHEME=dark&EPCON=0&AMAJOR=130&AMINOR=0&ABLD=6723&APATCH=70"  	[MsgId: MERR-26611]
End auto log messages stack.


Start auto log messages stack - Iteration 2.
Action.c(109): web_custom_request("rewardsUserInfo") started  	[MsgId: MMSG-26355]
Action.c(109): web_custom_request("rewardsUserInfo") was successful, 156 body bytes, 580 header bytes  	[MsgId: MMSG-26386]
Action.c(121): web_url("-4276412816532324841%7C-2257558592581803439") started  	[MsgId: MMSG-26355]
Action.c(121): Downloading resource "https://ka-f.fontawesome.com/releases/v6.6.0/webfonts/free-fa-brands-400.woff2" (specified by argument number 9)  	[MsgId: MMSG-26576]
Action.c(121): web_url("-4276412816532324841%7C-2257558592581803439") was successful, 118340 body bytes, 1588 header bytes  	[MsgId: MMSG-26386]
Action.c(132): web_url("selection") started  	[MsgId: MMSG-26355]
Action.c(132): Error -26611: HTTP Status-Code=500 (Internal Server Error) for "https://arc.msn.com/v4/api/selection?placement=88000360&nct=1&fmt=json&ISU=1&AREF=0&APRIMB=0&ADEFAB=0&OPSYS=WIN10&locale=en-US&country=VN&edgeid=-945223331753601845&ACHANNEL=4&ABUILD=130.0.6723.70&poptin=1&devosver=10.0.22631.4317&clr=esdk&UITHEME=dark&EPCON=0&AMAJOR=130&AMINOR=0&ABLD=6723&APATCH=70"  	[MsgId: MERR-26611]
End auto log messages stack.


Start auto log messages stack - Iteration 3.
Action.c(109): web_custom_request("rewardsUserInfo") started  	[MsgId: MMSG-26355]
Action.c(109): web_custom_request("rewardsUserInfo") was successful, 156 body bytes, 580 header bytes  	[MsgId: MMSG-26386]
Action.c(121): web_url("-4276412816532324841%7C-2257558592581803439") started  	[MsgId: MMSG-26355]
Action.c(121): Downloading resource "https://ka-f.fontawesome.com/releases/v6.6.0/webfonts/free-fa-brands-400.woff2" (specified by argument number 9)  	[MsgId: MMSG-26576]
Action.c(121): web_url("-4276412816532324841%7C-2257558592581803439") was successful, 118340 body bytes, 1587 header bytes  	[MsgId: MMSG-26386]
Action.c(132): web_url("selection") started  	[MsgId: MMSG-26355]
Action.c(132): Error -26611: HTTP Status-Code=500 (Internal Server Error) for "https://arc.msn.com/v4/api/selection?placement=88000360&nct=1&fmt=json&ISU=1&AREF=0&APRIMB=0&ADEFAB=0&OPSYS=WIN10&locale=en-US&country=VN&edgeid=-945223331753601845&ACHANNEL=4&ABUILD=130.0.6723.70&poptin=1&devosver=10.0.22631.4317&clr=esdk&UITHEME=dark&EPCON=0&AMAJOR=130&AMINOR=0&ABLD=6723&APATCH=70"  	[MsgId: MERR-26611]
End auto log messages stack.


Start auto log messages stack - Iteration 3.
Action.c(109): web_custom_request("rewardsUserInfo") started  	[MsgId: MMSG-26355]
Action.c(109): web_custom_request("rewardsUserInfo") was successful, 156 body bytes, 580 header bytes  	[MsgId: MMSG-26386]
Action.c(121): web_url("-4276412816532324841%7C-2257558592581803439") started  	[MsgId: MMSG-26355]
Action.c(121): Downloading resource "https://ka-f.fontawesome.com/releases/v6.6.0/webfonts/free-fa-brands-400.woff2" (specified by argument number 9)  	[MsgId: MMSG-26576]
Action.c(121): web_url("-4276412816532324841%7C-2257558592581803439") was successful, 118340 body bytes, 1594 header bytes  	[MsgId: MMSG-26386]
Action.c(132): web_url("selection") started  	[MsgId: MMSG-26355]
Action.c(132): Error -26611: HTTP Status-Code=500 (Internal Server Error) for "https://arc.msn.com/v4/api/selection?placement=88000360&nct=1&fmt=json&ISU=1&AREF=0&APRIMB=0&ADEFAB=0&OPSYS=WIN10&locale=en-US&country=VN&edgeid=-945223331753601845&ACHANNEL=4&ABUILD=130.0.6723.70&poptin=1&devosver=10.0.22631.4317&clr=esdk&UITHEME=dark&EPCON=0&AMAJOR=130&AMINOR=0&ABLD=6723&APATCH=70"  	[MsgId: MERR-26611]
End auto log messages stack.


Start auto log messages stack - Iteration 4.
Action.c(109): web_custom_request("rewardsUserInfo") started  	[MsgId: MMSG-26355]
Action.c(109): web_custom_request("rewardsUserInfo") was successful, 156 body bytes, 580 header bytes  	[MsgId: MMSG-26386]
Action.c(121): web_url("-4276412816532324841%7C-2257558592581803439") started  	[MsgId: MMSG-26355]
Action.c(121): Downloading resource "https://ka-f.fontawesome.com/releases/v6.6.0/webfonts/free-fa-brands-400.woff2" (specified by argument number 9)  	[MsgId: MMSG-26576]
Action.c(121): web_url("-4276412816532324841%7C-2257558592581803439") was successful, 118340 body bytes, 1589 header bytes  	[MsgId: MMSG-26386]
Action.c(132): web_url("selection") started  	[MsgId: MMSG-26355]
Action.c(132): Error -26611: HTTP Status-Code=500 (Internal Server Error) for "https://arc.msn.com/v4/api/selection?placement=88000360&nct=1&fmt=json&ISU=1&AREF=0&APRIMB=0&ADEFAB=0&OPSYS=WIN10&locale=en-US&country=VN&edgeid=-945223331753601845&ACHANNEL=4&ABUILD=130.0.6723.70&poptin=1&devosver=10.0.22631.4317&clr=esdk&UITHEME=dark&EPCON=0&AMAJOR=130&AMINOR=0&ABLD=6723&APATCH=70"  	[MsgId: MERR-26611]
End auto log messages stack.


Start auto log messages stack - Iteration 4.
Action.c(109): web_custom_request("rewardsUserInfo") started  	[MsgId: MMSG-26355]
Action.c(109): web_custom_request("rewardsUserInfo") was successful, 156 body bytes, 580 header bytes  	[MsgId: MMSG-26386]
Action.c(121): web_url("-4276412816532324841%7C-2257558592581803439") started  	[MsgId: MMSG-26355]
Action.c(121): Downloading resource "https://ka-f.fontawesome.com/releases/v6.6.0/webfonts/free-fa-brands-400.woff2" (specified by argument number 9)  	[MsgId: MMSG-26576]
Action.c(121): web_url("-4276412816532324841%7C-2257558592581803439") was successful, 118317 body bytes, 1580 header bytes  	[MsgId: MMSG-26386]
Action.c(132): web_url("selection") started  	[MsgId: MMSG-26355]
Action.c(132): Error -26611: HTTP Status-Code=500 (Internal Server Error) for "https://arc.msn.com/v4/api/selection?placement=88000360&nct=1&fmt=json&ISU=1&AREF=0&APRIMB=0&ADEFAB=0&OPSYS=WIN10&locale=en-US&country=VN&edgeid=-945223331753601845&ACHANNEL=4&ABUILD=130.0.6723.70&poptin=1&devosver=10.0.22631.4317&clr=esdk&UITHEME=dark&EPCON=0&AMAJOR=130&AMINOR=0&ABLD=6723&APATCH=70"  	[MsgId: MERR-26611]
End auto log messages stack.


Start auto log messages stack - Iteration 5.
Action.c(109): web_custom_request("rewardsUserInfo") started  	[MsgId: MMSG-26355]
Action.c(109): web_custom_request("rewardsUserInfo") was successful, 156 body bytes, 580 header bytes  	[MsgId: MMSG-26386]
Action.c(121): web_url("-4276412816532324841%7C-2257558592581803439") started  	[MsgId: MMSG-26355]
Action.c(121): Downloading resource "https://ka-f.fontawesome.com/releases/v6.6.0/webfonts/free-fa-brands-400.woff2" (specified by argument number 9)  	[MsgId: MMSG-26576]
Action.c(121): web_url("-4276412816532324841%7C-2257558592581803439") was successful, 118317 body bytes, 1592 header bytes  	[MsgId: MMSG-26386]
Action.c(132): web_url("selection") started  	[MsgId: MMSG-26355]
Action.c(132): Error -26611: HTTP Status-Code=500 (Internal Server Error) for "https://arc.msn.com/v4/api/selection?placement=88000360&nct=1&fmt=json&ISU=1&AREF=0&APRIMB=0&ADEFAB=0&OPSYS=WIN10&locale=en-US&country=VN&edgeid=-945223331753601845&ACHANNEL=4&ABUILD=130.0.6723.70&poptin=1&devosver=10.0.22631.4317&clr=esdk&UITHEME=dark&EPCON=0&AMAJOR=130&AMINOR=0&ABLD=6723&APATCH=70"  	[MsgId: MERR-26611]
End auto log messages stack.


Start auto log messages stack - Iteration 5.
Action.c(109): web_custom_request("rewardsUserInfo") started  	[MsgId: MMSG-26355]
Action.c(109): web_custom_request("rewardsUserInfo") was successful, 156 body bytes, 580 header bytes  	[MsgId: MMSG-26386]
Action.c(121): web_url("-4276412816532324841%7C-2257558592581803439") started  	[MsgId: MMSG-26355]
Action.c(121): Downloading resource "https://ka-f.fontawesome.com/releases/v6.6.0/webfonts/free-fa-brands-400.woff2" (specified by argument number 9)  	[MsgId: MMSG-26576]
Action.c(121): web_url("-4276412816532324841%7C-2257558592581803439") was successful, 118340 body bytes, 1596 header bytes  	[MsgId: MMSG-26386]
Action.c(132): web_url("selection") started  	[MsgId: MMSG-26355]
Action.c(132): Error -26611: HTTP Status-Code=500 (Internal Server Error) for "https://arc.msn.com/v4/api/selection?placement=88000360&nct=1&fmt=json&ISU=1&AREF=0&APRIMB=0&ADEFAB=0&OPSYS=WIN10&locale=en-US&country=VN&edgeid=-945223331753601845&ACHANNEL=4&ABUILD=130.0.6723.70&poptin=1&devosver=10.0.22631.4317&clr=esdk&UITHEME=dark&EPCON=0&AMAJOR=130&AMINOR=0&ABLD=6723&APATCH=70"  	[MsgId: MERR-26611]
End auto log messages stack.


Start auto log messages stack - Iteration 1.
Action.c(109): web_custom_request("rewardsUserInfo") started  	[MsgId: MMSG-26355]
Action.c(109): web_custom_request("rewardsUserInfo") was successful, 156 body bytes, 580 header bytes  	[MsgId: MMSG-26386]
Action.c(121): web_url("-4276412816532324841%7C-2257558592581803439") started  	[MsgId: MMSG-26355]
Action.c(121): Downloading resource "https://ka-f.fontawesome.com/releases/v6.6.0/webfonts/free-fa-brands-400.woff2" (specified by argument number 9)  	[MsgId: MMSG-26576]
Action.c(121): web_url("-4276412816532324841%7C-2257558592581803439") was successful, 118317 body bytes, 1590 header bytes  	[MsgId: MMSG-26386]
Action.c(132): web_url("selection") started  	[MsgId: MMSG-26355]
Action.c(132): Error -26611: HTTP Status-Code=500 (Internal Server Error) for "https://arc.msn.com/v4/api/selection?placement=88000360&nct=1&fmt=json&ISU=1&AREF=0&APRIMB=0&ADEFAB=0&OPSYS=WIN10&locale=en-US&country=VN&edgeid=-945223331753601845&ACHANNEL=4&ABUILD=130.0.6723.70&poptin=1&devosver=10.0.22631.4317&clr=esdk&UITHEME=dark&EPCON=0&AMAJOR=130&AMINOR=0&ABLD=6723&APATCH=70"  	[MsgId: MERR-26611]
End auto log messages stack.


Start auto log messages stack - Iteration 6.
Action.c(109): web_custom_request("rewardsUserInfo") started  	[MsgId: MMSG-26355]
Action.c(109): web_custom_request("rewardsUserInfo") was successful, 156 body bytes, 580 header bytes  	[MsgId: MMSG-26386]
Action.c(121): web_url("-4276412816532324841%7C-2257558592581803439") started  	[MsgId: MMSG-26355]
Action.c(121): Downloading resource "https://ka-f.fontawesome.com/releases/v6.6.0/webfonts/free-fa-brands-400.woff2" (specified by argument number 9)  	[MsgId: MMSG-26576]
Action.c(121): web_url("-4276412816532324841%7C-2257558592581803439") was successful, 118340 body bytes, 1588 header bytes  	[MsgId: MMSG-26386]
Action.c(132): web_url("selection") started  	[MsgId: MMSG-26355]
Action.c(132): Error -26611: HTTP Status-Code=500 (Internal Server Error) for "https://arc.msn.com/v4/api/selection?placement=88000360&nct=1&fmt=json&ISU=1&AREF=0&APRIMB=0&ADEFAB=0&OPSYS=WIN10&locale=en-US&country=VN&edgeid=-945223331753601845&ACHANNEL=4&ABUILD=130.0.6723.70&poptin=1&devosver=10.0.22631.4317&clr=esdk&UITHEME=dark&EPCON=0&AMAJOR=130&AMINOR=0&ABLD=6723&APATCH=70"  	[MsgId: MERR-26611]
End auto log messages stack.


Start auto log messages stack - Iteration 2.
Action.c(109): web_custom_request("rewardsUserInfo") started  	[MsgId: MMSG-26355]
Action.c(109): web_custom_request("rewardsUserInfo") was successful, 156 body bytes, 580 header bytes  	[MsgId: MMSG-26386]
Action.c(121): web_url("-4276412816532324841%7C-2257558592581803439") started  	[MsgId: MMSG-26355]
Action.c(121): Downloading resource "https://ka-f.fontawesome.com/releases/v6.6.0/webfonts/free-fa-brands-400.woff2" (specified by argument number 9)  	[MsgId: MMSG-26576]
Action.c(121): web_url("-4276412816532324841%7C-2257558592581803439") was successful, 118317 body bytes, 1585 header bytes  	[MsgId: MMSG-26386]
Action.c(132): web_url("selection") started  	[MsgId: MMSG-26355]
Action.c(132): Error -26611: HTTP Status-Code=500 (Internal Server Error) for "https://arc.msn.com/v4/api/selection?placement=88000360&nct=1&fmt=json&ISU=1&AREF=0&APRIMB=0&ADEFAB=0&OPSYS=WIN10&locale=en-US&country=VN&edgeid=-945223331753601845&ACHANNEL=4&ABUILD=130.0.6723.70&poptin=1&devosver=10.0.22631.4317&clr=esdk&UITHEME=dark&EPCON=0&AMAJOR=130&AMINOR=0&ABLD=6723&APATCH=70"  	[MsgId: MERR-26611]
End auto log messages stack.


Start auto log messages stack - Iteration 6.
Action.c(109): web_custom_request("rewardsUserInfo") started  	[MsgId: MMSG-26355]
Action.c(109): web_custom_request("rewardsUserInfo") was successful, 156 body bytes, 580 header bytes  	[MsgId: MMSG-26386]
Action.c(121): web_url("-4276412816532324841%7C-2257558592581803439") started  	[MsgId: MMSG-26355]
Action.c(121): Downloading resource "https://ka-f.fontawesome.com/releases/v6.6.0/webfonts/free-fa-brands-400.woff2" (specified by argument number 9)  	[MsgId: MMSG-26576]
Action.c(121): web_url("-4276412816532324841%7C-2257558592581803439") was successful, 118317 body bytes, 1591 header bytes  	[MsgId: MMSG-26386]
Action.c(132): web_url("selection") started  	[MsgId: MMSG-26355]
Action.c(132): Error -26611: HTTP Status-Code=500 (Internal Server Error) for "https://arc.msn.com/v4/api/selection?placement=88000360&nct=1&fmt=json&ISU=1&AREF=0&APRIMB=0&ADEFAB=0&OPSYS=WIN10&locale=en-US&country=VN&edgeid=-945223331753601845&ACHANNEL=4&ABUILD=130.0.6723.70&poptin=1&devosver=10.0.22631.4317&clr=esdk&UITHEME=dark&EPCON=0&AMAJOR=130&AMINOR=0&ABLD=6723&APATCH=70"  	[MsgId: MERR-26611]
End auto log messages stack.


Start auto log messages stack - Iteration 1.
Action.c(109): web_custom_request("rewardsUserInfo") started  	[MsgId: MMSG-26355]
Action.c(109): web_custom_request("rewardsUserInfo") was successful, 156 body bytes, 580 header bytes  	[MsgId: MMSG-26386]
Action.c(121): web_url("-4276412816532324841%7C-2257558592581803439") started  	[MsgId: MMSG-26355]
Action.c(121): Downloading resource "https://ka-f.fontawesome.com/releases/v6.6.0/webfonts/free-fa-brands-400.woff2" (specified by argument number 9)  	[MsgId: MMSG-26576]
Action.c(121): web_url("-4276412816532324841%7C-2257558592581803439") was successful, 118317 body bytes, 1584 header bytes  	[MsgId: MMSG-26386]
Action.c(132): web_url("selection") started  	[MsgId: MMSG-26355]
Action.c(132): Error -26611: HTTP Status-Code=500 (Internal Server Error) for "https://arc.msn.com/v4/api/selection?placement=88000360&nct=1&fmt=json&ISU=1&AREF=0&APRIMB=0&ADEFAB=0&OPSYS=WIN10&locale=en-US&country=VN&edgeid=-945223331753601845&ACHANNEL=4&ABUILD=130.0.6723.70&poptin=1&devosver=10.0.22631.4317&clr=esdk&UITHEME=dark&EPCON=0&AMAJOR=130&AMINOR=0&ABLD=6723&APATCH=70"  	[MsgId: MERR-26611]
End auto log messages stack.


Start auto log messages stack - Iteration 7.
Action.c(109): web_custom_request("rewardsUserInfo") started  	[MsgId: MMSG-26355]
Action.c(109): web_custom_request("rewardsUserInfo") was successful, 156 body bytes, 580 header bytes  	[MsgId: MMSG-26386]
Action.c(121): web_url("-4276412816532324841%7C-2257558592581803439") started  	[MsgId: MMSG-26355]
Action.c(121): Downloading resource "https://ka-f.fontawesome.com/releases/v6.6.0/webfonts/free-fa-brands-400.woff2" (specified by argument number 9)  	[MsgId: MMSG-26576]
Action.c(121): web_url("-4276412816532324841%7C-2257558592581803439") was successful, 118317 body bytes, 1591 header bytes  	[MsgId: MMSG-26386]
Action.c(132): web_url("selection") started  	[MsgId: MMSG-26355]
Action.c(132): Error -26611: HTTP Status-Code=500 (Internal Server Error) for "https://arc.msn.com/v4/api/selection?placement=88000360&nct=1&fmt=json&ISU=1&AREF=0&APRIMB=0&ADEFAB=0&OPSYS=WIN10&locale=en-US&country=VN&edgeid=-945223331753601845&ACHANNEL=4&ABUILD=130.0.6723.70&poptin=1&devosver=10.0.22631.4317&clr=esdk&UITHEME=dark&EPCON=0&AMAJOR=130&AMINOR=0&ABLD=6723&APATCH=70"  	[MsgId: MERR-26611]
End auto log messages stack.


Start auto log messages stack - Iteration 3.
Action.c(109): web_custom_request("rewardsUserInfo") started  	[MsgId: MMSG-26355]
Action.c(109): web_custom_request("rewardsUserInfo") was successful, 156 body bytes, 580 header bytes  	[MsgId: MMSG-26386]
Action.c(121): web_url("-4276412816532324841%7C-2257558592581803439") started  	[MsgId: MMSG-26355]
Action.c(121): Downloading resource "https://ka-f.fontawesome.com/releases/v6.6.0/webfonts/free-fa-brands-400.woff2" (specified by argument number 9)  	[MsgId: MMSG-26576]
Action.c(121): web_url("-4276412816532324841%7C-2257558592581803439") was successful, 118340 body bytes, 1595 header bytes  	[MsgId: MMSG-26386]
Action.c(132): web_url("selection") started  	[MsgId: MMSG-26355]
Action.c(132): Error -26611: HTTP Status-Code=500 (Internal Server Error) for "https://arc.msn.com/v4/api/selection?placement=88000360&nct=1&fmt=json&ISU=1&AREF=0&APRIMB=0&ADEFAB=0&OPSYS=WIN10&locale=en-US&country=VN&edgeid=-945223331753601845&ACHANNEL=4&ABUILD=130.0.6723.70&poptin=1&devosver=10.0.22631.4317&clr=esdk&UITHEME=dark&EPCON=0&AMAJOR=130&AMINOR=0&ABLD=6723&APATCH=70"  	[MsgId: MERR-26611]
End auto log messages stack.


Start auto log messages stack - Iteration 7.
Action.c(109): web_custom_request("rewardsUserInfo") started  	[MsgId: MMSG-26355]
Action.c(109): web_custom_request("rewardsUserInfo") was successful, 156 body bytes, 580 header bytes  	[MsgId: MMSG-26386]
Action.c(121): web_url("-4276412816532324841%7C-2257558592581803439") started  	[MsgId: MMSG-26355]
Action.c(121): Downloading resource "https://ka-f.fontawesome.com/releases/v6.6.0/webfonts/free-fa-brands-400.woff2" (specified by argument number 9)  	[MsgId: MMSG-26576]
Action.c(121): web_url("-4276412816532324841%7C-2257558592581803439") was successful, 118340 body bytes, 1594 header bytes  	[MsgId: MMSG-26386]
Action.c(132): web_url("selection") started  	[MsgId: MMSG-26355]
Action.c(132): Error -26611: HTTP Status-Code=500 (Internal Server Error) for "https://arc.msn.com/v4/api/selection?placement=88000360&nct=1&fmt=json&ISU=1&AREF=0&APRIMB=0&ADEFAB=0&OPSYS=WIN10&locale=en-US&country=VN&edgeid=-945223331753601845&ACHANNEL=4&ABUILD=130.0.6723.70&poptin=1&devosver=10.0.22631.4317&clr=esdk&UITHEME=dark&EPCON=0&AMAJOR=130&AMINOR=0&ABLD=6723&APATCH=70"  	[MsgId: MERR-26611]
End auto log messages stack.


Start auto log messages stack - Iteration 2.
Action.c(109): web_custom_request("rewardsUserInfo") started  	[MsgId: MMSG-26355]
Action.c(109): web_custom_request("rewardsUserInfo") was successful, 156 body bytes, 580 header bytes  	[MsgId: MMSG-26386]
Action.c(121): web_url("-4276412816532324841%7C-2257558592581803439") started  	[MsgId: MMSG-26355]
Action.c(121): Downloading resource "https://ka-f.fontawesome.com/releases/v6.6.0/webfonts/free-fa-brands-400.woff2" (specified by argument number 9)  	[MsgId: MMSG-26576]
Action.c(121): web_url("-4276412816532324841%7C-2257558592581803439") was successful, 118340 body bytes, 1585 header bytes  	[MsgId: MMSG-26386]
Action.c(132): web_url("selection") started  	[MsgId: MMSG-26355]
Action.c(132): Error -26611: HTTP Status-Code=500 (Internal Server Error) for "https://arc.msn.com/v4/api/selection?placement=88000360&nct=1&fmt=json&ISU=1&AREF=0&APRIMB=0&ADEFAB=0&OPSYS=WIN10&locale=en-US&country=VN&edgeid=-945223331753601845&ACHANNEL=4&ABUILD=130.0.6723.70&poptin=1&devosver=10.0.22631.4317&clr=esdk&UITHEME=dark&EPCON=0&AMAJOR=130&AMINOR=0&ABLD=6723&APATCH=70"  	[MsgId: MERR-26611]
End auto log messages stack.


Start auto log messages stack - Iteration 8.
Action.c(109): web_custom_request("rewardsUserInfo") started  	[MsgId: MMSG-26355]
Action.c(109): web_custom_request("rewardsUserInfo") was successful, 156 body bytes, 580 header bytes  	[MsgId: MMSG-26386]
Action.c(121): web_url("-4276412816532324841%7C-2257558592581803439") started  	[MsgId: MMSG-26355]
Action.c(121): Downloading resource "https://ka-f.fontawesome.com/releases/v6.6.0/webfonts/free-fa-brands-400.woff2" (specified by argument number 9)  	[MsgId: MMSG-26576]
Action.c(121): web_url("-4276412816532324841%7C-2257558592581803439") was successful, 118317 body bytes, 1590 header bytes  	[MsgId: MMSG-26386]
Action.c(132): web_url("selection") started  	[MsgId: MMSG-26355]
Action.c(132): Error -26611: HTTP Status-Code=500 (Internal Server Error) for "https://arc.msn.com/v4/api/selection?placement=88000360&nct=1&fmt=json&ISU=1&AREF=0&APRIMB=0&ADEFAB=0&OPSYS=WIN10&locale=en-US&country=VN&edgeid=-945223331753601845&ACHANNEL=4&ABUILD=130.0.6723.70&poptin=1&devosver=10.0.22631.4317&clr=esdk&UITHEME=dark&EPCON=0&AMAJOR=130&AMINOR=0&ABLD=6723&APATCH=70"  	[MsgId: MERR-26611]
End auto log messages stack.


Start auto log messages stack - Iteration 6.
Action.c(109): web_custom_request("rewardsUserInfo") started  	[MsgId: MMSG-26355]
Action.c(109): web_custom_request("rewardsUserInfo") was successful, 156 body bytes, 580 header bytes  	[MsgId: MMSG-26386]
Action.c(121): web_url("-4276412816532324841%7C-2257558592581803439") started  	[MsgId: MMSG-26355]
Action.c(121): Downloading resource "https://ka-f.fontawesome.com/releases/v6.6.0/webfonts/free-fa-brands-400.woff2" (specified by argument number 9)  	[MsgId: MMSG-26576]
Action.c(121): web_url("-4276412816532324841%7C-2257558592581803439") was successful, 118317 body bytes, 1593 header bytes  	[MsgId: MMSG-26386]
Action.c(132): web_url("selection") started  	[MsgId: MMSG-26355]
Action.c(132): Error -26611: HTTP Status-Code=500 (Internal Server Error) for "https://arc.msn.com/v4/api/selection?placement=88000360&nct=1&fmt=json&ISU=1&AREF=0&APRIMB=0&ADEFAB=0&OPSYS=WIN10&locale=en-US&country=VN&edgeid=-945223331753601845&ACHANNEL=4&ABUILD=130.0.6723.70&poptin=1&devosver=10.0.22631.4317&clr=esdk&UITHEME=dark&EPCON=0&AMAJOR=130&AMINOR=0&ABLD=6723&APATCH=70"  	[MsgId: MERR-26611]
End auto log messages stack.


Start auto log messages stack - Iteration 4.
Action.c(109): web_custom_request("rewardsUserInfo") started  	[MsgId: MMSG-26355]
Action.c(109): web_custom_request("rewardsUserInfo") was successful, 156 body bytes, 580 header bytes  	[MsgId: MMSG-26386]
Action.c(121): web_url("-4276412816532324841%7C-2257558592581803439") started  	[MsgId: MMSG-26355]
Action.c(121): Downloading resource "https://ka-f.fontawesome.com/releases/v6.6.0/webfonts/free-fa-brands-400.woff2" (specified by argument number 9)  	[MsgId: MMSG-26576]
Action.c(121): web_url("-4276412816532324841%7C-2257558592581803439") was successful, 118317 body bytes, 1589 header bytes  	[MsgId: MMSG-26386]
Action.c(132): web_url("selection") started  	[MsgId: MMSG-26355]
Action.c(132): Error -26611: HTTP Status-Code=500 (Internal Server Error) for "https://arc.msn.com/v4/api/selection?placement=88000360&nct=1&fmt=json&ISU=1&AREF=0&APRIMB=0&ADEFAB=0&OPSYS=WIN10&locale=en-US&country=VN&edgeid=-945223331753601845&ACHANNEL=4&ABUILD=130.0.6723.70&poptin=1&devosver=10.0.22631.4317&clr=esdk&UITHEME=dark&EPCON=0&AMAJOR=130&AMINOR=0&ABLD=6723&APATCH=70"  	[MsgId: MERR-26611]
Start auto log messages stack - Iteration 6.
Action.c(109): web_custom_request("rewardsUserInfo") started  	[MsgId: MMSG-26355]
Action.c(109): web_custom_request("rewardsUserInfo") was successful, 156 body bytes, 580 header bytes  	[MsgId: MMSG-26386]
Action.c(121): web_url("-4276412816532324841%7C-2257558592581803439") started  	[MsgId: MMSG-26355]
Action.c(121): Downloading resource "https://ka-f.fontawesome.com/releases/v6.6.0/webfonts/free-fa-brands-400.woff2" (specified by argument number 9)  	[MsgId: MMSG-26576]
Action.c(121): web_url("-4276412816532324841%7C-2257558592581803439") was successful, 118317 body bytes, 1604 header bytes  	[MsgId: MMSG-26386]
Action.c(132): web_url("selection") started  	[MsgId: MMSG-26355]
Action.c(132): Error -26611: HTTP Status-Code=500 (Internal Server Error) for "https://arc.msn.com/v4/api/selection?placement=88000360&nct=1&fmt=json&ISU=1&AREF=0&APRIMB=0&ADEFAB=0&OPSYS=WIN10&locale=en-US&country=VN&edgeid=-945223331753601845&ACHANNEL=4&ABUILD=130.0.6723.70&poptin=1&devosver=10.0.22631.4317&clr=esdk&UITHEME=dark&EPCON=0&AMAJOR=130&AMINOR=0&ABLD=6723&APATCH=70"  	[MsgId: MERR-26611]
End auto log messages stack.


End auto log messages stack.


Start auto log messages stack - Iteration 4.
Action.c(109): web_custom_request("rewardsUserInfo") started  	[MsgId: MMSG-26355]
Action.c(109): web_custom_request("rewardsUserInfo") was successful, 156 body bytes, 580 header bytes  	[MsgId: MMSG-26386]
Action.c(121): web_url("-4276412816532324841%7C-2257558592581803439") started  	[MsgId: MMSG-26355]
Action.c(121): Downloading resource "https://ka-f.fontawesome.com/releases/v6.6.0/webfonts/free-fa-brands-400.woff2" (specified by argument number 9)  	[MsgId: MMSG-26576]
Action.c(121): web_url("-4276412816532324841%7C-2257558592581803439") was successful, 118317 body bytes, 1598 header bytes  	[MsgId: MMSG-26386]
Action.c(132): web_url("selection") started  	[MsgId: MMSG-26355]
Action.c(132): Error -26611: HTTP Status-Code=500 (Internal Server Error) for "https://arc.msn.com/v4/api/selection?placement=88000360&nct=1&fmt=json&ISU=1&AREF=0&APRIMB=0&ADEFAB=0&OPSYS=WIN10&locale=en-US&country=VN&edgeid=-945223331753601845&ACHANNEL=4&ABUILD=130.0.6723.70&poptin=1&devosver=10.0.22631.4317&clr=esdk&UITHEME=dark&EPCON=0&AMAJOR=130&AMINOR=0&ABLD=6723&APATCH=70"  	[MsgId: MERR-26611]
End auto log messages stack.


Start auto log messages stack - Iteration 4.
Action.c(109): web_custom_request("rewardsUserInfo") started  	[MsgId: MMSG-26355]
Action.c(109): web_custom_request("rewardsUserInfo") was successful, 156 body bytes, 580 header bytes  	[MsgId: MMSG-26386]
Action.c(121): web_url("-4276412816532324841%7C-2257558592581803439") started  	[MsgId: MMSG-26355]
Action.c(121): Downloading resource "https://ka-f.fontawesome.com/releases/v6.6.0/webfonts/free-fa-brands-400.woff2" (specified by argument number 9)  	[MsgId: MMSG-26576]
Action.c(121): web_url("-4276412816532324841%7C-2257558592581803439") was successful, 118317 body bytes, 1598 header bytes  	[MsgId: MMSG-26386]
Action.c(132): web_url("selection") started  	[MsgId: MMSG-26355]
Action.c(132): Error -26611: HTTP Status-Code=500 (Internal Server Error) for "https://arc.msn.com/v4/api/selection?placement=88000360&nct=1&fmt=json&ISU=1&AREF=0&APRIMB=0&ADEFAB=0&OPSYS=WIN10&locale=en-US&country=VN&edgeid=-945223331753601845&ACHANNEL=4&ABUILD=130.0.6723.70&poptin=1&devosver=10.0.22631.4317&clr=esdk&UITHEME=dark&EPCON=0&AMAJOR=130&AMINOR=0&ABLD=6723&APATCH=70"  	[MsgId: MERR-26611]
End auto log messages stack.


Start auto log messages stack - Iteration 5.
Action.c(109): web_custom_request("rewardsUserInfo") started  	[MsgId: MMSG-26355]
Action.c(109): web_custom_request("rewardsUserInfo") was successful, 156 body bytes, 580 header bytes  	[MsgId: MMSG-26386]
Action.c(121): web_url("-4276412816532324841%7C-2257558592581803439") started  	[MsgId: MMSG-26355]
Action.c(121): Downloading resource "https://ka-f.fontawesome.com/releases/v6.6.0/webfonts/free-fa-brands-400.woff2" (specified by argument number 9)  	[MsgId: MMSG-26576]
Action.c(121): web_url("-4276412816532324841%7C-2257558592581803439") was successful, 118317 body bytes, 1591 header bytes  	[MsgId: MMSG-26386]
Action.c(132): web_url("selection") started  	[MsgId: MMSG-26355]
Action.c(132): Error -26611: HTTP Status-Code=500 (Internal Server Error) for "https://arc.msn.com/v4/api/selection?placement=88000360&nct=1&fmt=json&ISU=1&AREF=0&APRIMB=0&ADEFAB=0&OPSYS=WIN10&locale=en-US&country=VN&edgeid=-945223331753601845&ACHANNEL=4&ABUILD=130.0.6723.70&poptin=1&devosver=10.0.22631.4317&clr=esdk&UITHEME=dark&EPCON=0&AMAJOR=130&AMINOR=0&ABLD=6723&APATCH=70"  	[MsgId: MERR-26611]
End auto log messages stack.


