Start auto log messages stack - Iteration 9.
Starting action Action.
Action.c(4): web_url("css") started  	[MsgId: MMSG-26355]
Action.c(4): web_url("css") was successful, 1819 body bytes, 670 header bytes, 17 chunking overhead bytes  	[MsgId: MMSG-26385]
Action.c(12): web_set_sockets_option started  	[MsgId: MMSG-26355]
Action.c(12): web_set_sockets_option was successful  	[MsgId: MMSG-26392]
Action.c(14): web_url("v3") started  	[MsgId: MMSG-26355]
Action.c(14): ssl_handle_status encounter error : SSL_ERROR_SYSCALL, error id : 0  	[MsgId: MMSG-26000]
Action.c(14): Error -27776: [GENERAL_MSG_CAT_SSL_ERROR]connect to host "edge.microsoft.com" failed: [10054] Connection reset by peer
This is probably because the SSL protocol version is not supported. Try switching the TLS/SSL version using "web_set_sockets_option" API.  	[MsgId: MERR-27776]
End auto log messages stack.


Start auto log messages stack - Iteration 10.
Starting action Action.
Action.c(4): web_url("css") started  	[MsgId: MMSG-26355]
Action.c(4): web_url("css") was successful, 1819 body bytes, 670 header bytes, 17 chunking overhead bytes  	[MsgId: MMSG-26385]
Action.c(12): web_set_sockets_option started  	[MsgId: MMSG-26355]
Action.c(12): web_set_sockets_option was successful  	[MsgId: MMSG-26392]
Action.c(14): web_url("v3") started  	[MsgId: MMSG-26355]
Action.c(14): ssl_handle_status encounter error : SSL_ERROR_SYSCALL, error id : 0  	[MsgId: MMSG-26000]
Action.c(14): Error -27776: [GENERAL_MSG_CAT_SSL_ERROR]connect to host "edge.microsoft.com" failed: [10054] Connection reset by peer
This is probably because the SSL protocol version is not supported. Try switching the TLS/SSL version using "web_set_sockets_option" API.  	[MsgId: MERR-27776]
End auto log messages stack.


Start auto log messages stack - Iteration 31.
Action.c(195): web_add_cookie was successful  	[MsgId: MMSG-26392]
Action.c(197): web_add_cookie started  	[MsgId: MMSG-26355]
Action.c(197): web_add_cookie was successful  	[MsgId: MMSG-26392]
Action.c(199): web_add_cookie started  	[MsgId: MMSG-26355]
Action.c(199): web_add_cookie was successful  	[MsgId: MMSG-26392]
Action.c(201): web_add_cookie started  	[MsgId: MMSG-26355]
Action.c(201): web_add_cookie was successful  	[MsgId: MMSG-26392]
Action.c(203): web_add_cookie started  	[MsgId: MMSG-26355]
Action.c(203): web_add_cookie was successful  	[MsgId: MMSG-26392]
Action.c(205): web_url("config.json") started  	[MsgId: MMSG-26355]
Action.c(205): Error -27792: Failed to connect to server "edge-consumer-static.azureedge.net:443": [10060] Connection timed out  	[MsgId: MERR-27792]
End auto log messages stack.


Start auto log messages stack - Iteration 58.
Start auto log messages stack - Iteration 54.
Start auto log messages stack - Iteration 54.
Start auto log messages stack - Iteration 48.
Start auto log messages stack - Iteration 58.
Start auto log messages stack - Iteration 58.
Start auto log messages stack - Iteration 58.
Start auto log messages stack - Iteration 52.
Action.c(52): web_url("crx") started  	[MsgId: MMSG-26355]
Action.c(52): Downloading resource "https://cdn.jsdelivr.net/npm/sweetalert2@11" (specified by argument number 9)  	[MsgId: MMSG-26576]
Action.c(52): web_url("crx") was successful, 19663 body bytes, 1085 header bytes  	[MsgId: MMSG-26386]
Action.c(63): web_url("blocklist") started  	[MsgId: MMSG-26355]
Action.c(63): Downloading resource "http://fonts.gstatic.com/s/opensans/v40/memvYaGs126MiZpBA-UvWbX2vVnXBbObj2OVTSCmu1aB.woff2" (specified by argument number 9)  	[MsgId: MMSG-26576]
Action.c(63): Downloading resource "https://cdn.jsdelivr.net/npm/bootstrap-icons@1.7.2/font/bootstrap-icons.css" (specified by argument number 12)  	[MsgId: MMSG-26576]
Action.c(63): Error -27720: Step download timeout (120 seconds) has expired when downloading resource "http://fonts.gstatic.com/s/opensans/v40/memvYaGs126MiZpBA-UvWbX2vVnXBbObj2OVTSCmu1aB.woff2". Set the "Step Timeout caused by resources is a warning" Runtime Setting to Yes/No to have this message as a warning/error, respectively  	[MsgId: MERR-27720]
End auto log messages stack.


Action.c(279): Downloading resource "https://cdnjs.cloudflare.com/ajax/libs/font-awesome/5.15.3/css/all.min.css" (specified by argument number 10)  	[MsgId: MMSG-26576]
Action.c(279): Downloading resource "https://code.jquery.com/jquery-3.5.1.min.js" (specified by argument number 13)  	[MsgId: MMSG-26576]
Action.c(279): web_custom_request("cloud_config_observers.json") was successful, 43546 body bytes, 2153 header bytes  	[MsgId: MMSG-26386]
Action.c(293): web_url("-6030100249971701251") started  	[MsgId: MMSG-26355]
Action.c(293): web_url("-6030100249971701251") was successful, 20 body bytes, 284 header bytes  	[MsgId: MMSG-26386]
Start auto log messages stack - Iteration 54.
Action.c(197): web_add_cookie was successful  	[MsgId: MMSG-26392]
Action.c(199): web_add_cookie started  	[MsgId: MMSG-26355]
Action.c(199): web_add_cookie was successful  	[MsgId: MMSG-26392]
Action.c(201): web_add_cookie started  	[MsgId: MMSG-26355]
Action.c(201): web_add_cookie was successful  	[MsgId: MMSG-26392]
Action.c(203): web_add_cookie started  	[MsgId: MMSG-26355]
Action.c(203): web_add_cookie was successful  	[MsgId: MMSG-26392]
Action.c(205): web_url("config.json") started  	[MsgId: MMSG-26355]
Action.c(205): Downloading resource "https://c.bing.com/c.gif?Red3=EdgPID_pd&pid=61d5220b-5ac4-4053-902c-e2920d81faad" (specified by argument number 9)  	[MsgId: MMSG-26576]
Action.c(205): Error -27720: Step download timeout (120 seconds) has expired when downloading resource "https://c.bing.com/c.gif?Red3=EdgPID_pd&pid=61d5220b-5ac4-4053-902c-e2920d81faad". Set the "Step Timeout caused by resources is a warning" Runtime Setting to Yes/No to have this message as a warning/error, respectively  	[MsgId: MERR-27720]
End auto log messages stack.


Start auto log messages stack - Iteration 55.
Start auto log messages stack - Iteration 58.
Start auto log messages stack - Iteration 53.
Start auto log messages stack - Iteration 55.
Start auto log messages stack - Iteration 51.
Start auto log messages stack - Iteration 55.
Start auto log messages stack - Iteration 54.
Start auto log messages stack - Iteration 53.
Start auto log messages stack - Iteration 53.
Start auto log messages stack - Iteration 53.
Start auto log messages stack - Iteration 57.
Action.c(302): web_custom_request("update_2") started  	[MsgId: MMSG-26355]
Action.c(302): Error -27644: Step download timeout (120 seconds) has expired when only cross-step downloads (0) were active  	[MsgId: MERR-27644]
End auto log messages stack.


Start auto log messages stack - Iteration 58.
Start auto log messages stack - Iteration 54.
Start auto log messages stack - Iteration 50.
Start auto log messages stack - Iteration 56.
Start auto log messages stack - Iteration 56.
Start auto log messages stack - Iteration 54.
Start auto log messages stack - Iteration 53.
Start auto log messages stack - Iteration 53.
Start auto log messages stack - Iteration 52.
Start auto log messages stack - Iteration 51.
Action.c(195): web_add_cookie was successful  	[MsgId: MMSG-26392]
Action.c(197): web_add_cookie started  	[MsgId: MMSG-26355]
Action.c(197): web_add_cookie was successful  	[MsgId: MMSG-26392]
Action.c(199): web_add_cookie started  	[MsgId: MMSG-26355]
Action.c(109): web_custom_request("rewardsUserInfo") started  	[MsgId: MMSG-26355]
Action.c(109): web_custom_request("rewardsUserInfo") was successful, 156 body bytes, 630 header bytes  	[MsgId: MMSG-26386]
Action.c(121): web_url("-4276412816532324841%7C-2257558592581803439") started  	[MsgId: MMSG-26355]
Action.c(121): Downloading resource "https://ka-f.fontawesome.com/releases/v6.6.0/webfonts/free-fa-brands-400.woff2" (specified by argument number 9)  	[MsgId: MMSG-26576]
Action.c(121): web_url("-4276412816532324841%7C-2257558592581803439") was successful, 118340 body bytes, 1590 header bytes  	[MsgId: MMSG-26386]
Action.c(199): web_add_cookie was successful  	[MsgId: MMSG-26392]
Action.c(201): web_add_cookie started  	[MsgId: MMSG-26355]
Action.c(201): web_add_cookie was successful  	[MsgId: MMSG-26392]
Action.c(203): web_add_cookie started  	[MsgId: MMSG-26355]
Action.c(203): web_add_cookie was successful  	[MsgId: MMSG-26392]
Action.c(132): web_url("selection") started  	[MsgId: MMSG-26355]
Action.c(132): Error -27644: Step download timeout (120 seconds) has expired when only cross-step downloads (0) were active  	[MsgId: MERR-27644]
End auto log messages stack.


Action.c(205): web_url("config.json") started  	[MsgId: MMSG-26355]
Action.c(205): Error -27721: Step download timeout (120 seconds) has expired when downloading resource "https://edge-consumer-static.azureedge.net/mouse-gesture/config.json"  	[MsgId: MERR-27721]
End auto log messages stack.


Action.c(109): web_custom_request("rewardsUserInfo") started  	[MsgId: MMSG-26355]
Action.c(109): web_custom_request("rewardsUserInfo") was successful, 156 body bytes, 630 header bytes  	[MsgId: MMSG-26386]
Action.c(121): web_url("-4276412816532324841%7C-2257558592581803439") started  	[MsgId: MMSG-26355]
Action.c(121): Downloading resource "https://ka-f.fontawesome.com/releases/v6.6.0/webfonts/free-fa-brands-400.woff2" (specified by argument number 9)  	[MsgId: MMSG-26576]
Action.c(121): web_url("-4276412816532324841%7C-2257558592581803439") was successful, 118340 body bytes, 1592 header bytes  	[MsgId: MMSG-26386]
Action.c(205): web_url("config.json") was successful, 143 body bytes, 1192 header bytes  	[MsgId: MMSG-26386]
Action.c(109): web_custom_request("rewardsUserInfo") started  	[MsgId: MMSG-26355]
Action.c(216): web_url("-341398893248106636%7C-2257558592581803439%7C1720537294320060623") started  	[MsgId: MMSG-26355]
Action.c(109): web_custom_request("rewardsUserInfo") was successful, 156 body bytes, 630 header bytes  	[MsgId: MMSG-26386]
Action.c(132): web_url("selection") started  	[MsgId: MMSG-26355]
Action.c(132): Error -27721: Step download timeout (120 seconds) has expired when downloading resource "https://arc.msn.com/v4/api/selection?placement=88000360&nct=1&fmt=json&ISU=1&AREF=0&APRIMB=0&ADEFAB=0&OPSYS=WIN10&locale=en-US&country=VN&edgeid=-945223331753601845&ACHANNEL=4&ABUILD=130.0.6723.70&poptin=1&devosver=10.0.22631.4317&clr=esdk&UITHEME=dark&EPCON=0&AMAJOR=130&AMINOR=0&ABLD=6723&APATCH=70"  	[MsgId: MERR-27721]
Action.c(121): web_url("-4276412816532324841%7C-2257558592581803439") started  	[MsgId: MMSG-26355]
Action.c(216): Downloading resource "https://ka-f.fontawesome.com/releases/v6.6.0/webfonts/free-fa-solid-900.woff2" (specified by argument number 9)  	[MsgId: MMSG-26576]
Action.c(121): Downloading resource "https://ka-f.fontawesome.com/releases/v6.6.0/webfonts/free-fa-brands-400.woff2" (specified by argument number 9)  	[MsgId: MMSG-26576]
End auto log messages stack.
Action.c(216): Downloading resource "https://ka-f.fontawesome.com/releases/v6.6.0/webfonts/free-fa-regular-400.woff2" (specified by argument number 12)  	[MsgId: MMSG-26576]


Action.c(121): web_url("-4276412816532324841%7C-2257558592581803439") was successful, 118340 body bytes, 1583 header bytes  	[MsgId: MMSG-26386]
Action.c(205): web_url("config.json") was successful, 143 body bytes, 1192 header bytes  	[MsgId: MMSG-26386]
Action.c(216): Downloading resource "https://file.hstatic.net/200000020602/file/top-nhung-loai-hoa-dep-nhat__6__aba5ffa9c7324c1da0440565d915bb1d_grande.png" (specified by argument number 15)  	[MsgId: MMSG-26576]
Action.c(216): Error -27720: Step download timeout (120 seconds) has expired when downloading resource "https://file.hstatic.net/200000020602/file/top-nhung-loai-hoa-dep-nhat__6__aba5ffa9c7324c1da0440565d915bb1d_grande.png". Set the "Step Timeout caused by resources is a warning" Runtime Setting to Yes/No to have this message as a warning/error, respectively  	[MsgId: MERR-27720]
End auto log messages stack.


Action.c(216): web_url("-341398893248106636%7C-2257558592581803439%7C1720537294320060623") started  	[MsgId: MMSG-26355]
Action.c(216): Downloading resource "https://ka-f.fontawesome.com/releases/v6.6.0/webfonts/free-fa-solid-900.woff2" (specified by argument number 9)  	[MsgId: MMSG-26576]
Action.c(216): Downloading resource "https://ka-f.fontawesome.com/releases/v6.6.0/webfonts/free-fa-regular-400.woff2" (specified by argument number 12)  	[MsgId: MMSG-26576]
Action.c(100): web_url("shoppingsettings_2") started  	[MsgId: MMSG-26355]
Action.c(100): web_url("shoppingsettings_2") was successful, 407 body bytes, 604 header bytes  	[MsgId: MMSG-26386]
Action.c(109): web_custom_request("rewardsUserInfo") started  	[MsgId: MMSG-26355]
Action.c(109): web_custom_request("rewardsUserInfo") was successful, 156 body bytes, 629 header bytes  	[MsgId: MMSG-26386]
Action.c(121): web_url("-4276412816532324841%7C-2257558592581803439") started  	[MsgId: MMSG-26355]
Action.c(121): Downloading resource "https://ka-f.fontawesome.com/releases/v6.6.0/webfonts/free-fa-brands-400.woff2" (specified by argument number 9)  	[MsgId: MMSG-26576]
Action.c(121): Error -27644: Step download timeout (120 seconds) has expired when only cross-step downloads (0) were active  	[MsgId: MERR-27644]
End auto log messages stack.


Action.c(132): web_url("selection") started  	[MsgId: MMSG-26355]
Action.c(132): Error -27721: Step download timeout (120 seconds) has expired when downloading resource "https://arc.msn.com/v4/api/selection?placement=88000360&nct=1&fmt=json&ISU=1&AREF=0&APRIMB=0&ADEFAB=0&OPSYS=WIN10&locale=en-US&country=VN&edgeid=-945223331753601845&ACHANNEL=4&ABUILD=130.0.6723.70&poptin=1&devosver=10.0.22631.4317&clr=esdk&UITHEME=dark&EPCON=0&AMAJOR=130&AMINOR=0&ABLD=6723&APATCH=70"  	[MsgId: MERR-27721]
End auto log messages stack.


Action.c(52): web_url("crx") started  	[MsgId: MMSG-26355]
Action.c(52): Downloading resource "https://cdn.jsdelivr.net/npm/sweetalert2@11" (specified by argument number 9)  	[MsgId: MMSG-26576]
Action.c(52): web_url("crx") was successful, 19663 body bytes, 1085 header bytes  	[MsgId: MMSG-26386]
Action.c(63): web_url("blocklist") started  	[MsgId: MMSG-26355]
Action.c(63): Downloading resource "http://fonts.gstatic.com/s/opensans/v40/memvYaGs126MiZpBA-UvWbX2vVnXBbObj2OVTSCmu1aB.woff2" (specified by argument number 9)  	[MsgId: MMSG-26576]
Action.c(52): web_url("crx") started  	[MsgId: MMSG-26355]
Action.c(63): Downloading resource "https://cdn.jsdelivr.net/npm/bootstrap-icons@1.7.2/font/bootstrap-icons.css" (specified by argument number 12)  	[MsgId: MMSG-26576]
Action.c(52): Downloading resource "https://cdn.jsdelivr.net/npm/sweetalert2@11" (specified by argument number 9)  	[MsgId: MMSG-26576]
Action.c(52): web_url("crx") was successful, 19663 body bytes, 1085 header bytes  	[MsgId: MMSG-26386]
Action.c(63): web_url("blocklist") started  	[MsgId: MMSG-26355]
Action.c(63): Downloading resource "http://fonts.gstatic.com/s/opensans/v40/memvYaGs126MiZpBA-UvWbX2vVnXBbObj2OVTSCmu1aB.woff2" (specified by argument number 9)  	[MsgId: MMSG-26576]
Action.c(63): Downloading resource "https://cdn.jsdelivr.net/npm/bootstrap-icons@1.7.2/font/bootstrap-icons.css" (specified by argument number 12)  	[MsgId: MMSG-26576]
Action.c(279): Downloading resource "https://cdnjs.cloudflare.com/ajax/libs/font-awesome/5.15.3/css/all.min.css" (specified by argument number 10)  	[MsgId: MMSG-26576]
Action.c(279): Downloading resource "https://code.jquery.com/jquery-3.5.1.min.js" (specified by argument number 13)  	[MsgId: MMSG-26576]
Action.c(279): web_custom_request("cloud_config_observers.json") was successful, 43546 body bytes, 2147 header bytes  	[MsgId: MMSG-26386]
Action.c(293): web_url("-6030100249971701251") started  	[MsgId: MMSG-26355]
Action.c(293): web_url("-6030100249971701251") was successful, 20 body bytes, 284 header bytes  	[MsgId: MMSG-26386]
Action.c(195): web_add_cookie was successful  	[MsgId: MMSG-26392]
Action.c(197): web_add_cookie started  	[MsgId: MMSG-26355]
Action.c(197): web_add_cookie was successful  	[MsgId: MMSG-26392]
Action.c(199): web_add_cookie started  	[MsgId: MMSG-26355]
Action.c(199): web_add_cookie was successful  	[MsgId: MMSG-26392]
Action.c(201): web_add_cookie started  	[MsgId: MMSG-26355]
Action.c(201): web_add_cookie was successful  	[MsgId: MMSG-26392]
Action.c(203): web_add_cookie started  	[MsgId: MMSG-26355]
Action.c(203): web_add_cookie was successful  	[MsgId: MMSG-26392]
Action.c(75): Downloading resource "https://ka-f.fontawesome.com/releases/v6.6.0/css/free-v4-font-face.min.css?token=f5cbf3afb2" (specified by argument number 15)  	[MsgId: MMSG-26576]
Action.c(205): web_url("config.json") was successful, 143 body bytes, 1153 header bytes  	[MsgId: MMSG-26386]
Action.c(216): web_url("-341398893248106636%7C-2257558592581803439%7C1720537294320060623") started  	[MsgId: MMSG-26355]
Action.c(216): Downloading resource "https://ka-f.fontawesome.com/releases/v6.6.0/webfonts/free-fa-solid-900.woff2" (specified by argument number 9)  	[MsgId: MMSG-26576]
Action.c(216): Downloading resource "https://ka-f.fontawesome.com/releases/v6.6.0/webfonts/free-fa-regular-400.woff2" (specified by argument number 12)  	[MsgId: MMSG-26576]
Action.c(75): Downloading resource "https://cdn.jsdelivr.net/npm/bootstrap-icons@1.7.2/font/fonts/bootstrap-icons.woff2?30af91bf14e37666a085fb8a161ff36d" (specified by argument number 18)  	[MsgId: MMSG-26576]
Action.c(75): web_url("-341398893248106636%7C-2257558592581803439") was successful, 115349 body bytes, 4833 header bytes  	[MsgId: MMSG-26386]
Action.c(89): web_url("shoppingsettings") started  	[MsgId: MMSG-26355]
Starting action Action.
Action.c(4): web_url("css") started  	[MsgId: MMSG-26355]
Action.c(109): web_custom_request("rewardsUserInfo") started  	[MsgId: MMSG-26355]
Action.c(4): Error -27720: Step download timeout (120 seconds) has expired when downloading resource "http://fonts.googleapis.com/css?family=Open+Sans:400,300,700,800". Set the "Step Timeout caused by resources is a warning" Runtime Setting to Yes/No to have this message as a warning/error, respectively  	[MsgId: MERR-27720]
Action.c(109): web_custom_request("rewardsUserInfo") was successful, 156 body bytes, 630 header bytes  	[MsgId: MMSG-26386]
Action.c(121): web_url("-4276412816532324841%7C-2257558592581803439") started  	[MsgId: MMSG-26355]
End auto log messages stack.


Action.c(121): Downloading resource "https://ka-f.fontawesome.com/releases/v6.6.0/webfonts/free-fa-brands-400.woff2" (specified by argument number 9)  	[MsgId: MMSG-26576]
Action.c(121): web_url("-4276412816532324841%7C-2257558592581803439") was successful, 118340 body bytes, 1586 header bytes  	[MsgId: MMSG-26386]
Action.c(52): web_url("crx") started  	[MsgId: MMSG-26355]
Action.c(197): web_add_cookie was successful  	[MsgId: MMSG-26392]
Action.c(52): Downloading resource "https://cdn.jsdelivr.net/npm/sweetalert2@11" (specified by argument number 9)  	[MsgId: MMSG-26576]
Action.c(199): web_add_cookie started  	[MsgId: MMSG-26355]
Action.c(52): web_url("crx") was successful, 19663 body bytes, 1083 header bytes  	[MsgId: MMSG-26386]
Action.c(63): web_url("blocklist") started  	[MsgId: MMSG-26355]
Action.c(199): web_add_cookie was successful  	[MsgId: MMSG-26392]
Action.c(63): Downloading resource "http://fonts.gstatic.com/s/opensans/v40/memvYaGs126MiZpBA-UvWbX2vVnXBbObj2OVTSCmu1aB.woff2" (specified by argument number 9)  	[MsgId: MMSG-26576]
Action.c(201): web_add_cookie started  	[MsgId: MMSG-26355]
Action.c(63): Downloading resource "https://cdn.jsdelivr.net/npm/bootstrap-icons@1.7.2/font/bootstrap-icons.css" (specified by argument number 12)  	[MsgId: MMSG-26576]
Action.c(201): web_add_cookie was successful  	[MsgId: MMSG-26392]
Action.c(203): web_add_cookie started  	[MsgId: MMSG-26355]
Action.c(100): web_url("shoppingsettings_2") started  	[MsgId: MMSG-26355]
Action.c(195): web_add_cookie was successful  	[MsgId: MMSG-26392]
Action.c(203): web_add_cookie was successful  	[MsgId: MMSG-26392]
Action.c(100): web_url("shoppingsettings_2") was successful, 407 body bytes, 605 header bytes  	[MsgId: MMSG-26386]
Action.c(197): web_add_cookie started  	[MsgId: MMSG-26355]
Action.c(205): web_url("config.json") started  	[MsgId: MMSG-26355]
Action.c(109): web_custom_request("rewardsUserInfo") started  	[MsgId: MMSG-26355]
Action.c(197): web_add_cookie was successful  	[MsgId: MMSG-26392]
Action.c(205): Downloading resource "https://c.bing.com/c.gif?Red3=EdgPID_pd&pid=61d5220b-5ac4-4053-902c-e2920d81faad" (specified by argument number 9)  	[MsgId: MMSG-26576]
Action.c(109): web_custom_request("rewardsUserInfo") was successful, 156 body bytes, 630 header bytes  	[MsgId: MMSG-26386]
Action.c(199): web_add_cookie started  	[MsgId: MMSG-26355]
Action.c(121): web_url("-4276412816532324841%7C-2257558592581803439") started  	[MsgId: MMSG-26355]
Action.c(121): Downloading resource "https://ka-f.fontawesome.com/releases/v6.6.0/webfonts/free-fa-brands-400.woff2" (specified by argument number 9)  	[MsgId: MMSG-26576]
Action.c(199): web_add_cookie was successful  	[MsgId: MMSG-26392]
Action.c(201): web_add_cookie started  	[MsgId: MMSG-26355]
Action.c(201): web_add_cookie was successful  	[MsgId: MMSG-26392]
Action.c(52): web_url("crx") started  	[MsgId: MMSG-26355]
Action.c(203): web_add_cookie started  	[MsgId: MMSG-26355]
Action.c(203): web_add_cookie was successful  	[MsgId: MMSG-26392]
Action.c(52): Downloading resource "https://cdn.jsdelivr.net/npm/sweetalert2@11" (specified by argument number 9)  	[MsgId: MMSG-26576]
Action.c(52): web_url("crx") was successful, 19663 body bytes, 1083 header bytes  	[MsgId: MMSG-26386]
Action.c(63): web_url("blocklist") started  	[MsgId: MMSG-26355]
Action.c(63): Downloading resource "http://fonts.gstatic.com/s/opensans/v40/memvYaGs126MiZpBA-UvWbX2vVnXBbObj2OVTSCmu1aB.woff2" (specified by argument number 9)  	[MsgId: MMSG-26576]
Action.c(63): Error -27720: Step download timeout (120 seconds) has expired when downloading resource "http://fonts.gstatic.com/s/opensans/v40/memvYaGs126MiZpBA-UvWbX2vVnXBbObj2OVTSCmu1aB.woff2". Set the "Step Timeout caused by resources is a warning" Runtime Setting to Yes/No to have this message as a warning/error, respectively  	[MsgId: MERR-27720]
End auto log messages stack.


Action.c(63): Downloading resource "https://cdn.jsdelivr.net/npm/bootstrap-icons@1.7.2/font/bootstrap-icons.css" (specified by argument number 12)  	[MsgId: MMSG-26576]
Action.c(302): web_custom_request("update_2") started  	[MsgId: MMSG-26355]
Action.c(302): Error -27644: Step download timeout (120 seconds) has expired when only cross-step downloads (0) were active  	[MsgId: MERR-27644]
Action.c(63): Error -27720: Step download timeout (120 seconds) has expired when downloading resource "http://fonts.gstatic.com/s/opensans/v40/memvYaGs126MiZpBA-UvWbX2vVnXBbObj2OVTSCmu1aB.woff2". Set the "Step Timeout caused by resources is a warning" Runtime Setting to Yes/No to have this message as a warning/error, respectively  	[MsgId: MERR-27720]
End auto log messages stack.


End auto log messages stack.


Action.c(205): web_url("config.json") started  	[MsgId: MMSG-26355]
Action.c(205): Error -27644: Step download timeout (120 seconds) has expired when only cross-step downloads (0) were active  	[MsgId: MERR-27644]
End auto log messages stack.


Action.c(63): Error -27720: Step download timeout (120 seconds) has expired when downloading resource "http://fonts.gstatic.com/s/opensans/v40/memvYaGs126MiZpBA-UvWbX2vVnXBbObj2OVTSCmu1aB.woff2". Set the "Step Timeout caused by resources is a warning" Runtime Setting to Yes/No to have this message as a warning/error, respectively  	[MsgId: MERR-27720]
End auto log messages stack.


Action.c(205): web_url("config.json") was successful, 143 body bytes, 1192 header bytes  	[MsgId: MMSG-26386]
Action.c(216): web_url("-341398893248106636%7C-2257558592581803439%7C1720537294320060623") started  	[MsgId: MMSG-26355]
Action.c(216): Downloading resource "https://ka-f.fontawesome.com/releases/v6.6.0/webfonts/free-fa-solid-900.woff2" (specified by argument number 9)  	[MsgId: MMSG-26576]
Action.c(216): Downloading resource "https://ka-f.fontawesome.com/releases/v6.6.0/webfonts/free-fa-regular-400.woff2" (specified by argument number 12)  	[MsgId: MMSG-26576]
Action.c(216): Downloading resource "https://file.hstatic.net/200000020602/file/top-nhung-loai-hoa-dep-nhat__6__aba5ffa9c7324c1da0440565d915bb1d_grande.png" (specified by argument number 15)  	[MsgId: MMSG-26576]
Action.c(216): Error -27644: Step download timeout (120 seconds) has expired when only cross-step downloads (0) were active  	[MsgId: MERR-27644]
Action.c(89): Downloading resource "https://ka-f.fontawesome.com/releases/v6.6.0/css/free-v4-shims.min.css?token=f5cbf3afb2" (specified by argument number 9)  	[MsgId: MMSG-26576]
Action.c(89): Error -27644: Step download timeout (120 seconds) has expired when only cross-step downloads (0) were active  	[MsgId: MERR-27644]
Action.c(132): web_url("selection") started  	[MsgId: MMSG-26355]
End auto log messages stack.
Action.c(132): Error -27721: Step download timeout (120 seconds) has expired when downloading resource "https://arc.msn.com/v4/api/selection?placement=88000360&nct=1&fmt=json&ISU=1&AREF=0&APRIMB=0&ADEFAB=0&OPSYS=WIN10&locale=en-US&country=VN&edgeid=-945223331753601845&ACHANNEL=4&ABUILD=130.0.6723.70&poptin=1&devosver=10.0.22631.4317&clr=esdk&UITHEME=dark&EPCON=0&AMAJOR=130&AMINOR=0&ABLD=6723&APATCH=70"  	[MsgId: MERR-27721]


End auto log messages stack.
End auto log messages stack.




Action.c(216): Downloading resource "https://file.hstatic.net/200000020602/file/top-nhung-loai-hoa-dep-nhat__6__aba5ffa9c7324c1da0440565d915bb1d_grande.png" (specified by argument number 15)  	[MsgId: MMSG-26576]
Action.c(216): Error -27644: Step download timeout (120 seconds) has expired when only cross-step downloads (0) were active  	[MsgId: MERR-27644]
End auto log messages stack.


Action.c(63): Error -27720: Step download timeout (120 seconds) has expired when downloading resource "http://fonts.gstatic.com/s/opensans/v40/memvYaGs126MiZpBA-UvWbX2vVnXBbObj2OVTSCmu1aB.woff2". Set the "Step Timeout caused by resources is a warning" Runtime Setting to Yes/No to have this message as a warning/error, respectively  	[MsgId: MERR-27720]
Action.c(109): web_custom_request("rewardsUserInfo") started  	[MsgId: MMSG-26355]
End auto log messages stack.


Action.c(205): Error -27720: Step download timeout (120 seconds) has expired when downloading resource "https://c.bing.com/c.gif?Red3=EdgPID_pd&pid=61d5220b-5ac4-4053-902c-e2920d81faad". Set the "Step Timeout caused by resources is a warning" Runtime Setting to Yes/No to have this message as a warning/error, respectively  	[MsgId: MERR-27720]
End auto log messages stack.


Action.c(109): web_custom_request("rewardsUserInfo") was successful, 156 body bytes, 630 header bytes  	[MsgId: MMSG-26386]
Action.c(121): web_url("-4276412816532324841%7C-2257558592581803439") started  	[MsgId: MMSG-26355]
Action.c(121): Downloading resource "https://ka-f.fontawesome.com/releases/v6.6.0/webfonts/free-fa-brands-400.woff2" (specified by argument number 9)  	[MsgId: MMSG-26576]
Action.c(121): web_url("-4276412816532324841%7C-2257558592581803439") was successful, 118340 body bytes, 1590 header bytes  	[MsgId: MMSG-26386]
Action.c(205): web_url("config.json") was successful, 143 body bytes, 1192 header bytes  	[MsgId: MMSG-26386]
Action.c(216): web_url("-341398893248106636%7C-2257558592581803439%7C1720537294320060623") started  	[MsgId: MMSG-26355]
Action.c(216): Downloading resource "https://ka-f.fontawesome.com/releases/v6.6.0/webfonts/free-fa-solid-900.woff2" (specified by argument number 9)  	[MsgId: MMSG-26576]
Action.c(132): web_url("selection") started  	[MsgId: MMSG-26355]
Action.c(216): Downloading resource "https://ka-f.fontawesome.com/releases/v6.6.0/webfonts/free-fa-regular-400.woff2" (specified by argument number 12)  	[MsgId: MMSG-26576]
Action.c(132): Error -27644: Step download timeout (120 seconds) has expired when only cross-step downloads (0) were active  	[MsgId: MERR-27644]
End auto log messages stack.


Action.c(205): web_url("config.json") was successful, 143 body bytes, 1192 header bytes  	[MsgId: MMSG-26386]
Action.c(216): web_url("-341398893248106636%7C-2257558592581803439%7C1720537294320060623") started  	[MsgId: MMSG-26355]
Action.c(216): Downloading resource "https://ka-f.fontawesome.com/releases/v6.6.0/webfonts/free-fa-solid-900.woff2" (specified by argument number 9)  	[MsgId: MMSG-26576]
Action.c(216): Downloading resource "https://ka-f.fontawesome.com/releases/v6.6.0/webfonts/free-fa-regular-400.woff2" (specified by argument number 12)  	[MsgId: MMSG-26576]
Action.c(216): Downloading resource "https://file.hstatic.net/200000020602/file/top-nhung-loai-hoa-dep-nhat__6__aba5ffa9c7324c1da0440565d915bb1d_grande.png" (specified by argument number 15)  	[MsgId: MMSG-26576]
Action.c(216): Error -27644: Step download timeout (120 seconds) has expired when only cross-step downloads (0) were active  	[MsgId: MERR-27644]
End auto log messages stack.


Action.c(216): Downloading resource "https://file.hstatic.net/200000020602/file/top-nhung-loai-hoa-dep-nhat__6__aba5ffa9c7324c1da0440565d915bb1d_grande.png" (specified by argument number 15)  	[MsgId: MMSG-26576]
Action.c(216): Error -27644: Step download timeout (120 seconds) has expired when only cross-step downloads (0) were active  	[MsgId: MERR-27644]
End auto log messages stack.


Action.c(121): Error -27644: Step download timeout (120 seconds) has expired when only cross-step downloads (0) were active  	[MsgId: MERR-27644]
End auto log messages stack.


Action.c(205): web_url("config.json") started  	[MsgId: MMSG-26355]
Action.c(205): Error -27644: Step download timeout (120 seconds) has expired when only cross-step downloads (0) were active  	[MsgId: MERR-27644]
End auto log messages stack.


Action.c(52): web_url("crx") started  	[MsgId: MMSG-26355]
Action.c(52): web_url("crx") started  	[MsgId: MMSG-26355]
Action.c(52): Downloading resource "https://cdn.jsdelivr.net/npm/sweetalert2@11" (specified by argument number 9)  	[MsgId: MMSG-26576]
Action.c(52): web_url("crx") was successful, 19663 body bytes, 1085 header bytes  	[MsgId: MMSG-26386]
Action.c(63): web_url("blocklist") started  	[MsgId: MMSG-26355]
Action.c(63): Downloading resource "http://fonts.gstatic.com/s/opensans/v40/memvYaGs126MiZpBA-UvWbX2vVnXBbObj2OVTSCmu1aB.woff2" (specified by argument number 9)  	[MsgId: MMSG-26576]
Action.c(63): Downloading resource "https://cdn.jsdelivr.net/npm/bootstrap-icons@1.7.2/font/bootstrap-icons.css" (specified by argument number 12)  	[MsgId: MMSG-26576]
Action.c(52): Downloading resource "https://cdn.jsdelivr.net/npm/sweetalert2@11" (specified by argument number 9)  	[MsgId: MMSG-26576]
Action.c(52): web_url("crx") was successful, 19663 body bytes, 1083 header bytes  	[MsgId: MMSG-26386]
Action.c(63): web_url("blocklist") started  	[MsgId: MMSG-26355]
Action.c(63): Downloading resource "http://fonts.gstatic.com/s/opensans/v40/memvYaGs126MiZpBA-UvWbX2vVnXBbObj2OVTSCmu1aB.woff2" (specified by argument number 9)  	[MsgId: MMSG-26576]
Action.c(63): Downloading resource "https://cdn.jsdelivr.net/npm/bootstrap-icons@1.7.2/font/bootstrap-icons.css" (specified by argument number 12)  	[MsgId: MMSG-26576]
Action.c(216): Downloading resource "https://file.hstatic.net/200000020602/file/top-nhung-loai-hoa-dep-nhat__6__aba5ffa9c7324c1da0440565d915bb1d_grande.png" (specified by argument number 15)  	[MsgId: MMSG-26576]
Action.c(216): Error -27644: Step download timeout (120 seconds) has expired when only cross-step downloads (0) were active  	[MsgId: MERR-27644]
Action.c(63): Error -27720: Step download timeout (120 seconds) has expired when downloading resource "http://fonts.gstatic.com/s/opensans/v40/memvYaGs126MiZpBA-UvWbX2vVnXBbObj2OVTSCmu1aB.woff2". Set the "Step Timeout caused by resources is a warning" Runtime Setting to Yes/No to have this message as a warning/error, respectively  	[MsgId: MERR-27720]
End auto log messages stack.
End auto log messages stack.
Action.c(63): Error -27720: Step download timeout (120 seconds) has expired when downloading resource "http://fonts.gstatic.com/s/opensans/v40/memvYaGs126MiZpBA-UvWbX2vVnXBbObj2OVTSCmu1aB.woff2". Set the "Step Timeout caused by resources is a warning" Runtime Setting to Yes/No to have this message as a warning/error, respectively  	[MsgId: MERR-27720]


End auto log messages stack.




Action.c(279): Downloading resource "https://cdnjs.cloudflare.com/ajax/libs/font-awesome/5.15.3/css/all.min.css" (specified by argument number 10)  	[MsgId: MMSG-26576]
Action.c(279): Downloading resource "https://code.jquery.com/jquery-3.5.1.min.js" (specified by argument number 13)  	[MsgId: MMSG-26576]
Action.c(279): web_custom_request("cloud_config_observers.json") was successful, 43546 body bytes, 2147 header bytes  	[MsgId: MMSG-26386]
Action.c(293): web_url("-6030100249971701251") started  	[MsgId: MMSG-26355]
Action.c(293): web_url("-6030100249971701251") was successful, 20 body bytes, 284 header bytes  	[MsgId: MMSG-26386]
Action.c(302): web_custom_request("update_2") started  	[MsgId: MMSG-26355]
Action.c(302): Error -27644: Step download timeout (120 seconds) has expired when only cross-step downloads (0) were active  	[MsgId: MERR-27644]
End auto log messages stack.


Start auto log messages stack - Iteration 73.
Action.c(195): web_add_cookie was successful  	[MsgId: MMSG-26392]
Action.c(197): web_add_cookie started  	[MsgId: MMSG-26355]
Action.c(197): web_add_cookie was successful  	[MsgId: MMSG-26392]
Action.c(199): web_add_cookie started  	[MsgId: MMSG-26355]
Action.c(199): web_add_cookie was successful  	[MsgId: MMSG-26392]
Action.c(201): web_add_cookie started  	[MsgId: MMSG-26355]
Action.c(201): web_add_cookie was successful  	[MsgId: MMSG-26392]
Action.c(203): web_add_cookie started  	[MsgId: MMSG-26355]
Action.c(203): web_add_cookie was successful  	[MsgId: MMSG-26392]
Action.c(205): web_url("config.json") started  	[MsgId: MMSG-26355]
Action.c(205): Error -27792: Failed to connect to server "edge-consumer-static.azureedge.net:443": [10060] Connection timed out  	[MsgId: MERR-27792]
End auto log messages stack.


Start auto log messages stack - Iteration 88.
Action.c(216): web_url("-341398893248106636%7C-2257558592581803439%7C1720537294320060623") was successful, 624288 body bytes, 3420 header bytes  	[MsgId: MMSG-26386]
Action.c(229): web_url("-6030100249971701251%7C-7627269350225664860") started  	[MsgId: MMSG-26355]
Action.c(229): web_url("-6030100249971701251%7C-7627269350225664860") was successful, 20 body bytes, 284 header bytes  	[MsgId: MMSG-26386]
Action.c(238): web_custom_request("update") started  	[MsgId: MMSG-26355]
Action.c(238): web_custom_request("update") was successful, 1337 body bytes, 931 header bytes  	[MsgId: MMSG-26386]
Action.c(279): web_custom_request("cloud_config_observers.json") started  	[MsgId: MMSG-26355]
Action.c(279): Error -27792: Failed to connect to server "static.edge.microsoftapp.net:443": [10060] Connection timed out  	[MsgId: MERR-27792]
End auto log messages stack.


Start auto log messages stack - Iteration 86.
Action.c(195): web_add_cookie was successful  	[MsgId: MMSG-26392]
Action.c(197): web_add_cookie started  	[MsgId: MMSG-26355]
Action.c(197): web_add_cookie was successful  	[MsgId: MMSG-26392]
Action.c(199): web_add_cookie started  	[MsgId: MMSG-26355]
Action.c(199): web_add_cookie was successful  	[MsgId: MMSG-26392]
Action.c(201): web_add_cookie started  	[MsgId: MMSG-26355]
Action.c(201): web_add_cookie was successful  	[MsgId: MMSG-26392]
Action.c(203): web_add_cookie started  	[MsgId: MMSG-26355]
Action.c(203): web_add_cookie was successful  	[MsgId: MMSG-26392]
Action.c(205): web_url("config.json") started  	[MsgId: MMSG-26355]
Action.c(205): Error -27792: Failed to connect to server "edge-consumer-static.azureedge.net:443": [10060] Connection timed out  	[MsgId: MERR-27792]
End auto log messages stack.


Start auto log messages stack - Iteration 104.
Action.c(195): web_add_cookie was successful  	[MsgId: MMSG-26392]
Action.c(197): web_add_cookie started  	[MsgId: MMSG-26355]
Action.c(197): web_add_cookie was successful  	[MsgId: MMSG-26392]
Action.c(199): web_add_cookie started  	[MsgId: MMSG-26355]
Action.c(199): web_add_cookie was successful  	[MsgId: MMSG-26392]
Action.c(201): web_add_cookie started  	[MsgId: MMSG-26355]
Action.c(201): web_add_cookie was successful  	[MsgId: MMSG-26392]
Action.c(203): web_add_cookie started  	[MsgId: MMSG-26355]
Action.c(203): web_add_cookie was successful  	[MsgId: MMSG-26392]
Action.c(205): web_url("config.json") started  	[MsgId: MMSG-26355]
Action.c(205): Error -27792: Failed to connect to server "edge-consumer-static.azureedge.net:443": [10060] Connection timed out  	[MsgId: MERR-27792]
End auto log messages stack.


Start auto log messages stack - Iteration 116.
Start auto log messages stack - Iteration 116.
Start auto log messages stack - Iteration 114.
Action.c(216): web_url("-341398893248106636%7C-2257558592581803439%7C1720537294320060623") was successful, 624288 body bytes, 3411 header bytes  	[MsgId: MMSG-26386]
Action.c(229): web_url("-6030100249971701251%7C-7627269350225664860") started  	[MsgId: MMSG-26355]
Action.c(195): web_add_cookie was successful  	[MsgId: MMSG-26392]
Action.c(229): web_url("-6030100249971701251%7C-7627269350225664860") was successful, 20 body bytes, 284 header bytes  	[MsgId: MMSG-26386]
Action.c(197): web_add_cookie started  	[MsgId: MMSG-26355]
Action.c(216): Downloading resource "https://file.hstatic.net/200000020602/file/top-nhung-loai-hoa-dep-nhat__6__aba5ffa9c7324c1da0440565d915bb1d_grande.png" (specified by argument number 15)  	[MsgId: MMSG-26576]
Action.c(238): web_custom_request("update") started  	[MsgId: MMSG-26355]
Action.c(197): web_add_cookie was successful  	[MsgId: MMSG-26392]
Action.c(238): web_custom_request("update") was successful, 1335 body bytes, 927 header bytes  	[MsgId: MMSG-26386]
Action.c(279): web_custom_request("cloud_config_observers.json") started  	[MsgId: MMSG-26355]
Action.c(216): web_url("-341398893248106636%7C-2257558592581803439%7C1720537294320060623") was successful, 624288 body bytes, 3421 header bytes  	[MsgId: MMSG-26386]
Action.c(279): Error -27721: Step download timeout (120 seconds) has expired when downloading resource "https://static.edge.microsoftapp.net/default/cloud_config_observers.json"  	[MsgId: MERR-27721]
Action.c(199): web_add_cookie started  	[MsgId: MMSG-26355]
Action.c(199): web_add_cookie was successful  	[MsgId: MMSG-26392]
Action.c(201): web_add_cookie started  	[MsgId: MMSG-26355]
Action.c(201): web_add_cookie was successful  	[MsgId: MMSG-26392]
Start auto log messages stack - Iteration 115.
Action.c(203): web_add_cookie started  	[MsgId: MMSG-26355]
End auto log messages stack.
Action.c(203): web_add_cookie was successful  	[MsgId: MMSG-26392]
Action.c(205): web_url("config.json") was successful, 143 body bytes, 1192 header bytes  	[MsgId: MMSG-26386]


Action.c(216): web_url("-341398893248106636%7C-2257558592581803439%7C1720537294320060623") started  	[MsgId: MMSG-26355]
Action.c(216): Downloading resource "https://ka-f.fontawesome.com/releases/v6.6.0/webfonts/free-fa-solid-900.woff2" (specified by argument number 9)  	[MsgId: MMSG-26576]
Action.c(216): Downloading resource "https://ka-f.fontawesome.com/releases/v6.6.0/webfonts/free-fa-regular-400.woff2" (specified by argument number 12)  	[MsgId: MMSG-26576]
Action.c(205): web_url("config.json") started  	[MsgId: MMSG-26355]
Action.c(216): Downloading resource "https://file.hstatic.net/200000020602/file/top-nhung-loai-hoa-dep-nhat__6__aba5ffa9c7324c1da0440565d915bb1d_grande.png" (specified by argument number 15)  	[MsgId: MMSG-26576]
Action.c(216): Error -27644: Step download timeout (120 seconds) has expired when only cross-step downloads (0) were active  	[MsgId: MERR-27644]
Action.c(205): Error -27721: Step download timeout (120 seconds) has expired when downloading resource "https://edge-consumer-static.azureedge.net/mouse-gesture/config.json"  	[MsgId: MERR-27721]
End auto log messages stack.


End auto log messages stack.


Start auto log messages stack - Iteration 117.
Action.c(109): web_custom_request("rewardsUserInfo") started  	[MsgId: MMSG-26355]
Start auto log messages stack - Iteration 113.
Action.c(109): web_custom_request("rewardsUserInfo") was successful, 156 body bytes, 630 header bytes  	[MsgId: MMSG-26386]
Action.c(121): web_url("-4276412816532324841%7C-2257558592581803439") started  	[MsgId: MMSG-26355]
Action.c(216): Downloading resource "https://ka-f.fontawesome.com/releases/v6.6.0/webfonts/free-fa-solid-900.woff2" (specified by argument number 9)  	[MsgId: MMSG-26576]
Action.c(121): Downloading resource "https://ka-f.fontawesome.com/releases/v6.6.0/webfonts/free-fa-brands-400.woff2" (specified by argument number 9)  	[MsgId: MMSG-26576]
Action.c(216): Downloading resource "https://ka-f.fontawesome.com/releases/v6.6.0/webfonts/free-fa-regular-400.woff2" (specified by argument number 12)  	[MsgId: MMSG-26576]
Start auto log messages stack - Iteration 111.
Action.c(121): web_url("-4276412816532324841%7C-2257558592581803439") was successful, 118340 body bytes, 1581 header bytes  	[MsgId: MMSG-26386]
Action.c(216): Downloading resource "https://file.hstatic.net/200000020602/file/top-nhung-loai-hoa-dep-nhat__6__aba5ffa9c7324c1da0440565d915bb1d_grande.png" (specified by argument number 15)  	[MsgId: MMSG-26576]
Action.c(132): web_url("selection") started  	[MsgId: MMSG-26355]
Action.c(109): web_custom_request("rewardsUserInfo") started  	[MsgId: MMSG-26355]
Action.c(216): web_url("-341398893248106636%7C-2257558592581803439%7C1720537294320060623") was successful, 624288 body bytes, 3427 header bytes  	[MsgId: MMSG-26386]
Action.c(132): Error -27721: Step download timeout (120 seconds) has expired when downloading resource "https://arc.msn.com/v4/api/selection?placement=88000360&nct=1&fmt=json&ISU=1&AREF=0&APRIMB=0&ADEFAB=0&OPSYS=WIN10&locale=en-US&country=VN&edgeid=-945223331753601845&ACHANNEL=4&ABUILD=130.0.6723.70&poptin=1&devosver=10.0.22631.4317&clr=esdk&UITHEME=dark&EPCON=0&AMAJOR=130&AMINOR=0&ABLD=6723&APATCH=70"  	[MsgId: MERR-27721]
Action.c(229): web_url("-6030100249971701251%7C-7627269350225664860") started  	[MsgId: MMSG-26355]
Action.c(109): web_custom_request("rewardsUserInfo") was successful, 156 body bytes, 630 header bytes  	[MsgId: MMSG-26386]
Action.c(229): Error -27644: Step download timeout (120 seconds) has expired when only cross-step downloads (0) were active  	[MsgId: MERR-27644]
Action.c(121): web_url("-4276412816532324841%7C-2257558592581803439") started  	[MsgId: MMSG-26355]
Action.c(121): Downloading resource "https://ka-f.fontawesome.com/releases/v6.6.0/webfonts/free-fa-brands-400.woff2" (specified by argument number 9)  	[MsgId: MMSG-26576]
Action.c(121): web_url("-4276412816532324841%7C-2257558592581803439") was successful, 118340 body bytes, 1583 header bytes  	[MsgId: MMSG-26386]
End auto log messages stack.
End auto log messages stack.
Action.c(132): web_url("selection") started  	[MsgId: MMSG-26355]




Action.c(132): Error -27644: Step download timeout (120 seconds) has expired when only cross-step downloads (0) were active  	[MsgId: MERR-27644]
End auto log messages stack.


Start auto log messages stack - Iteration 116.
Action.c(205): web_url("config.json") was successful, 143 body bytes, 1192 header bytes  	[MsgId: MMSG-26386]
Action.c(216): web_url("-341398893248106636%7C-2257558592581803439%7C1720537294320060623") started  	[MsgId: MMSG-26355]
Action.c(216): Downloading resource "https://ka-f.fontawesome.com/releases/v6.6.0/webfonts/free-fa-solid-900.woff2" (specified by argument number 9)  	[MsgId: MMSG-26576]
Action.c(216): Downloading resource "https://ka-f.fontawesome.com/releases/v6.6.0/webfonts/free-fa-regular-400.woff2" (specified by argument number 12)  	[MsgId: MMSG-26576]
Action.c(216): Downloading resource "https://file.hstatic.net/200000020602/file/top-nhung-loai-hoa-dep-nhat__6__aba5ffa9c7324c1da0440565d915bb1d_grande.png" (specified by argument number 15)  	[MsgId: MMSG-26576]
Action.c(216): Error -27720: Step download timeout (120 seconds) has expired when downloading resource "https://file.hstatic.net/200000020602/file/top-nhung-loai-hoa-dep-nhat__6__aba5ffa9c7324c1da0440565d915bb1d_grande.png". Set the "Step Timeout caused by resources is a warning" Runtime Setting to Yes/No to have this message as a warning/error, respectively  	[MsgId: MERR-27720]
End auto log messages stack.


Action.c(229): web_url("-6030100249971701251%7C-7627269350225664860") started  	[MsgId: MMSG-26355]
Action.c(229): web_url("-6030100249971701251%7C-7627269350225664860") was successful, 20 body bytes, 284 header bytes  	[MsgId: MMSG-26386]
Action.c(238): web_custom_request("update") started  	[MsgId: MMSG-26355]
Action.c(238): Error -27644: Step download timeout (120 seconds) has expired when only cross-step downloads (0) were active  	[MsgId: MERR-27644]
End auto log messages stack.


Start auto log messages stack - Iteration 118.
Start auto log messages stack - Iteration 123.
Action.c(197): web_add_cookie was successful  	[MsgId: MMSG-26392]
Action.c(199): web_add_cookie started  	[MsgId: MMSG-26355]
Starting action Action.
Action.c(199): web_add_cookie was successful  	[MsgId: MMSG-26392]
Action.c(4): web_url("css") started  	[MsgId: MMSG-26355]
Start auto log messages stack - Iteration 119.
Action.c(4): web_url("css") was successful, 1819 body bytes, 670 header bytes, 17 chunking overhead bytes  	[MsgId: MMSG-26385]
Action.c(229): web_url("-6030100249971701251%7C-7627269350225664860") was successful, 20 body bytes, 284 header bytes  	[MsgId: MMSG-26386]
Action.c(238): web_custom_request("update") started  	[MsgId: MMSG-26355]
Action.c(238): web_custom_request("update") was successful, 1341 body bytes, 931 header bytes  	[MsgId: MMSG-26386]
Action.c(279): web_custom_request("cloud_config_observers.json") started  	[MsgId: MMSG-26355]
Action.c(279): Downloading resource "https://cdnjs.cloudflare.com/ajax/libs/font-awesome/5.15.3/css/all.min.css" (specified by argument number 10)  	[MsgId: MMSG-26576]
Action.c(12): web_set_sockets_option started  	[MsgId: MMSG-26355]
Action.c(279): Downloading resource "https://code.jquery.com/jquery-3.5.1.min.js" (specified by argument number 13)  	[MsgId: MMSG-26576]
Action.c(12): web_set_sockets_option was successful  	[MsgId: MMSG-26392]
Action.c(279): Error -27644: Step download timeout (120 seconds) has expired when only cross-step downloads (0) were active  	[MsgId: MERR-27644]
Action.c(14): web_url("v3") started  	[MsgId: MMSG-26355]
Action.c(14): web_url("v3") was successful, 132 body bytes, 504 header bytes  	[MsgId: MMSG-26386]
Action.c(23): web_url("ExpandedDomainsFilterGlobal.json") started  	[MsgId: MMSG-26355]
End auto log messages stack.


Start auto log messages stack - Iteration 123.
Action.c(109): web_custom_request("rewardsUserInfo") started  	[MsgId: MMSG-26355]
Action.c(109): web_custom_request("rewardsUserInfo") was successful, 156 body bytes, 629 header bytes  	[MsgId: MMSG-26386]
Action.c(121): web_url("-4276412816532324841%7C-2257558592581803439") started  	[MsgId: MMSG-26355]
Action.c(121): Downloading resource "https://ka-f.fontawesome.com/releases/v6.6.0/webfonts/free-fa-brands-400.woff2" (specified by argument number 9)  	[MsgId: MMSG-26576]
Action.c(121): web_url("-4276412816532324841%7C-2257558592581803439") was successful, 118340 body bytes, 1583 header bytes  	[MsgId: MMSG-26386]
Action.c(132): web_url("selection") started  	[MsgId: MMSG-26355]
Action.c(132): Error -27644: Step download timeout (120 seconds) has expired when only cross-step downloads (0) were active  	[MsgId: MERR-27644]
End auto log messages stack.


Action.c(23): Error -27644: Step download timeout (120 seconds) has expired when only cross-step downloads (0) were active  	[MsgId: MERR-27644]
End auto log messages stack.


Start auto log messages stack - Iteration 113.
Action.c(205): web_url("config.json") was successful, 143 body bytes, 1192 header bytes  	[MsgId: MMSG-26386]
Action.c(216): web_url("-341398893248106636%7C-2257558592581803439%7C1720537294320060623") started  	[MsgId: MMSG-26355]
Action.c(216): Downloading resource "https://ka-f.fontawesome.com/releases/v6.6.0/webfonts/free-fa-solid-900.woff2" (specified by argument number 9)  	[MsgId: MMSG-26576]
Action.c(216): Downloading resource "https://ka-f.fontawesome.com/releases/v6.6.0/webfonts/free-fa-regular-400.woff2" (specified by argument number 12)  	[MsgId: MMSG-26576]
Action.c(216): Downloading resource "https://file.hstatic.net/200000020602/file/top-nhung-loai-hoa-dep-nhat__6__aba5ffa9c7324c1da0440565d915bb1d_grande.png" (specified by argument number 15)  	[MsgId: MMSG-26576]
Action.c(216): Error -27644: Step download timeout (120 seconds) has expired when only cross-step downloads (0) were active  	[MsgId: MERR-27644]
End auto log messages stack.


Start auto log messages stack - Iteration 118.
Action.c(100): web_url("shoppingsettings_2") started  	[MsgId: MMSG-26355]
Action.c(100): web_url("shoppingsettings_2") was successful, 407 body bytes, 584 header bytes  	[MsgId: MMSG-26386]
Action.c(109): web_custom_request("rewardsUserInfo") started  	[MsgId: MMSG-26355]
Action.c(109): web_custom_request("rewardsUserInfo") was successful, 156 body bytes, 630 header bytes  	[MsgId: MMSG-26386]
Action.c(121): web_url("-4276412816532324841%7C-2257558592581803439") started  	[MsgId: MMSG-26355]
Action.c(121): Downloading resource "https://ka-f.fontawesome.com/releases/v6.6.0/webfonts/free-fa-brands-400.woff2" (specified by argument number 9)  	[MsgId: MMSG-26576]
Action.c(121): Error -27644: Step download timeout (120 seconds) has expired when only cross-step downloads (0) were active  	[MsgId: MERR-27644]
End auto log messages stack.


Start auto log messages stack - Iteration 106.
Action.c(279): web_custom_request("cloud_config_observers.json") was successful, 43546 body bytes, 2145 header bytes  	[MsgId: MMSG-26386]
Action.c(293): web_url("-6030100249971701251") started  	[MsgId: MMSG-26355]
Action.c(293): web_url("-6030100249971701251") was successful, 20 body bytes, 284 header bytes  	[MsgId: MMSG-26386]
Action.c(302): web_custom_request("update_2") started  	[MsgId: MMSG-26355]
Action.c(302): web_custom_request("update_2") was successful, 178 body bytes, 486 header bytes  	[MsgId: MMSG-26386]
Action.c(317): web_url("3517029987587817622") started  	[MsgId: MMSG-26355]
Action.c(317): Downloading resource "https://kit.fontawesome.com/f5cbf3afb2.js" (specified by argument number 9)  	[MsgId: MMSG-26576]
Action.c(317): Error -27720: Step download timeout (120 seconds) has expired when downloading resource "https://kit.fontawesome.com/f5cbf3afb2.js". Set the "Step Timeout caused by resources is a warning" Runtime Setting to Yes/No to have this message as a warning/error, respectively  	[MsgId: MERR-27720]
End auto log messages stack.


Start auto log messages stack - Iteration 110.
Action.c(205): web_url("config.json") was successful, 143 body bytes, 1153 header bytes  	[MsgId: MMSG-26386]
Action.c(216): web_url("-341398893248106636%7C-2257558592581803439%7C1720537294320060623") started  	[MsgId: MMSG-26355]
Action.c(216): Downloading resource "https://ka-f.fontawesome.com/releases/v6.6.0/webfonts/free-fa-solid-900.woff2" (specified by argument number 9)  	[MsgId: MMSG-26576]
Action.c(216): Downloading resource "https://ka-f.fontawesome.com/releases/v6.6.0/webfonts/free-fa-regular-400.woff2" (specified by argument number 12)  	[MsgId: MMSG-26576]
Action.c(216): Downloading resource "https://file.hstatic.net/200000020602/file/top-nhung-loai-hoa-dep-nhat__6__aba5ffa9c7324c1da0440565d915bb1d_grande.png" (specified by argument number 15)  	[MsgId: MMSG-26576]
Action.c(216): Error -27720: Step download timeout (120 seconds) has expired when downloading resource "https://file.hstatic.net/200000020602/file/top-nhung-loai-hoa-dep-nhat__6__aba5ffa9c7324c1da0440565d915bb1d_grande.png". Set the "Step Timeout caused by resources is a warning" Runtime Setting to Yes/No to have this message as a warning/error, respectively  	[MsgId: MERR-27720]
End auto log messages stack.


Start auto log messages stack - Iteration 116.
Action.c(216): web_url("-341398893248106636%7C-2257558592581803439%7C1720537294320060623") was successful, 624288 body bytes, 3413 header bytes  	[MsgId: MMSG-26386]
Action.c(229): web_url("-6030100249971701251%7C-7627269350225664860") started  	[MsgId: MMSG-26355]
Action.c(229): web_url("-6030100249971701251%7C-7627269350225664860") was successful, 20 body bytes, 284 header bytes  	[MsgId: MMSG-26386]
Action.c(238): web_custom_request("update") started  	[MsgId: MMSG-26355]
Action.c(238): web_custom_request("update") was successful, 1336 body bytes, 927 header bytes  	[MsgId: MMSG-26386]
Action.c(279): web_custom_request("cloud_config_observers.json") started  	[MsgId: MMSG-26355]
Action.c(279): Error -27644: Step download timeout (120 seconds) has expired when only cross-step downloads (0) were active  	[MsgId: MERR-27644]
End auto log messages stack.


Start auto log messages stack - Iteration 108.
Action.c(216): web_url("-341398893248106636%7C-2257558592581803439%7C1720537294320060623") was successful, 624288 body bytes, 3416 header bytes  	[MsgId: MMSG-26386]
Action.c(229): web_url("-6030100249971701251%7C-7627269350225664860") started  	[MsgId: MMSG-26355]
Action.c(229): web_url("-6030100249971701251%7C-7627269350225664860") was successful, 20 body bytes, 284 header bytes  	[MsgId: MMSG-26386]
Action.c(238): web_custom_request("update") started  	[MsgId: MMSG-26355]
Action.c(238): web_custom_request("update") was successful, 1337 body bytes, 927 header bytes  	[MsgId: MMSG-26386]
Action.c(279): web_custom_request("cloud_config_observers.json") started  	[MsgId: MMSG-26355]
Action.c(279): Error -27721: Step download timeout (120 seconds) has expired when downloading resource "https://static.edge.microsoftapp.net/default/cloud_config_observers.json"  	[MsgId: MERR-27721]
End auto log messages stack.


Start auto log messages stack - Iteration 115.
Action.c(195): web_add_cookie was successful  	[MsgId: MMSG-26392]
Action.c(201): web_add_cookie started  	[MsgId: MMSG-26355]
Action.c(201): web_add_cookie was successful  	[MsgId: MMSG-26392]
Action.c(203): web_add_cookie started  	[MsgId: MMSG-26355]
Action.c(203): web_add_cookie was successful  	[MsgId: MMSG-26392]
Action.c(205): web_url("config.json") started  	[MsgId: MMSG-26355]
Action.c(205): Downloading resource "https://c.bing.com/c.gif?Red3=EdgPID_pd&pid=61d5220b-5ac4-4053-902c-e2920d81faad" (specified by argument number 9)  	[MsgId: MMSG-26576]
Action.c(205): Error -27720: Step download timeout (120 seconds) has expired when downloading resource "https://c.bing.com/c.gif?Red3=EdgPID_pd&pid=61d5220b-5ac4-4053-902c-e2920d81faad". Set the "Step Timeout caused by resources is a warning" Runtime Setting to Yes/No to have this message as a warning/error, respectively  	[MsgId: MERR-27720]
End auto log messages stack.


Action.c(197): web_add_cookie started  	[MsgId: MMSG-26355]
Action.c(197): web_add_cookie was successful  	[MsgId: MMSG-26392]
Action.c(199): web_add_cookie started  	[MsgId: MMSG-26355]
Action.c(199): web_add_cookie was successful  	[MsgId: MMSG-26392]
Action.c(201): web_add_cookie started  	[MsgId: MMSG-26355]
Action.c(201): web_add_cookie was successful  	[MsgId: MMSG-26392]
Action.c(203): web_add_cookie started  	[MsgId: MMSG-26355]
Action.c(203): web_add_cookie was successful  	[MsgId: MMSG-26392]
Action.c(205): web_url("config.json") started  	[MsgId: MMSG-26355]
Action.c(205): Error -27721: Step download timeout (120 seconds) has expired when downloading resource "https://edge-consumer-static.azureedge.net/mouse-gesture/config.json"  	[MsgId: MERR-27721]
End auto log messages stack.


Start auto log messages stack - Iteration 118.
Action.c(32): web_add_cookie started  	[MsgId: MMSG-26355]
Action.c(32): web_add_cookie was successful  	[MsgId: MMSG-26392]
Action.c(34): web_add_cookie started  	[MsgId: MMSG-26355]
Action.c(34): web_add_cookie was successful  	[MsgId: MMSG-26392]
Action.c(36): web_add_cookie started  	[MsgId: MMSG-26355]
Action.c(36): web_add_cookie was successful  	[MsgId: MMSG-26392]
Action.c(39): web_url("ExpandedDomainsFilterGlobal.json_2") started  	[MsgId: MMSG-26355]
Action.c(39): Resource "https://www.bing.com/bloomfilterfiles/ExpandedDomainsFilterGlobal.json" is in the cache already and will not be downloaded again  	[MsgId: MMSG-26655]
Action.c(52): web_url("crx") started  	[MsgId: MMSG-26355]
Action.c(52): Error -27644: Step download timeout (120 seconds) has expired when only cross-step downloads (0) were active  	[MsgId: MERR-27644]
End auto log messages stack.


Start auto log messages stack - Iteration 115.
Action.c(216): web_url("-341398893248106636%7C-2257558592581803439%7C1720537294320060623") was successful, 624288 body bytes, 3412 header bytes  	[MsgId: MMSG-26386]
Start auto log messages stack - Iteration 115.
Action.c(229): web_url("-6030100249971701251%7C-7627269350225664860") started  	[MsgId: MMSG-26355]
Action.c(229): web_url("-6030100249971701251%7C-7627269350225664860") was successful, 20 body bytes, 284 header bytes  	[MsgId: MMSG-26386]
Action.c(229): web_url("-6030100249971701251%7C-7627269350225664860") was successful, 20 body bytes, 284 header bytes  	[MsgId: MMSG-26386]
Action.c(238): web_custom_request("update") started  	[MsgId: MMSG-26355]
Action.c(238): web_custom_request("update") started  	[MsgId: MMSG-26355]
Action.c(238): web_custom_request("update") was successful, 1339 body bytes, 935 header bytes  	[MsgId: MMSG-26386]
Action.c(238): web_custom_request("update") was successful, 1338 body bytes, 927 header bytes  	[MsgId: MMSG-26386]
Action.c(279): web_custom_request("cloud_config_observers.json") started  	[MsgId: MMSG-26355]
Action.c(279): web_custom_request("cloud_config_observers.json") started  	[MsgId: MMSG-26355]
Action.c(279): Error -27721: Step download timeout (120 seconds) has expired when downloading resource "https://static.edge.microsoftapp.net/default/cloud_config_observers.json"  	[MsgId: MERR-27721]
Action.c(279): Downloading resource "https://cdnjs.cloudflare.com/ajax/libs/font-awesome/5.15.3/css/all.min.css" (specified by argument number 10)  	[MsgId: MMSG-26576]
Action.c(279): Downloading resource "https://code.jquery.com/jquery-3.5.1.min.js" (specified by argument number 13)  	[MsgId: MMSG-26576]
Action.c(279): Error -27644: Step download timeout (120 seconds) has expired when only cross-step downloads (0) were active  	[MsgId: MERR-27644]
End auto log messages stack.


End auto log messages stack.
Start auto log messages stack - Iteration 115.
Action.c(216): web_url("-341398893248106636%7C-2257558592581803439%7C1720537294320060623") was successful, 624288 body bytes, 3413 header bytes  	[MsgId: MMSG-26386]
Action.c(229): web_url("-6030100249971701251%7C-7627269350225664860") started  	[MsgId: MMSG-26355]
Action.c(229): web_url("-6030100249971701251%7C-7627269350225664860") was successful, 20 body bytes, 284 header bytes  	[MsgId: MMSG-26386]
Start auto log messages stack - Iteration 114.
Action.c(216): web_url("-341398893248106636%7C-2257558592581803439%7C1720537294320060623") was successful, 624288 body bytes, 3423 header bytes  	[MsgId: MMSG-26386]
Action.c(229): web_url("-6030100249971701251%7C-7627269350225664860") started  	[MsgId: MMSG-26355]
Action.c(229): web_url("-6030100249971701251%7C-7627269350225664860") was successful, 20 body bytes, 284 header bytes  	[MsgId: MMSG-26386]
Action.c(238): web_custom_request("update") started  	[MsgId: MMSG-26355]
Action.c(238): web_custom_request("update") was successful, 1334 body bytes, 931 header bytes  	[MsgId: MMSG-26386]
Action.c(279): web_custom_request("cloud_config_observers.json") started  	[MsgId: MMSG-26355]
Action.c(279): Error -27721: Step download timeout (120 seconds) has expired when downloading resource "https://static.edge.microsoftapp.net/default/cloud_config_observers.json"  	[MsgId: MERR-27721]
End auto log messages stack.


Start auto log messages stack - Iteration 116.
Starting action Action.
Action.c(4): web_url("css") started  	[MsgId: MMSG-26355]
Action.c(4): web_url("css") was successful, 1819 body bytes, 670 header bytes, 17 chunking overhead bytes  	[MsgId: MMSG-26385]
Action.c(12): web_set_sockets_option started  	[MsgId: MMSG-26355]
Action.c(12): web_set_sockets_option was successful  	[MsgId: MMSG-26392]
Action.c(14): web_url("v3") started  	[MsgId: MMSG-26355]
Action.c(14): web_url("v3") was successful, 132 body bytes, 504 header bytes  	[MsgId: MMSG-26386]
Action.c(23): web_url("ExpandedDomainsFilterGlobal.json") started  	[MsgId: MMSG-26355]
Action.c(23): Error -27644: Step download timeout (120 seconds) has expired when only cross-step downloads (0) were active  	[MsgId: MERR-27644]
Start auto log messages stack - Iteration 113.
End auto log messages stack.
Starting action Action.


Action.c(4): web_url("css") started  	[MsgId: MMSG-26355]
Action.c(4): web_url("css") was successful, 1819 body bytes, 670 header bytes, 17 chunking overhead bytes  	[MsgId: MMSG-26385]
Action.c(12): web_set_sockets_option started  	[MsgId: MMSG-26355]
Action.c(12): web_set_sockets_option was successful  	[MsgId: MMSG-26392]
Action.c(14): web_url("v3") started  	[MsgId: MMSG-26355]
Action.c(14): web_url("v3") was successful, 132 body bytes, 504 header bytes  	[MsgId: MMSG-26386]
Action.c(23): web_url("ExpandedDomainsFilterGlobal.json") started  	[MsgId: MMSG-26355]
Action.c(23): Error -27644: Step download timeout (120 seconds) has expired when only cross-step downloads (0) were active  	[MsgId: MERR-27644]
End auto log messages stack.




Start auto log messages stack - Iteration 116.
Action.c(32): web_add_cookie started  	[MsgId: MMSG-26355]
Action.c(32): web_add_cookie was successful  	[MsgId: MMSG-26392]
Action.c(34): web_add_cookie started  	[MsgId: MMSG-26355]
Action.c(34): web_add_cookie was successful  	[MsgId: MMSG-26392]
Action.c(36): web_add_cookie started  	[MsgId: MMSG-26355]
Action.c(36): web_add_cookie was successful  	[MsgId: MMSG-26392]
Action.c(39): web_url("ExpandedDomainsFilterGlobal.json_2") started  	[MsgId: MMSG-26355]
Action.c(39): Resource "https://www.bing.com/bloomfilterfiles/ExpandedDomainsFilterGlobal.json" is in the cache already and will not be downloaded again  	[MsgId: MMSG-26655]
Action.c(52): web_url("crx") started  	[MsgId: MMSG-26355]
Action.c(52): Error -27644: Step download timeout (120 seconds) has expired when only cross-step downloads (0) were active  	[MsgId: MERR-27644]
Action.c(238): web_custom_request("update") started  	[MsgId: MMSG-26355]
Action.c(238): web_custom_request("update") was successful, 1340 body bytes, 935 header bytes  	[MsgId: MMSG-26386]
Action.c(279): web_custom_request("cloud_config_observers.json") started  	[MsgId: MMSG-26355]
Action.c(279): Error -27721: Step download timeout (120 seconds) has expired when downloading resource "https://static.edge.microsoftapp.net/default/cloud_config_observers.json"  	[MsgId: MERR-27721]
End auto log messages stack.


Start auto log messages stack - Iteration 117.
Action.c(100): web_url("shoppingsettings_2") started  	[MsgId: MMSG-26355]
Action.c(100): web_url("shoppingsettings_2") was successful, 407 body bytes, 584 header bytes  	[MsgId: MMSG-26386]
Action.c(109): web_custom_request("rewardsUserInfo") started  	[MsgId: MMSG-26355]
Action.c(109): web_custom_request("rewardsUserInfo") was successful, 156 body bytes, 630 header bytes  	[MsgId: MMSG-26386]
Action.c(121): web_url("-4276412816532324841%7C-2257558592581803439") started  	[MsgId: MMSG-26355]
Action.c(121): Downloading resource "https://ka-f.fontawesome.com/releases/v6.6.0/webfonts/free-fa-brands-400.woff2" (specified by argument number 9)  	[MsgId: MMSG-26576]
Action.c(121): Error -27644: Step download timeout (120 seconds) has expired when only cross-step downloads (0) were active  	[MsgId: MERR-27644]
End auto log messages stack.


End auto log messages stack.


Start auto log messages stack - Iteration 114.
Action.c(205): web_url("config.json") was successful, 143 body bytes, 1192 header bytes  	[MsgId: MMSG-26386]
Action.c(216): web_url("-341398893248106636%7C-2257558592581803439%7C1720537294320060623") started  	[MsgId: MMSG-26355]
Action.c(216): Downloading resource "https://ka-f.fontawesome.com/releases/v6.6.0/webfonts/free-fa-solid-900.woff2" (specified by argument number 9)  	[MsgId: MMSG-26576]
Action.c(216): Downloading resource "https://ka-f.fontawesome.com/releases/v6.6.0/webfonts/free-fa-regular-400.woff2" (specified by argument number 12)  	[MsgId: MMSG-26576]
Action.c(216): Downloading resource "https://file.hstatic.net/200000020602/file/top-nhung-loai-hoa-dep-nhat__6__aba5ffa9c7324c1da0440565d915bb1d_grande.png" (specified by argument number 15)  	[MsgId: MMSG-26576]
Action.c(216): Error -27644: Step download timeout (120 seconds) has expired when only cross-step downloads (0) were active  	[MsgId: MERR-27644]
End auto log messages stack.


Start auto log messages stack - Iteration 115.
Action.c(205): web_url("config.json") was successful, 143 body bytes, 1153 header bytes  	[MsgId: MMSG-26386]
Action.c(216): web_url("-341398893248106636%7C-2257558592581803439%7C1720537294320060623") started  	[MsgId: MMSG-26355]
Action.c(216): Downloading resource "https://ka-f.fontawesome.com/releases/v6.6.0/webfonts/free-fa-solid-900.woff2" (specified by argument number 9)  	[MsgId: MMSG-26576]
Action.c(216): Downloading resource "https://ka-f.fontawesome.com/releases/v6.6.0/webfonts/free-fa-regular-400.woff2" (specified by argument number 12)  	[MsgId: MMSG-26576]
Action.c(216): Downloading resource "https://file.hstatic.net/200000020602/file/top-nhung-loai-hoa-dep-nhat__6__aba5ffa9c7324c1da0440565d915bb1d_grande.png" (specified by argument number 15)  	[MsgId: MMSG-26576]
Action.c(216): Error -27644: Step download timeout (120 seconds) has expired when only cross-step downloads (0) were active  	[MsgId: MERR-27644]
End auto log messages stack.


