Start auto log messages stack - Iteration 6.
Action.c(34): web_add_cookie started  	[MsgId: MMSG-26355]
Action.c(34): web_add_cookie was successful  	[MsgId: MMSG-26392]
Action.c(36): web_add_cookie started  	[MsgId: MMSG-26355]
Action.c(36): web_add_cookie was successful  	[MsgId: MMSG-26392]
Action.c(39): web_url("ExpandedDomainsFilterGlobal.json_2") started  	[MsgId: MMSG-26355]
Action.c(39): Resource "https://www.bing.com/bloomfilterfiles/ExpandedDomainsFilterGlobal.json" is in the cache already and will not be downloaded again  	[MsgId: MMSG-26655]
Action.c(52): web_url("crx") started  	[MsgId: MMSG-26355]
Action.c(52): Downloading resource "https://cdn.jsdelivr.net/npm/sweetalert2@11" (specified by argument number 9)  	[MsgId: MMSG-26576]
Action.c(52): Error -27644: Step download timeout (120 seconds) has expired when only cross-step downloads (0) were active  	[MsgId: MERR-27644]
End auto log messages stack.

Start auto log messages stack - Iteration 9.
Action.c(52): Downloading resource "https://cdn.jsdelivr.net/npm/sweetalert2@11" (specified by argument number 9)  	[MsgId: MMSG-26576]
Action.c(52): web_url("crx") was successful, 19663 body bytes, 1083 header bytes  	[MsgId: MMSG-26386]
Action.c(63): web_url("blocklist") started  	[MsgId: MMSG-26355]
Action.c(63): Downloading resource "http://fonts.gstatic.com/s/opensans/v40/memvYaGs126MiZpBA-UvWbX2vVnXBbObj2OVTSCmu1aB.woff2" (specified by argument number 9)  	[MsgId: MMSG-26576]
Action.c(63): Downloading resource "https://cdn.jsdelivr.net/npm/bootstrap-icons@1.7.2/font/bootstrap-icons.css" (specified by argument number 12)  	[MsgId: MMSG-26576]
Action.c(63): Warning -27792: Failed to connect to server "fonts.gstatic.com:80": [10060] Connection timed out  	[MsgId: MWAR-27792]
Action.c(63): Error -27644: Step download timeout (120 seconds) has expired when only cross-step downloads (0) were active  	[MsgId: MERR-27644]
End auto log messages stack.

