Start auto log messages stack - Iteration 5.
Starting action Action.
Action.c(4): web_url("css") started  	[MsgId: MMSG-26355]
Action.c(4): web_url("css") was successful, 1819 body bytes, 670 header bytes, 17 chunking overhead bytes  	[MsgId: MMSG-26385]
Action.c(12): web_set_sockets_option started  	[MsgId: MMSG-26355]
Action.c(12): web_set_sockets_option was successful  	[MsgId: MMSG-26392]
Action.c(14): web_url("v3") started  	[MsgId: MMSG-26355]
Action.c(14): ssl_handle_status encounter error : SSL_ERROR_SYSCALL, error id : 0  	[MsgId: MMSG-26000]
Action.c(14): Error -27776: [GENERAL_MSG_CAT_SSL_ERROR]connect to host "edge.microsoft.com" failed: [10054] Connection reset by peer
This is probably because the SSL protocol version is not supported. Try switching the TLS/SSL version using "web_set_sockets_option" API.  	[MsgId: MERR-27776]
End auto log messages stack.

Start auto log messages stack - Iteration 6.
Action.c(279): web_custom_request("cloud_config_observers.json") was successful, 43546 body bytes, 2150 header bytes  	[MsgId: MMSG-26386]
Action.c(293): web_url("-6030100249971701251") started  	[MsgId: MMSG-26355]
Action.c(293): web_url("-6030100249971701251") was successful, 20 body bytes, 284 header bytes  	[MsgId: MMSG-26386]
Action.c(302): web_custom_request("update_2") started  	[MsgId: MMSG-26355]
Action.c(302): web_custom_request("update_2") was successful, 178 body bytes, 486 header bytes  	[MsgId: MMSG-26386]
Action.c(317): web_url("3517029987587817622") started  	[MsgId: MMSG-26355]
Action.c(317): Downloading resource "https://kit.fontawesome.com/f5cbf3afb2.js" (specified by argument number 9)  	[MsgId: MMSG-26576]
Action.c(317): Error -27720: Step download timeout (120 seconds) has expired when downloading resource "https://kit.fontawesome.com/f5cbf3afb2.js". Set the "Step Timeout caused by resources is a warning" Runtime Setting to Yes/No to have this message as a warning/error, respectively  	[MsgId: MERR-27720]
End auto log messages stack.

Start auto log messages stack - Iteration 8.
Action.c(238): web_custom_request("update") was successful, 1642 body bytes, 931 header bytes  	[MsgId: MMSG-26386]
Action.c(279): web_custom_request("cloud_config_observers.json") started  	[MsgId: MMSG-26355]
Action.c(279): Downloading resource "https://cdnjs.cloudflare.com/ajax/libs/font-awesome/5.15.3/css/all.min.css" (specified by argument number 10)  	[MsgId: MMSG-26576]
Action.c(279): Downloading resource "https://code.jquery.com/jquery-3.5.1.min.js" (specified by argument number 13)  	[MsgId: MMSG-26576]
Action.c(279): web_custom_request("cloud_config_observers.json") was successful, 43546 body bytes, 2146 header bytes  	[MsgId: MMSG-26386]
Action.c(293): web_url("-6030100249971701251") started  	[MsgId: MMSG-26355]
Action.c(293): Error -27760: Request "https://edge.microsoft.com/autofillservice/core/page/3693946771987704403/-6030100249971701251" failed  	[MsgId: MERR-27760]
End auto log messages stack.

