Start auto log messages stack - Iteration 13.
Action.c(195): web_add_cookie was successful  	[MsgId: MMSG-26392]
Action.c(197): web_add_cookie started  	[MsgId: MMSG-26355]
Action.c(197): web_add_cookie was successful  	[MsgId: MMSG-26392]
Action.c(199): web_add_cookie started  	[MsgId: MMSG-26355]
Action.c(199): web_add_cookie was successful  	[MsgId: MMSG-26392]
Action.c(201): web_add_cookie started  	[MsgId: MMSG-26355]
Action.c(201): web_add_cookie was successful  	[MsgId: MMSG-26392]
Action.c(203): web_add_cookie started  	[MsgId: MMSG-26355]
Action.c(203): web_add_cookie was successful  	[MsgId: MMSG-26392]
Action.c(205): web_url("config.json") started  	[MsgId: MMSG-26355]
Action.c(205): Error -27760: Request "https://edge-consumer-static.azureedge.net/mouse-gesture/config.json" failed  	[MsgId: MERR-27760]
End auto log messages stack.

Start auto log messages stack - Iteration 22.
Action.c(216): Downloading resource "https://file.hstatic.net/200000020602/file/top-nhung-loai-hoa-dep-nhat__6__aba5ffa9c7324c1da0440565d915bb1d_grande.png" (specified by argument number 15)  	[MsgId: MMSG-26576]
Action.c(216): web_url("-341398893248106636%7C-2257558592581803439%7C1720537294320060623") was successful, 624288 body bytes, 3420 header bytes  	[MsgId: MMSG-26386]
Action.c(229): web_url("-6030100249971701251%7C-7627269350225664860") started  	[MsgId: MMSG-26355]
Action.c(229): web_url("-6030100249971701251%7C-7627269350225664860") was successful, 20 body bytes, 284 header bytes  	[MsgId: MMSG-26386]
Action.c(238): web_custom_request("update") started  	[MsgId: MMSG-26355]
Action.c(238): Error -26609: HTTP Status-Code=502 (Bad Gateway) for "https://edge.microsoft.com/componentupdater/api/v1/update?cup2key=7:s84jWFQEE9fPWZ1DwDIZvFDVQnml7dSKnMw_49UuVOU&cup2hreq=8848d591e2f2131cd94d88ea29ea914b156b027a0b8c0a661bcb6cec4a37b08d"  	[MsgId: MERR-26609]
End auto log messages stack.

